2016/09/02 15:48:31 [/admin/products/product.php] access : user=admin auth=0 sid=nrb9lajataksv1f3b7284jo8p6 from ::1
login_id = admin(0)[nrb9lajataksv1f3b7284jo8p6]
E:\ECCube\eccube-2.13.5\html\admin\products\product.php(24): require_once
E:\ECCube\eccube-2.13.5\html\admin\require.php(32): require_once
E:\ECCube\eccube-2.13.5\data\require_base.php(51): SC_Helper_Session::adminAuthorization
E:\ECCube\eccube-2.13.5\data\class\helper\SC_Helper_Session.php(252): SC_Session->__construct
E:\ECCube\eccube-2.13.5\data\class\SC_Session.php(61): GC_Utils::gfPrintLog
2016/09/02 15:48:45 [/admin/products/index.php] access : user=admin auth=0 sid=nrb9lajataksv1f3b7284jo8p6 from ::1
login_id = admin(0)[nrb9lajataksv1f3b7284jo8p6]
E:\ECCube\eccube-2.13.5\html\admin\products\index.php(24): require_once
E:\ECCube\eccube-2.13.5\html\admin\require.php(32): require_once
E:\ECCube\eccube-2.13.5\data\require_base.php(51): SC_Helper_Session::adminAuthorization
E:\ECCube\eccube-2.13.5\data\class\helper\SC_Helper_Session.php(252): SC_Session->__construct
E:\ECCube\eccube-2.13.5\data\class\SC_Session.php(61): GC_Utils::gfPrintLog
2016/09/02 15:49:40 [/admin/products/product.php] access : user=admin auth=0 sid=nrb9lajataksv1f3b7284jo8p6 from ::1
login_id = admin(0)[nrb9lajataksv1f3b7284jo8p6]
E:\ECCube\eccube-2.13.5\html\admin\products\product.php(24): require_once
E:\ECCube\eccube-2.13.5\html\admin\require.php(32): require_once
E:\ECCube\eccube-2.13.5\data\require_base.php(51): SC_Helper_Session::adminAuthorization
E:\ECCube\eccube-2.13.5\data\class\helper\SC_Helper_Session.php(252): SC_Session->__construct
E:\ECCube\eccube-2.13.5\data\class\SC_Session.php(61): GC_Utils::gfPrintLog
2016/09/02 15:49:46 [/admin/products/product.php] access : user=admin auth=0 sid=nrb9lajataksv1f3b7284jo8p6 from ::1
login_id = admin(0)[nrb9lajataksv1f3b7284jo8p6]
E:\ECCube\eccube-2.13.5\html\admin\products\product.php(24): require_once
E:\ECCube\eccube-2.13.5\html\admin\require.php(32): require_once
E:\ECCube\eccube-2.13.5\data\require_base.php(51): SC_Helper_Session::adminAuthorization
E:\ECCube\eccube-2.13.5\data\class\helper\SC_Helper_Session.php(252): SC_Session->__construct
E:\ECCube\eccube-2.13.5\data\class\SC_Session.php(61): GC_Utils::gfPrintLog
2016/09/02 15:49:51 [/admin/products/product.php] access : user=admin auth=0 sid=nrb9lajataksv1f3b7284jo8p6 from ::1
login_id = admin(0)[nrb9lajataksv1f3b7284jo8p6]
E:\ECCube\eccube-2.13.5\html\admin\products\product.php(24): require_once
E:\ECCube\eccube-2.13.5\html\admin\require.php(32): require_once
E:\ECCube\eccube-2.13.5\data\require_base.php(51): SC_Helper_Session::adminAuthorization
E:\ECCube\eccube-2.13.5\data\class\helper\SC_Helper_Session.php(252): SC_Session->__construct
E:\ECCube\eccube-2.13.5\data\class\SC_Session.php(61): GC_Utils::gfPrintLog
2016/09/02 15:49:54 [/admin/products/product_class.php] access : user=admin auth=0 sid=nrb9lajataksv1f3b7284jo8p6 from ::1
login_id = admin(0)[nrb9lajataksv1f3b7284jo8p6]
E:\ECCube\eccube-2.13.5\html\admin\products\product_class.php(24): require_once
E:\ECCube\eccube-2.13.5\html\admin\require.php(32): require_once
E:\ECCube\eccube-2.13.5\data\require_base.php(51): SC_Helper_Session::adminAuthorization
E:\ECCube\eccube-2.13.5\data\class\helper\SC_Helper_Session.php(252): SC_Session->__construct
E:\ECCube\eccube-2.13.5\data\class\SC_Session.php(61): GC_Utils::gfPrintLog
2016/09/02 15:51:59 [/admin/products/index.php] access : user=admin auth=0 sid=nrb9lajataksv1f3b7284jo8p6 from ::1
login_id = admin(0)[nrb9lajataksv1f3b7284jo8p6]
E:\ECCube\eccube-2.13.5\html\admin\products\index.php(24): require_once
E:\ECCube\eccube-2.13.5\html\admin\require.php(32): require_once
E:\ECCube\eccube-2.13.5\data\require_base.php(51): SC_Helper_Session::adminAuthorization
E:\ECCube\eccube-2.13.5\data\class\helper\SC_Helper_Session.php(252): SC_Session->__construct
E:\ECCube\eccube-2.13.5\data\class\SC_Session.php(61): GC_Utils::gfPrintLog
2016/09/02 15:52:22 [/admin/products/index.php] access : user=admin auth=0 sid=nrb9lajataksv1f3b7284jo8p6 from ::1
login_id = admin(0)[nrb9lajataksv1f3b7284jo8p6]
E:\ECCube\eccube-2.13.5\html\admin\products\index.php(24): require_once
E:\ECCube\eccube-2.13.5\html\admin\require.php(32): require_once
E:\ECCube\eccube-2.13.5\data\require_base.php(51): SC_Helper_Session::adminAuthorization
E:\ECCube\eccube-2.13.5\data\class\helper\SC_Helper_Session.php(252): SC_Session->__construct
E:\ECCube\eccube-2.13.5\data\class\SC_Session.php(61): GC_Utils::gfPrintLog
2016/09/02 15:52:26 [/admin/products/product.php] access : user=admin auth=0 sid=nrb9lajataksv1f3b7284jo8p6 from ::1
login_id = admin(0)[nrb9lajataksv1f3b7284jo8p6]
E:\ECCube\eccube-2.13.5\html\admin\products\product.php(24): require_once
E:\ECCube\eccube-2.13.5\html\admin\require.php(32): require_once
E:\ECCube\eccube-2.13.5\data\require_base.php(51): SC_Helper_Session::adminAuthorization
E:\ECCube\eccube-2.13.5\data\class\helper\SC_Helper_Session.php(252): SC_Session->__construct
E:\ECCube\eccube-2.13.5\data\class\SC_Session.php(61): GC_Utils::gfPrintLog
2016/09/02 15:56:30 [/admin/products/product.php] access : user=admin auth=0 sid=nrb9lajataksv1f3b7284jo8p6 from ::1
login_id = admin(0)[nrb9lajataksv1f3b7284jo8p6]
E:\ECCube\eccube-2.13.5\html\admin\products\product.php(24): require_once
E:\ECCube\eccube-2.13.5\html\admin\require.php(32): require_once
E:\ECCube\eccube-2.13.5\data\require_base.php(51): SC_Helper_Session::adminAuthorization
E:\ECCube\eccube-2.13.5\data\class\helper\SC_Helper_Session.php(252): SC_Session->__construct
E:\ECCube\eccube-2.13.5\data\class\SC_Session.php(61): GC_Utils::gfPrintLog
2016/09/02 15:56:36 [/admin/products/product.php] access : user=admin auth=0 sid=nrb9lajataksv1f3b7284jo8p6 from ::1
login_id = admin(0)[nrb9lajataksv1f3b7284jo8p6]
E:\ECCube\eccube-2.13.5\html\admin\products\product.php(24): require_once
E:\ECCube\eccube-2.13.5\html\admin\require.php(32): require_once
E:\ECCube\eccube-2.13.5\data\require_base.php(51): SC_Helper_Session::adminAuthorization
E:\ECCube\eccube-2.13.5\data\class\helper\SC_Helper_Session.php(252): SC_Session->__construct
E:\ECCube\eccube-2.13.5\data\class\SC_Session.php(61): GC_Utils::gfPrintLog
2016/09/02 15:56:41 [/admin/products/product.php] access : user=admin auth=0 sid=nrb9lajataksv1f3b7284jo8p6 from ::1
login_id = admin(0)[nrb9lajataksv1f3b7284jo8p6]
E:\ECCube\eccube-2.13.5\html\admin\products\product.php(24): require_once
E:\ECCube\eccube-2.13.5\html\admin\require.php(32): require_once
E:\ECCube\eccube-2.13.5\data\require_base.php(51): SC_Helper_Session::adminAuthorization
E:\ECCube\eccube-2.13.5\data\class\helper\SC_Helper_Session.php(252): SC_Session->__construct
E:\ECCube\eccube-2.13.5\data\class\SC_Session.php(61): GC_Utils::gfPrintLog
2016/09/02 15:56:45 [/admin/products/product.php] access : user=admin auth=0 sid=nrb9lajataksv1f3b7284jo8p6 from ::1
login_id = admin(0)[nrb9lajataksv1f3b7284jo8p6]
E:\ECCube\eccube-2.13.5\html\admin\products\product.php(24): require_once
E:\ECCube\eccube-2.13.5\html\admin\require.php(32): require_once
E:\ECCube\eccube-2.13.5\data\require_base.php(51): SC_Helper_Session::adminAuthorization
E:\ECCube\eccube-2.13.5\data\class\helper\SC_Helper_Session.php(252): SC_Session->__construct
E:\ECCube\eccube-2.13.5\data\class\SC_Session.php(61): GC_Utils::gfPrintLog
2016/09/02 15:56:51 [/admin/products/product.php] access : user=admin auth=0 sid=nrb9lajataksv1f3b7284jo8p6 from ::1
login_id = admin(0)[nrb9lajataksv1f3b7284jo8p6]
E:\ECCube\eccube-2.13.5\html\admin\products\product.php(24): require_once
E:\ECCube\eccube-2.13.5\html\admin\require.php(32): require_once
E:\ECCube\eccube-2.13.5\data\require_base.php(51): SC_Helper_Session::adminAuthorization
E:\ECCube\eccube-2.13.5\data\class\helper\SC_Helper_Session.php(252): SC_Session->__construct
E:\ECCube\eccube-2.13.5\data\class\SC_Session.php(61): GC_Utils::gfPrintLog
2016/09/02 15:56:56 [/admin/products/product_class.php] access : user=admin auth=0 sid=nrb9lajataksv1f3b7284jo8p6 from ::1
login_id = admin(0)[nrb9lajataksv1f3b7284jo8p6]
E:\ECCube\eccube-2.13.5\html\admin\products\product_class.php(24): require_once
E:\ECCube\eccube-2.13.5\html\admin\require.php(32): require_once
E:\ECCube\eccube-2.13.5\data\require_base.php(51): SC_Helper_Session::adminAuthorization
E:\ECCube\eccube-2.13.5\data\class\helper\SC_Helper_Session.php(252): SC_Session->__construct
E:\ECCube\eccube-2.13.5\data\class\SC_Session.php(61): GC_Utils::gfPrintLog
2016/09/02 15:57:03 [/admin/products/product_class.php] access : user=admin auth=0 sid=nrb9lajataksv1f3b7284jo8p6 from ::1
login_id = admin(0)[nrb9lajataksv1f3b7284jo8p6]
E:\ECCube\eccube-2.13.5\html\admin\products\product_class.php(24): require_once
E:\ECCube\eccube-2.13.5\html\admin\require.php(32): require_once
E:\ECCube\eccube-2.13.5\data\require_base.php(51): SC_Helper_Session::adminAuthorization
E:\ECCube\eccube-2.13.5\data\class\helper\SC_Helper_Session.php(252): SC_Session->__construct
E:\ECCube\eccube-2.13.5\data\class\SC_Session.php(61): GC_Utils::gfPrintLog
2016/09/02 15:58:53 [/admin/products/product_class.php] access : user=admin auth=0 sid=nrb9lajataksv1f3b7284jo8p6 from ::1
login_id = admin(0)[nrb9lajataksv1f3b7284jo8p6]
E:\ECCube\eccube-2.13.5\html\admin\products\product_class.php(24): require_once
E:\ECCube\eccube-2.13.5\html\admin\require.php(32): require_once
E:\ECCube\eccube-2.13.5\data\require_base.php(51): SC_Helper_Session::adminAuthorization
E:\ECCube\eccube-2.13.5\data\class\helper\SC_Helper_Session.php(252): SC_Session->__construct
E:\ECCube\eccube-2.13.5\data\class\SC_Session.php(61): GC_Utils::gfPrintLog
2016/09/02 15:59:16 [/admin/products/product_class.php] access : user=admin auth=0 sid=nrb9lajataksv1f3b7284jo8p6 from ::1
login_id = admin(0)[nrb9lajataksv1f3b7284jo8p6]
E:\ECCube\eccube-2.13.5\html\admin\products\product_class.php(24): require_once
E:\ECCube\eccube-2.13.5\html\admin\require.php(32): require_once
E:\ECCube\eccube-2.13.5\data\require_base.php(51): SC_Helper_Session::adminAuthorization
E:\ECCube\eccube-2.13.5\data\class\helper\SC_Helper_Session.php(252): SC_Session->__construct
E:\ECCube\eccube-2.13.5\data\class\SC_Session.php(61): GC_Utils::gfPrintLog
2016/09/02 15:59:22 [/admin/products/product_class.php] access : user=admin auth=0 sid=nrb9lajataksv1f3b7284jo8p6 from ::1
login_id = admin(0)[nrb9lajataksv1f3b7284jo8p6]
E:\ECCube\eccube-2.13.5\html\admin\products\product_class.php(24): require_once
E:\ECCube\eccube-2.13.5\html\admin\require.php(32): require_once
E:\ECCube\eccube-2.13.5\data\require_base.php(51): SC_Helper_Session::adminAuthorization
E:\ECCube\eccube-2.13.5\data\class\helper\SC_Helper_Session.php(252): SC_Session->__construct
E:\ECCube\eccube-2.13.5\data\class\SC_Session.php(61): GC_Utils::gfPrintLog
2016/09/02 16:00:30 [/admin/products/product_class.php] access : user=admin auth=0 sid=nrb9lajataksv1f3b7284jo8p6 from ::1
login_id = admin(0)[nrb9lajataksv1f3b7284jo8p6]
E:\ECCube\eccube-2.13.5\html\admin\products\product_class.php(24): require_once
E:\ECCube\eccube-2.13.5\html\admin\require.php(32): require_once
E:\ECCube\eccube-2.13.5\data\require_base.php(51): SC_Helper_Session::adminAuthorization
E:\ECCube\eccube-2.13.5\data\class\helper\SC_Helper_Session.php(252): SC_Session->__construct
E:\ECCube\eccube-2.13.5\data\class\SC_Session.php(61): GC_Utils::gfPrintLog
2016/09/02 16:00:59 [/admin/products/index.php] access : user=admin auth=0 sid=nrb9lajataksv1f3b7284jo8p6 from ::1
login_id = admin(0)[nrb9lajataksv1f3b7284jo8p6]
E:\ECCube\eccube-2.13.5\html\admin\products\index.php(24): require_once
E:\ECCube\eccube-2.13.5\html\admin\require.php(32): require_once
E:\ECCube\eccube-2.13.5\data\require_base.php(51): SC_Helper_Session::adminAuthorization
E:\ECCube\eccube-2.13.5\data\class\helper\SC_Helper_Session.php(252): SC_Session->__construct
E:\ECCube\eccube-2.13.5\data\class\SC_Session.php(61): GC_Utils::gfPrintLog
2016/09/02 16:07:01 [/admin/products/product_class.php] access : user=admin auth=0 sid=nrb9lajataksv1f3b7284jo8p6 from ::1
login_id = admin(0)[nrb9lajataksv1f3b7284jo8p6]
E:\ECCube\eccube-2.13.5\html\admin\products\product_class.php(24): require_once
E:\ECCube\eccube-2.13.5\html\admin\require.php(32): require_once
E:\ECCube\eccube-2.13.5\data\require_base.php(51): SC_Helper_Session::adminAuthorization
E:\ECCube\eccube-2.13.5\data\class\helper\SC_Helper_Session.php(252): SC_Session->__construct
E:\ECCube\eccube-2.13.5\data\class\SC_Session.php(61): GC_Utils::gfPrintLog
2016/09/02 16:07:07 [/admin/products/product_class.php] access : user=admin auth=0 sid=nrb9lajataksv1f3b7284jo8p6 from ::1
login_id = admin(0)[nrb9lajataksv1f3b7284jo8p6]
E:\ECCube\eccube-2.13.5\html\admin\products\product_class.php(24): require_once
E:\ECCube\eccube-2.13.5\html\admin\require.php(32): require_once
E:\ECCube\eccube-2.13.5\data\require_base.php(51): SC_Helper_Session::adminAuthorization
E:\ECCube\eccube-2.13.5\data\class\helper\SC_Helper_Session.php(252): SC_Session->__construct
E:\ECCube\eccube-2.13.5\data\class\SC_Session.php(61): GC_Utils::gfPrintLog
2016/09/02 16:07:16 [/admin/products/product_class.php] access : user=admin auth=0 sid=nrb9lajataksv1f3b7284jo8p6 from ::1
login_id = admin(0)[nrb9lajataksv1f3b7284jo8p6]
E:\ECCube\eccube-2.13.5\html\admin\products\product_class.php(24): require_once
E:\ECCube\eccube-2.13.5\html\admin\require.php(32): require_once
E:\ECCube\eccube-2.13.5\data\require_base.php(51): SC_Helper_Session::adminAuthorization
E:\ECCube\eccube-2.13.5\data\class\helper\SC_Helper_Session.php(252): SC_Session->__construct
E:\ECCube\eccube-2.13.5\data\class\SC_Session.php(61): GC_Utils::gfPrintLog
2016/09/02 16:08:02 [/admin/products/product_class.php] access : user=admin auth=0 sid=nrb9lajataksv1f3b7284jo8p6 from ::1
login_id = admin(0)[nrb9lajataksv1f3b7284jo8p6]
E:\ECCube\eccube-2.13.5\html\admin\products\product_class.php(24): require_once
E:\ECCube\eccube-2.13.5\html\admin\require.php(32): require_once
E:\ECCube\eccube-2.13.5\data\require_base.php(51): SC_Helper_Session::adminAuthorization
E:\ECCube\eccube-2.13.5\data\class\helper\SC_Helper_Session.php(252): SC_Session->__construct
E:\ECCube\eccube-2.13.5\data\class\SC_Session.php(61): GC_Utils::gfPrintLog
2016/09/02 16:09:17 [/admin/products/product_class.php] access : user=admin auth=0 sid=nrb9lajataksv1f3b7284jo8p6 from ::1
login_id = admin(0)[nrb9lajataksv1f3b7284jo8p6]
E:\ECCube\eccube-2.13.5\html\admin\products\product_class.php(24): require_once
E:\ECCube\eccube-2.13.5\html\admin\require.php(32): require_once
E:\ECCube\eccube-2.13.5\data\require_base.php(51): SC_Helper_Session::adminAuthorization
E:\ECCube\eccube-2.13.5\data\class\helper\SC_Helper_Session.php(252): SC_Session->__construct
E:\ECCube\eccube-2.13.5\data\class\SC_Session.php(61): GC_Utils::gfPrintLog
2016/09/02 16:09:54 [/admin/products/product_class.php] access : user=admin auth=0 sid=nrb9lajataksv1f3b7284jo8p6 from ::1
login_id = admin(0)[nrb9lajataksv1f3b7284jo8p6]
E:\ECCube\eccube-2.13.5\html\admin\products\product_class.php(24): require_once
E:\ECCube\eccube-2.13.5\html\admin\require.php(32): require_once
E:\ECCube\eccube-2.13.5\data\require_base.php(51): SC_Helper_Session::adminAuthorization
E:\ECCube\eccube-2.13.5\data\class\helper\SC_Helper_Session.php(252): SC_Session->__construct
E:\ECCube\eccube-2.13.5\data\class\SC_Session.php(61): GC_Utils::gfPrintLog
2016/09/02 16:10:14 [/admin/products/product_class.php] access : user=admin auth=0 sid=nrb9lajataksv1f3b7284jo8p6 from ::1
login_id = admin(0)[nrb9lajataksv1f3b7284jo8p6]
E:\ECCube\eccube-2.13.5\html\admin\products\product_class.php(24): require_once
E:\ECCube\eccube-2.13.5\html\admin\require.php(32): require_once
E:\ECCube\eccube-2.13.5\data\require_base.php(51): SC_Helper_Session::adminAuthorization
E:\ECCube\eccube-2.13.5\data\class\helper\SC_Helper_Session.php(252): SC_Session->__construct
E:\ECCube\eccube-2.13.5\data\class\SC_Session.php(61): GC_Utils::gfPrintLog
2016/09/02 16:11:35 [/admin/products/product_class.php] access : user=admin auth=0 sid=nrb9lajataksv1f3b7284jo8p6 from ::1
login_id = admin(0)[nrb9lajataksv1f3b7284jo8p6]
E:\ECCube\eccube-2.13.5\html\admin\products\product_class.php(24): require_once
E:\ECCube\eccube-2.13.5\html\admin\require.php(32): require_once
E:\ECCube\eccube-2.13.5\data\require_base.php(51): SC_Helper_Session::adminAuthorization
E:\ECCube\eccube-2.13.5\data\class\helper\SC_Helper_Session.php(252): SC_Session->__construct
E:\ECCube\eccube-2.13.5\data\class\SC_Session.php(61): GC_Utils::gfPrintLog
2016/09/02 16:11:44 [/admin/products/product_class.php] access : user=admin auth=0 sid=nrb9lajataksv1f3b7284jo8p6 from ::1
login_id = admin(0)[nrb9lajataksv1f3b7284jo8p6]
E:\ECCube\eccube-2.13.5\html\admin\products\product_class.php(24): require_once
E:\ECCube\eccube-2.13.5\html\admin\require.php(32): require_once
E:\ECCube\eccube-2.13.5\data\require_base.php(51): SC_Helper_Session::adminAuthorization
E:\ECCube\eccube-2.13.5\data\class\helper\SC_Helper_Session.php(252): SC_Session->__construct
E:\ECCube\eccube-2.13.5\data\class\SC_Session.php(61): GC_Utils::gfPrintLog
2016/09/02 16:11:50 [/admin/products/product_class.php] access : user=admin auth=0 sid=nrb9lajataksv1f3b7284jo8p6 from ::1
login_id = admin(0)[nrb9lajataksv1f3b7284jo8p6]
E:\ECCube\eccube-2.13.5\html\admin\products\product_class.php(24): require_once
E:\ECCube\eccube-2.13.5\html\admin\require.php(32): require_once
E:\ECCube\eccube-2.13.5\data\require_base.php(51): SC_Helper_Session::adminAuthorization
E:\ECCube\eccube-2.13.5\data\class\helper\SC_Helper_Session.php(252): SC_Session->__construct
E:\ECCube\eccube-2.13.5\data\class\SC_Session.php(61): GC_Utils::gfPrintLog
2016/09/02 16:12:12 [/admin/products/product_class.php] access : user=admin auth=0 sid=nrb9lajataksv1f3b7284jo8p6 from ::1
login_id = admin(0)[nrb9lajataksv1f3b7284jo8p6]
E:\ECCube\eccube-2.13.5\html\admin\products\product_class.php(24): require_once
E:\ECCube\eccube-2.13.5\html\admin\require.php(32): require_once
E:\ECCube\eccube-2.13.5\data\require_base.php(51): SC_Helper_Session::adminAuthorization
E:\ECCube\eccube-2.13.5\data\class\helper\SC_Helper_Session.php(252): SC_Session->__construct
E:\ECCube\eccube-2.13.5\data\class\SC_Session.php(61): GC_Utils::gfPrintLog
2016/09/02 16:12:45 [/admin/products/product_class.php] access : user=admin auth=0 sid=nrb9lajataksv1f3b7284jo8p6 from ::1
login_id = admin(0)[nrb9lajataksv1f3b7284jo8p6]
E:\ECCube\eccube-2.13.5\html\admin\products\product_class.php(24): require_once
E:\ECCube\eccube-2.13.5\html\admin\require.php(32): require_once
E:\ECCube\eccube-2.13.5\data\require_base.php(51): SC_Helper_Session::adminAuthorization
E:\ECCube\eccube-2.13.5\data\class\helper\SC_Helper_Session.php(252): SC_Session->__construct
E:\ECCube\eccube-2.13.5\data\class\SC_Session.php(61): GC_Utils::gfPrintLog
2016/09/02 16:14:27 [/admin/products/product_class.php] access : user=admin auth=0 sid=nrb9lajataksv1f3b7284jo8p6 from ::1
login_id = admin(0)[nrb9lajataksv1f3b7284jo8p6]
E:\ECCube\eccube-2.13.5\html\admin\products\product_class.php(24): require_once
E:\ECCube\eccube-2.13.5\html\admin\require.php(32): require_once
E:\ECCube\eccube-2.13.5\data\require_base.php(51): SC_Helper_Session::adminAuthorization
E:\ECCube\eccube-2.13.5\data\class\helper\SC_Helper_Session.php(252): SC_Session->__construct
E:\ECCube\eccube-2.13.5\data\class\SC_Session.php(61): GC_Utils::gfPrintLog
2016/09/02 16:14:41 [/admin/products/product_class.php] access : user=admin auth=0 sid=nrb9lajataksv1f3b7284jo8p6 from ::1
login_id = admin(0)[nrb9lajataksv1f3b7284jo8p6]
E:\ECCube\eccube-2.13.5\html\admin\products\product_class.php(24): require_once
E:\ECCube\eccube-2.13.5\html\admin\require.php(32): require_once
E:\ECCube\eccube-2.13.5\data\require_base.php(51): SC_Helper_Session::adminAuthorization
E:\ECCube\eccube-2.13.5\data\class\helper\SC_Helper_Session.php(252): SC_Session->__construct
E:\ECCube\eccube-2.13.5\data\class\SC_Session.php(61): GC_Utils::gfPrintLog
2016/09/02 16:14:56 [/admin/products/product_class.php] access : user=admin auth=0 sid=nrb9lajataksv1f3b7284jo8p6 from ::1
login_id = admin(0)[nrb9lajataksv1f3b7284jo8p6]
E:\ECCube\eccube-2.13.5\html\admin\products\product_class.php(24): require_once
E:\ECCube\eccube-2.13.5\html\admin\require.php(32): require_once
E:\ECCube\eccube-2.13.5\data\require_base.php(51): SC_Helper_Session::adminAuthorization
E:\ECCube\eccube-2.13.5\data\class\helper\SC_Helper_Session.php(252): SC_Session->__construct
E:\ECCube\eccube-2.13.5\data\class\SC_Session.php(61): GC_Utils::gfPrintLog
2016/09/02 16:15:01 [/admin/products/product_class.php] access : user=admin auth=0 sid=nrb9lajataksv1f3b7284jo8p6 from ::1
login_id = admin(0)[nrb9lajataksv1f3b7284jo8p6]
E:\ECCube\eccube-2.13.5\html\admin\products\product_class.php(24): require_once
E:\ECCube\eccube-2.13.5\html\admin\require.php(32): require_once
E:\ECCube\eccube-2.13.5\data\require_base.php(51): SC_Helper_Session::adminAuthorization
E:\ECCube\eccube-2.13.5\data\class\helper\SC_Helper_Session.php(252): SC_Session->__construct
E:\ECCube\eccube-2.13.5\data\class\SC_Session.php(61): GC_Utils::gfPrintLog
2016/09/02 16:15:37 [/admin/products/product_class.php] access : user=admin auth=0 sid=nrb9lajataksv1f3b7284jo8p6 from ::1
login_id = admin(0)[nrb9lajataksv1f3b7284jo8p6]
E:\ECCube\eccube-2.13.5\html\admin\products\product_class.php(24): require_once
E:\ECCube\eccube-2.13.5\html\admin\require.php(32): require_once
E:\ECCube\eccube-2.13.5\data\require_base.php(51): SC_Helper_Session::adminAuthorization
E:\ECCube\eccube-2.13.5\data\class\helper\SC_Helper_Session.php(252): SC_Session->__construct
E:\ECCube\eccube-2.13.5\data\class\SC_Session.php(61): GC_Utils::gfPrintLog
2016/09/02 16:16:37 [/admin/products/product_class.php] access : user=admin auth=0 sid=nrb9lajataksv1f3b7284jo8p6 from ::1
login_id = admin(0)[nrb9lajataksv1f3b7284jo8p6]
E:\ECCube\eccube-2.13.5\html\admin\products\product_class.php(24): require_once
E:\ECCube\eccube-2.13.5\html\admin\require.php(32): require_once
E:\ECCube\eccube-2.13.5\data\require_base.php(51): SC_Helper_Session::adminAuthorization
E:\ECCube\eccube-2.13.5\data\class\helper\SC_Helper_Session.php(252): SC_Session->__construct
E:\ECCube\eccube-2.13.5\data\class\SC_Session.php(61): GC_Utils::gfPrintLog
2016/09/02 16:16:44 [/admin/products/product_class.php] access : user=admin auth=0 sid=nrb9lajataksv1f3b7284jo8p6 from ::1
login_id = admin(0)[nrb9lajataksv1f3b7284jo8p6]
E:\ECCube\eccube-2.13.5\html\admin\products\product_class.php(24): require_once
E:\ECCube\eccube-2.13.5\html\admin\require.php(32): require_once
E:\ECCube\eccube-2.13.5\data\require_base.php(51): SC_Helper_Session::adminAuthorization
E:\ECCube\eccube-2.13.5\data\class\helper\SC_Helper_Session.php(252): SC_Session->__construct
E:\ECCube\eccube-2.13.5\data\class\SC_Session.php(61): GC_Utils::gfPrintLog
2016/09/02 16:17:34 [/admin/products/product_class.php] access : user=admin auth=0 sid=nrb9lajataksv1f3b7284jo8p6 from ::1
login_id = admin(0)[nrb9lajataksv1f3b7284jo8p6]
E:\ECCube\eccube-2.13.5\html\admin\products\product_class.php(24): require_once
E:\ECCube\eccube-2.13.5\html\admin\require.php(32): require_once
E:\ECCube\eccube-2.13.5\data\require_base.php(51): SC_Helper_Session::adminAuthorization
E:\ECCube\eccube-2.13.5\data\class\helper\SC_Helper_Session.php(252): SC_Session->__construct
E:\ECCube\eccube-2.13.5\data\class\SC_Session.php(61): GC_Utils::gfPrintLog
2016/09/02 16:17:47 [/admin/products/product_class.php] access : user=admin auth=0 sid=nrb9lajataksv1f3b7284jo8p6 from ::1
login_id = admin(0)[nrb9lajataksv1f3b7284jo8p6]
E:\ECCube\eccube-2.13.5\html\admin\products\product_class.php(24): require_once
E:\ECCube\eccube-2.13.5\html\admin\require.php(32): require_once
E:\ECCube\eccube-2.13.5\data\require_base.php(51): SC_Helper_Session::adminAuthorization
E:\ECCube\eccube-2.13.5\data\class\helper\SC_Helper_Session.php(252): SC_Session->__construct
E:\ECCube\eccube-2.13.5\data\class\SC_Session.php(61): GC_Utils::gfPrintLog
2016/09/02 16:17:51 [/admin/products/product.php] access : user=admin auth=0 sid=nrb9lajataksv1f3b7284jo8p6 from ::1
login_id = admin(0)[nrb9lajataksv1f3b7284jo8p6]
E:\ECCube\eccube-2.13.5\html\admin\products\product.php(24): require_once
E:\ECCube\eccube-2.13.5\html\admin\require.php(32): require_once
E:\ECCube\eccube-2.13.5\data\require_base.php(51): SC_Helper_Session::adminAuthorization
E:\ECCube\eccube-2.13.5\data\class\helper\SC_Helper_Session.php(252): SC_Session->__construct
E:\ECCube\eccube-2.13.5\data\class\SC_Session.php(61): GC_Utils::gfPrintLog
2016/09/02 16:18:30 [/admin/products/product_class.php] access : user=admin auth=0 sid=nrb9lajataksv1f3b7284jo8p6 from ::1
login_id = admin(0)[nrb9lajataksv1f3b7284jo8p6]
E:\ECCube\eccube-2.13.5\html\admin\products\product_class.php(24): require_once
E:\ECCube\eccube-2.13.5\html\admin\require.php(32): require_once
E:\ECCube\eccube-2.13.5\data\require_base.php(51): SC_Helper_Session::adminAuthorization
E:\ECCube\eccube-2.13.5\data\class\helper\SC_Helper_Session.php(252): SC_Session->__construct
E:\ECCube\eccube-2.13.5\data\class\SC_Session.php(61): GC_Utils::gfPrintLog
2016/09/02 16:18:36 [/admin/products/product_class.php] access : user=admin auth=0 sid=nrb9lajataksv1f3b7284jo8p6 from ::1
login_id = admin(0)[nrb9lajataksv1f3b7284jo8p6]
E:\ECCube\eccube-2.13.5\html\admin\products\product_class.php(24): require_once
E:\ECCube\eccube-2.13.5\html\admin\require.php(32): require_once
E:\ECCube\eccube-2.13.5\data\require_base.php(51): SC_Helper_Session::adminAuthorization
E:\ECCube\eccube-2.13.5\data\class\helper\SC_Helper_Session.php(252): SC_Session->__construct
E:\ECCube\eccube-2.13.5\data\class\SC_Session.php(61): GC_Utils::gfPrintLog
2016/09/02 16:23:00 [/admin/products/product_class.php] access : user=admin auth=0 sid=nrb9lajataksv1f3b7284jo8p6 from ::1
login_id = admin(0)[nrb9lajataksv1f3b7284jo8p6]
E:\ECCube\eccube-2.13.5\html\admin\products\product_class.php(24): require_once
E:\ECCube\eccube-2.13.5\html\admin\require.php(32): require_once
E:\ECCube\eccube-2.13.5\data\require_base.php(51): SC_Helper_Session::adminAuthorization
E:\ECCube\eccube-2.13.5\data\class\helper\SC_Helper_Session.php(252): SC_Session->__construct
E:\ECCube\eccube-2.13.5\data\class\SC_Session.php(61): GC_Utils::gfPrintLog
2016/09/02 16:23:05 [/admin/products/product_class.php] access : user=admin auth=0 sid=nrb9lajataksv1f3b7284jo8p6 from ::1
login_id = admin(0)[nrb9lajataksv1f3b7284jo8p6]
E:\ECCube\eccube-2.13.5\html\admin\products\product_class.php(24): require_once
E:\ECCube\eccube-2.13.5\html\admin\require.php(32): require_once
E:\ECCube\eccube-2.13.5\data\require_base.php(51): SC_Helper_Session::adminAuthorization
E:\ECCube\eccube-2.13.5\data\class\helper\SC_Helper_Session.php(252): SC_Session->__construct
E:\ECCube\eccube-2.13.5\data\class\SC_Session.php(61): GC_Utils::gfPrintLog
2016/09/02 16:23:18 [/admin/products/product_class.php] access : user=admin auth=0 sid=nrb9lajataksv1f3b7284jo8p6 from ::1
login_id = admin(0)[nrb9lajataksv1f3b7284jo8p6]
E:\ECCube\eccube-2.13.5\html\admin\products\product_class.php(24): require_once
E:\ECCube\eccube-2.13.5\html\admin\require.php(32): require_once
E:\ECCube\eccube-2.13.5\data\require_base.php(51): SC_Helper_Session::adminAuthorization
E:\ECCube\eccube-2.13.5\data\class\helper\SC_Helper_Session.php(252): SC_Session->__construct
E:\ECCube\eccube-2.13.5\data\class\SC_Session.php(61): GC_Utils::gfPrintLog
2016/09/02 16:23:21 [/admin/products/product_class.php] access : user=admin auth=0 sid=nrb9lajataksv1f3b7284jo8p6 from ::1
login_id = admin(0)[nrb9lajataksv1f3b7284jo8p6]
E:\ECCube\eccube-2.13.5\html\admin\products\product_class.php(24): require_once
E:\ECCube\eccube-2.13.5\html\admin\require.php(32): require_once
E:\ECCube\eccube-2.13.5\data\require_base.php(51): SC_Helper_Session::adminAuthorization
E:\ECCube\eccube-2.13.5\data\class\helper\SC_Helper_Session.php(252): SC_Session->__construct
E:\ECCube\eccube-2.13.5\data\class\SC_Session.php(61): GC_Utils::gfPrintLog
2016/09/02 16:23:25 [/admin/products/product_class.php] access : user=admin auth=0 sid=nrb9lajataksv1f3b7284jo8p6 from ::1
login_id = admin(0)[nrb9lajataksv1f3b7284jo8p6]
E:\ECCube\eccube-2.13.5\html\admin\products\product_class.php(24): require_once
E:\ECCube\eccube-2.13.5\html\admin\require.php(32): require_once
E:\ECCube\eccube-2.13.5\data\require_base.php(51): SC_Helper_Session::adminAuthorization
E:\ECCube\eccube-2.13.5\data\class\helper\SC_Helper_Session.php(252): SC_Session->__construct
E:\ECCube\eccube-2.13.5\data\class\SC_Session.php(61): GC_Utils::gfPrintLog
2016/09/02 16:23:46 [/admin/products/product_class.php] access : user=admin auth=0 sid=nrb9lajataksv1f3b7284jo8p6 from ::1
login_id = admin(0)[nrb9lajataksv1f3b7284jo8p6]
E:\ECCube\eccube-2.13.5\html\admin\products\product_class.php(24): require_once
E:\ECCube\eccube-2.13.5\html\admin\require.php(32): require_once
E:\ECCube\eccube-2.13.5\data\require_base.php(51): SC_Helper_Session::adminAuthorization
E:\ECCube\eccube-2.13.5\data\class\helper\SC_Helper_Session.php(252): SC_Session->__construct
E:\ECCube\eccube-2.13.5\data\class\SC_Session.php(61): GC_Utils::gfPrintLog
2016/09/02 16:26:17 [/admin/products/product_class.php] access : user=admin auth=0 sid=nrb9lajataksv1f3b7284jo8p6 from ::1
login_id = admin(0)[nrb9lajataksv1f3b7284jo8p6]
E:\ECCube\eccube-2.13.5\html\admin\products\product_class.php(24): require_once
E:\ECCube\eccube-2.13.5\html\admin\require.php(32): require_once
E:\ECCube\eccube-2.13.5\data\require_base.php(51): SC_Helper_Session::adminAuthorization
E:\ECCube\eccube-2.13.5\data\class\helper\SC_Helper_Session.php(252): SC_Session->__construct
E:\ECCube\eccube-2.13.5\data\class\SC_Session.php(61): GC_Utils::gfPrintLog
2016/09/02 16:26:21 [/admin/products/product_class.php] access : user=admin auth=0 sid=nrb9lajataksv1f3b7284jo8p6 from ::1
login_id = admin(0)[nrb9lajataksv1f3b7284jo8p6]
E:\ECCube\eccube-2.13.5\html\admin\products\product_class.php(24): require_once
E:\ECCube\eccube-2.13.5\html\admin\require.php(32): require_once
E:\ECCube\eccube-2.13.5\data\require_base.php(51): SC_Helper_Session::adminAuthorization
E:\ECCube\eccube-2.13.5\data\class\helper\SC_Helper_Session.php(252): SC_Session->__construct
E:\ECCube\eccube-2.13.5\data\class\SC_Session.php(61): GC_Utils::gfPrintLog
2016/09/02 16:26:27 [/admin/products/product_class.php] access : user=admin auth=0 sid=nrb9lajataksv1f3b7284jo8p6 from ::1
login_id = admin(0)[nrb9lajataksv1f3b7284jo8p6]
E:\ECCube\eccube-2.13.5\html\admin\products\product_class.php(24): require_once
E:\ECCube\eccube-2.13.5\html\admin\require.php(32): require_once
E:\ECCube\eccube-2.13.5\data\require_base.php(51): SC_Helper_Session::adminAuthorization
E:\ECCube\eccube-2.13.5\data\class\helper\SC_Helper_Session.php(252): SC_Session->__construct
E:\ECCube\eccube-2.13.5\data\class\SC_Session.php(61): GC_Utils::gfPrintLog
2016/09/02 16:28:13 [/admin/products/product_class.php] access : user=admin auth=0 sid=nrb9lajataksv1f3b7284jo8p6 from ::1
login_id = admin(0)[nrb9lajataksv1f3b7284jo8p6]
E:\ECCube\eccube-2.13.5\html\admin\products\product_class.php(24): require_once
E:\ECCube\eccube-2.13.5\html\admin\require.php(32): require_once
E:\ECCube\eccube-2.13.5\data\require_base.php(51): SC_Helper_Session::adminAuthorization
E:\ECCube\eccube-2.13.5\data\class\helper\SC_Helper_Session.php(252): SC_Session->__construct
E:\ECCube\eccube-2.13.5\data\class\SC_Session.php(61): GC_Utils::gfPrintLog
2016/09/02 16:28:17 [/admin/products/product_class.php] access : user=admin auth=0 sid=nrb9lajataksv1f3b7284jo8p6 from ::1
login_id = admin(0)[nrb9lajataksv1f3b7284jo8p6]
E:\ECCube\eccube-2.13.5\html\admin\products\product_class.php(24): require_once
E:\ECCube\eccube-2.13.5\html\admin\require.php(32): require_once
E:\ECCube\eccube-2.13.5\data\require_base.php(51): SC_Helper_Session::adminAuthorization
E:\ECCube\eccube-2.13.5\data\class\helper\SC_Helper_Session.php(252): SC_Session->__construct
E:\ECCube\eccube-2.13.5\data\class\SC_Session.php(61): GC_Utils::gfPrintLog
2016/09/02 16:30:41 [/admin/products/product_class.php] access : user=admin auth=0 sid=nrb9lajataksv1f3b7284jo8p6 from ::1
login_id = admin(0)[nrb9lajataksv1f3b7284jo8p6]
E:\ECCube\eccube-2.13.5\html\admin\products\product_class.php(24): require_once
E:\ECCube\eccube-2.13.5\html\admin\require.php(32): require_once
E:\ECCube\eccube-2.13.5\data\require_base.php(51): SC_Helper_Session::adminAuthorization
E:\ECCube\eccube-2.13.5\data\class\helper\SC_Helper_Session.php(252): SC_Session->__construct
E:\ECCube\eccube-2.13.5\data\class\SC_Session.php(61): GC_Utils::gfPrintLog
2016/09/02 16:30:57 [/admin/products/product_class.php] access : user=admin auth=0 sid=nrb9lajataksv1f3b7284jo8p6 from ::1
login_id = admin(0)[nrb9lajataksv1f3b7284jo8p6]
E:\ECCube\eccube-2.13.5\html\admin\products\product_class.php(24): require_once
E:\ECCube\eccube-2.13.5\html\admin\require.php(32): require_once
E:\ECCube\eccube-2.13.5\data\require_base.php(51): SC_Helper_Session::adminAuthorization
E:\ECCube\eccube-2.13.5\data\class\helper\SC_Helper_Session.php(252): SC_Session->__construct
E:\ECCube\eccube-2.13.5\data\class\SC_Session.php(61): GC_Utils::gfPrintLog
2016/09/02 16:36:10 [/admin/products/product_class.php] access : user=admin auth=0 sid=nrb9lajataksv1f3b7284jo8p6 from ::1
login_id = admin(0)[nrb9lajataksv1f3b7284jo8p6]
E:\ECCube\eccube-2.13.5\html\admin\products\product_class.php(24): require_once
E:\ECCube\eccube-2.13.5\html\admin\require.php(32): require_once
E:\ECCube\eccube-2.13.5\data\require_base.php(51): SC_Helper_Session::adminAuthorization
E:\ECCube\eccube-2.13.5\data\class\helper\SC_Helper_Session.php(252): SC_Session->__construct
E:\ECCube\eccube-2.13.5\data\class\SC_Session.php(61): GC_Utils::gfPrintLog
2016/09/02 16:36:36 [/admin/products/product_class.php] access : user=admin auth=0 sid=nrb9lajataksv1f3b7284jo8p6 from ::1
login_id = admin(0)[nrb9lajataksv1f3b7284jo8p6]
E:\ECCube\eccube-2.13.5\html\admin\products\product_class.php(24): require_once
E:\ECCube\eccube-2.13.5\html\admin\require.php(32): require_once
E:\ECCube\eccube-2.13.5\data\require_base.php(51): SC_Helper_Session::adminAuthorization
E:\ECCube\eccube-2.13.5\data\class\helper\SC_Helper_Session.php(252): SC_Session->__construct
E:\ECCube\eccube-2.13.5\data\class\SC_Session.php(61): GC_Utils::gfPrintLog
2016/09/02 16:36:43 [/admin/products/product_class.php] access : user=admin auth=0 sid=nrb9lajataksv1f3b7284jo8p6 from ::1
login_id = admin(0)[nrb9lajataksv1f3b7284jo8p6]
E:\ECCube\eccube-2.13.5\html\admin\products\product_class.php(24): require_once
E:\ECCube\eccube-2.13.5\html\admin\require.php(32): require_once
E:\ECCube\eccube-2.13.5\data\require_base.php(51): SC_Helper_Session::adminAuthorization
E:\ECCube\eccube-2.13.5\data\class\helper\SC_Helper_Session.php(252): SC_Session->__construct
E:\ECCube\eccube-2.13.5\data\class\SC_Session.php(61): GC_Utils::gfPrintLog
2016/09/02 16:37:43 [/admin/contents/recommend.php] access : user=admin auth=0 sid=nrb9lajataksv1f3b7284jo8p6 from ::1
login_id = admin(0)[nrb9lajataksv1f3b7284jo8p6]
E:\ECCube\eccube-2.13.5\html\admin\contents\recommend.php(24): require_once
E:\ECCube\eccube-2.13.5\html\admin\require.php(32): require_once
E:\ECCube\eccube-2.13.5\data\require_base.php(51): SC_Helper_Session::adminAuthorization
E:\ECCube\eccube-2.13.5\data\class\helper\SC_Helper_Session.php(252): SC_Session->__construct
E:\ECCube\eccube-2.13.5\data\class\SC_Session.php(61): GC_Utils::gfPrintLog
2016/09/02 16:37:53 [/admin/contents/recommend_search.php] access : user=admin auth=0 sid=nrb9lajataksv1f3b7284jo8p6 from ::1
login_id = admin(0)[nrb9lajataksv1f3b7284jo8p6]
E:\ECCube\eccube-2.13.5\html\admin\contents\recommend_search.php(24): require_once
E:\ECCube\eccube-2.13.5\html\admin\require.php(32): require_once
E:\ECCube\eccube-2.13.5\data\require_base.php(51): SC_Helper_Session::adminAuthorization
E:\ECCube\eccube-2.13.5\data\class\helper\SC_Helper_Session.php(252): SC_Session->__construct
E:\ECCube\eccube-2.13.5\data\class\SC_Session.php(61): GC_Utils::gfPrintLog
2016/09/02 16:37:55 [/admin/contents/recommend_search.php] access : user=admin auth=0 sid=nrb9lajataksv1f3b7284jo8p6 from ::1
login_id = admin(0)[nrb9lajataksv1f3b7284jo8p6]
E:\ECCube\eccube-2.13.5\html\admin\contents\recommend_search.php(24): require_once
E:\ECCube\eccube-2.13.5\html\admin\require.php(32): require_once
E:\ECCube\eccube-2.13.5\data\require_base.php(51): SC_Helper_Session::adminAuthorization
E:\ECCube\eccube-2.13.5\data\class\helper\SC_Helper_Session.php(252): SC_Session->__construct
E:\ECCube\eccube-2.13.5\data\class\SC_Session.php(61): GC_Utils::gfPrintLog
2016/09/02 16:37:58 [/admin/contents/recommend.php] access : user=admin auth=0 sid=nrb9lajataksv1f3b7284jo8p6 from ::1
login_id = admin(0)[nrb9lajataksv1f3b7284jo8p6]
E:\ECCube\eccube-2.13.5\html\admin\contents\recommend.php(24): require_once
E:\ECCube\eccube-2.13.5\html\admin\require.php(32): require_once
E:\ECCube\eccube-2.13.5\data\require_base.php(51): SC_Helper_Session::adminAuthorization
E:\ECCube\eccube-2.13.5\data\class\helper\SC_Helper_Session.php(252): SC_Session->__construct
E:\ECCube\eccube-2.13.5\data\class\SC_Session.php(61): GC_Utils::gfPrintLog
2016/09/02 16:39:03 [/admin/contents/recommend.php] access : user=admin auth=0 sid=nrb9lajataksv1f3b7284jo8p6 from ::1
login_id = admin(0)[nrb9lajataksv1f3b7284jo8p6]
E:\ECCube\eccube-2.13.5\html\admin\contents\recommend.php(24): require_once
E:\ECCube\eccube-2.13.5\html\admin\require.php(32): require_once
E:\ECCube\eccube-2.13.5\data\require_base.php(51): SC_Helper_Session::adminAuthorization
E:\ECCube\eccube-2.13.5\data\class\helper\SC_Helper_Session.php(252): SC_Session->__construct
E:\ECCube\eccube-2.13.5\data\class\SC_Session.php(61): GC_Utils::gfPrintLog
2016/09/02 16:39:23 [/admin/contents/recommend_search.php] access : user=admin auth=0 sid=nrb9lajataksv1f3b7284jo8p6 from ::1
login_id = admin(0)[nrb9lajataksv1f3b7284jo8p6]
E:\ECCube\eccube-2.13.5\html\admin\contents\recommend_search.php(24): require_once
E:\ECCube\eccube-2.13.5\html\admin\require.php(32): require_once
E:\ECCube\eccube-2.13.5\data\require_base.php(51): SC_Helper_Session::adminAuthorization
E:\ECCube\eccube-2.13.5\data\class\helper\SC_Helper_Session.php(252): SC_Session->__construct
E:\ECCube\eccube-2.13.5\data\class\SC_Session.php(61): GC_Utils::gfPrintLog
2016/09/02 16:39:26 [/admin/contents/recommend_search.php] access : user=admin auth=0 sid=nrb9lajataksv1f3b7284jo8p6 from ::1
login_id = admin(0)[nrb9lajataksv1f3b7284jo8p6]
E:\ECCube\eccube-2.13.5\html\admin\contents\recommend_search.php(24): require_once
E:\ECCube\eccube-2.13.5\html\admin\require.php(32): require_once
E:\ECCube\eccube-2.13.5\data\require_base.php(51): SC_Helper_Session::adminAuthorization
E:\ECCube\eccube-2.13.5\data\class\helper\SC_Helper_Session.php(252): SC_Session->__construct
E:\ECCube\eccube-2.13.5\data\class\SC_Session.php(61): GC_Utils::gfPrintLog
2016/09/02 16:39:32 [/admin/contents/recommend.php] access : user=admin auth=0 sid=nrb9lajataksv1f3b7284jo8p6 from ::1
login_id = admin(0)[nrb9lajataksv1f3b7284jo8p6]
E:\ECCube\eccube-2.13.5\html\admin\contents\recommend.php(24): require_once
E:\ECCube\eccube-2.13.5\html\admin\require.php(32): require_once
E:\ECCube\eccube-2.13.5\data\require_base.php(51): SC_Helper_Session::adminAuthorization
E:\ECCube\eccube-2.13.5\data\class\helper\SC_Helper_Session.php(252): SC_Session->__construct
E:\ECCube\eccube-2.13.5\data\class\SC_Session.php(61): GC_Utils::gfPrintLog
2016/09/02 16:45:42 [/admin/index.php] access : user=admin auth=0 sid=60kvbhnj6lh5hqv1fbjrltu5a6 from ::1
login_id = admin(0)[60kvbhnj6lh5hqv1fbjrltu5a6]
E:\ECCube\eccube-2.13.5\html\admin\index.php(28): LC_Page_Admin_Index_Ex->process
E:\ECCube\eccube-2.13.5\data\class_extends\page_extends\admin\LC_Page_Admin_Index_Ex.php(54): LC_Page_Admin_Index->process
E:\ECCube\eccube-2.13.5\data\class\pages\admin\LC_Page_Admin_Index.php(54): LC_Page_Admin_Index->action
E:\ECCube\eccube-2.13.5\data\class\pages\admin\LC_Page_Admin_Index.php(75): LC_Page_Admin_Index->lfDoLogin
E:\ECCube\eccube-2.13.5\data\class\pages\admin\LC_Page_Admin_Index.php(171): LC_Page_Admin_Index->lfSetLoginSession
E:\ECCube\eccube-2.13.5\data\class\pages\admin\LC_Page_Admin_Index.php(191): SC_Session->__construct
E:\ECCube\eccube-2.13.5\data\class\SC_Session.php(61): GC_Utils::gfPrintLog
2016/09/02 16:45:42 [/admin/index.php] login: user=admin(2) auth=0 lastlogin=2016-09-02 10:18:50 sid=60kvbhnj6lh5hqv1fbjrltu5a6 from ::1
login_id = admin(0)[60kvbhnj6lh5hqv1fbjrltu5a6]
E:\ECCube\eccube-2.13.5\html\admin\index.php(28): LC_Page_Admin_Index_Ex->process
E:\ECCube\eccube-2.13.5\data\class_extends\page_extends\admin\LC_Page_Admin_Index_Ex.php(54): LC_Page_Admin_Index->process
E:\ECCube\eccube-2.13.5\data\class\pages\admin\LC_Page_Admin_Index.php(54): LC_Page_Admin_Index->action
E:\ECCube\eccube-2.13.5\data\class\pages\admin\LC_Page_Admin_Index.php(75): LC_Page_Admin_Index->lfDoLogin
E:\ECCube\eccube-2.13.5\data\class\pages\admin\LC_Page_Admin_Index.php(173): LC_Page_Admin_Index->lfSetLoginData
E:\ECCube\eccube-2.13.5\data\class\pages\admin\LC_Page_Admin_Index.php(223): GC_Utils::gfPrintLog
2016/09/02 16:45:43 [/admin/home.php] access : user=admin auth=0 sid=60kvbhnj6lh5hqv1fbjrltu5a6 from ::1
login_id = admin(0)[60kvbhnj6lh5hqv1fbjrltu5a6]
E:\ECCube\eccube-2.13.5\html\admin\home.php(23): require_once
E:\ECCube\eccube-2.13.5\html\admin\require.php(32): require_once
E:\ECCube\eccube-2.13.5\data\require_base.php(51): SC_Helper_Session::adminAuthorization
E:\ECCube\eccube-2.13.5\data\class\helper\SC_Helper_Session.php(252): SC_Session->__construct
E:\ECCube\eccube-2.13.5\data\class\SC_Session.php(61): GC_Utils::gfPrintLog
2016/09/02 16:45:49 [/admin/products/index.php] access : user=admin auth=0 sid=60kvbhnj6lh5hqv1fbjrltu5a6 from ::1
login_id = admin(0)[60kvbhnj6lh5hqv1fbjrltu5a6]
E:\ECCube\eccube-2.13.5\html\admin\products\index.php(24): require_once
E:\ECCube\eccube-2.13.5\html\admin\require.php(32): require_once
E:\ECCube\eccube-2.13.5\data\require_base.php(51): SC_Helper_Session::adminAuthorization
E:\ECCube\eccube-2.13.5\data\class\helper\SC_Helper_Session.php(252): SC_Session->__construct
E:\ECCube\eccube-2.13.5\data\class\SC_Session.php(61): GC_Utils::gfPrintLog
2016/09/02 16:45:52 [/admin/products/index.php] access : user=admin auth=0 sid=60kvbhnj6lh5hqv1fbjrltu5a6 from ::1
login_id = admin(0)[60kvbhnj6lh5hqv1fbjrltu5a6]
E:\ECCube\eccube-2.13.5\html\admin\products\index.php(24): require_once
E:\ECCube\eccube-2.13.5\html\admin\require.php(32): require_once
E:\ECCube\eccube-2.13.5\data\require_base.php(51): SC_Helper_Session::adminAuthorization
E:\ECCube\eccube-2.13.5\data\class\helper\SC_Helper_Session.php(252): SC_Session->__construct
E:\ECCube\eccube-2.13.5\data\class\SC_Session.php(61): GC_Utils::gfPrintLog
2016/09/02 16:45:57 [/admin/products/product.php] access : user=admin auth=0 sid=60kvbhnj6lh5hqv1fbjrltu5a6 from ::1
login_id = admin(0)[60kvbhnj6lh5hqv1fbjrltu5a6]
E:\ECCube\eccube-2.13.5\html\admin\products\product.php(24): require_once
E:\ECCube\eccube-2.13.5\html\admin\require.php(32): require_once
E:\ECCube\eccube-2.13.5\data\require_base.php(51): SC_Helper_Session::adminAuthorization
E:\ECCube\eccube-2.13.5\data\class\helper\SC_Helper_Session.php(252): SC_Session->__construct
E:\ECCube\eccube-2.13.5\data\class\SC_Session.php(61): GC_Utils::gfPrintLog
2016/09/02 16:46:06 [/admin/products/product_class.php] access : user=admin auth=0 sid=60kvbhnj6lh5hqv1fbjrltu5a6 from ::1
login_id = admin(0)[60kvbhnj6lh5hqv1fbjrltu5a6]
E:\ECCube\eccube-2.13.5\html\admin\products\product_class.php(24): require_once
E:\ECCube\eccube-2.13.5\html\admin\require.php(32): require_once
E:\ECCube\eccube-2.13.5\data\require_base.php(51): SC_Helper_Session::adminAuthorization
E:\ECCube\eccube-2.13.5\data\class\helper\SC_Helper_Session.php(252): SC_Session->__construct
E:\ECCube\eccube-2.13.5\data\class\SC_Session.php(61): GC_Utils::gfPrintLog
2016/09/02 17:13:59 [/admin/products/index.php] access : user=admin auth=0 sid=60kvbhnj6lh5hqv1fbjrltu5a6 from ::1
login_id = admin(0)[60kvbhnj6lh5hqv1fbjrltu5a6]
E:\ECCube\eccube-2.13.5\html\admin\products\index.php(24): require_once
E:\ECCube\eccube-2.13.5\html\admin\require.php(32): require_once
E:\ECCube\eccube-2.13.5\data\require_base.php(51): SC_Helper_Session::adminAuthorization
E:\ECCube\eccube-2.13.5\data\class\helper\SC_Helper_Session.php(252): SC_Session->__construct
E:\ECCube\eccube-2.13.5\data\class\SC_Session.php(61): GC_Utils::gfPrintLog
2016/09/02 17:14:01 [/admin/products/index.php] access : user=admin auth=0 sid=60kvbhnj6lh5hqv1fbjrltu5a6 from ::1
login_id = admin(0)[60kvbhnj6lh5hqv1fbjrltu5a6]
E:\ECCube\eccube-2.13.5\html\admin\products\index.php(24): require_once
E:\ECCube\eccube-2.13.5\html\admin\require.php(32): require_once
E:\ECCube\eccube-2.13.5\data\require_base.php(51): SC_Helper_Session::adminAuthorization
E:\ECCube\eccube-2.13.5\data\class\helper\SC_Helper_Session.php(252): SC_Session->__construct
E:\ECCube\eccube-2.13.5\data\class\SC_Session.php(61): GC_Utils::gfPrintLog
2016/09/02 17:14:07 [/admin/products/product_class.php] access : user=admin auth=0 sid=60kvbhnj6lh5hqv1fbjrltu5a6 from ::1
login_id = admin(0)[60kvbhnj6lh5hqv1fbjrltu5a6]
E:\ECCube\eccube-2.13.5\html\admin\products\product_class.php(24): require_once
E:\ECCube\eccube-2.13.5\html\admin\require.php(32): require_once
E:\ECCube\eccube-2.13.5\data\require_base.php(51): SC_Helper_Session::adminAuthorization
E:\ECCube\eccube-2.13.5\data\class\helper\SC_Helper_Session.php(252): SC_Session->__construct
E:\ECCube\eccube-2.13.5\data\class\SC_Session.php(61): GC_Utils::gfPrintLog
2016/09/02 17:24:24 [/admin/products/product_class.php] access : user=admin auth=0 sid=60kvbhnj6lh5hqv1fbjrltu5a6 from ::1
login_id = admin(0)[60kvbhnj6lh5hqv1fbjrltu5a6]
E:\ECCube\eccube-2.13.5\html\admin\products\product_class.php(24): require_once
E:\ECCube\eccube-2.13.5\html\admin\require.php(32): require_once
E:\ECCube\eccube-2.13.5\data\require_base.php(51): SC_Helper_Session::adminAuthorization
E:\ECCube\eccube-2.13.5\data\class\helper\SC_Helper_Session.php(252): SC_Session->__construct
E:\ECCube\eccube-2.13.5\data\class\SC_Session.php(61): GC_Utils::gfPrintLog
2016/09/02 17:24:27 [/admin/products/product_class.php] access : user=admin auth=0 sid=60kvbhnj6lh5hqv1fbjrltu5a6 from ::1
login_id = admin(0)[60kvbhnj6lh5hqv1fbjrltu5a6]
E:\ECCube\eccube-2.13.5\html\admin\products\product_class.php(24): require_once
E:\ECCube\eccube-2.13.5\html\admin\require.php(32): require_once
E:\ECCube\eccube-2.13.5\data\require_base.php(51): SC_Helper_Session::adminAuthorization
E:\ECCube\eccube-2.13.5\data\class\helper\SC_Helper_Session.php(252): SC_Session->__construct
E:\ECCube\eccube-2.13.5\data\class\SC_Session.php(61): GC_Utils::gfPrintLog
2016/09/02 17:24:30 [/admin/products/index.php] access : user=admin auth=0 sid=60kvbhnj6lh5hqv1fbjrltu5a6 from ::1
login_id = admin(0)[60kvbhnj6lh5hqv1fbjrltu5a6]
E:\ECCube\eccube-2.13.5\html\admin\products\index.php(24): require_once
E:\ECCube\eccube-2.13.5\html\admin\require.php(32): require_once
E:\ECCube\eccube-2.13.5\data\require_base.php(51): SC_Helper_Session::adminAuthorization
E:\ECCube\eccube-2.13.5\data\class\helper\SC_Helper_Session.php(252): SC_Session->__construct
E:\ECCube\eccube-2.13.5\data\class\SC_Session.php(61): GC_Utils::gfPrintLog
2016/09/02 17:24:38 [/admin/products/product_class.php] access : user=admin auth=0 sid=60kvbhnj6lh5hqv1fbjrltu5a6 from ::1
login_id = admin(0)[60kvbhnj6lh5hqv1fbjrltu5a6]
E:\ECCube\eccube-2.13.5\html\admin\products\product_class.php(24): require_once
E:\ECCube\eccube-2.13.5\html\admin\require.php(32): require_once
E:\ECCube\eccube-2.13.5\data\require_base.php(51): SC_Helper_Session::adminAuthorization
E:\ECCube\eccube-2.13.5\data\class\helper\SC_Helper_Session.php(252): SC_Session->__construct
E:\ECCube\eccube-2.13.5\data\class\SC_Session.php(61): GC_Utils::gfPrintLog
2016/09/02 17:24:49 [/admin/products/product_class.php] access : user=admin auth=0 sid=60kvbhnj6lh5hqv1fbjrltu5a6 from ::1
login_id = admin(0)[60kvbhnj6lh5hqv1fbjrltu5a6]
E:\ECCube\eccube-2.13.5\html\admin\products\product_class.php(24): require_once
E:\ECCube\eccube-2.13.5\html\admin\require.php(32): require_once
E:\ECCube\eccube-2.13.5\data\require_base.php(51): SC_Helper_Session::adminAuthorization
E:\ECCube\eccube-2.13.5\data\class\helper\SC_Helper_Session.php(252): SC_Session->__construct
E:\ECCube\eccube-2.13.5\data\class\SC_Session.php(61): GC_Utils::gfPrintLog
2016/09/02 17:24:53 [/admin/products/product_class.php] access : user=admin auth=0 sid=60kvbhnj6lh5hqv1fbjrltu5a6 from ::1
login_id = admin(0)[60kvbhnj6lh5hqv1fbjrltu5a6]
E:\ECCube\eccube-2.13.5\html\admin\products\product_class.php(24): require_once
E:\ECCube\eccube-2.13.5\html\admin\require.php(32): require_once
E:\ECCube\eccube-2.13.5\data\require_base.php(51): SC_Helper_Session::adminAuthorization
E:\ECCube\eccube-2.13.5\data\class\helper\SC_Helper_Session.php(252): SC_Session->__construct
E:\ECCube\eccube-2.13.5\data\class\SC_Session.php(61): GC_Utils::gfPrintLog
2016/09/02 17:24:56 [/admin/products/index.php] access : user=admin auth=0 sid=60kvbhnj6lh5hqv1fbjrltu5a6 from ::1
login_id = admin(0)[60kvbhnj6lh5hqv1fbjrltu5a6]
E:\ECCube\eccube-2.13.5\html\admin\products\index.php(24): require_once
E:\ECCube\eccube-2.13.5\html\admin\require.php(32): require_once
E:\ECCube\eccube-2.13.5\data\require_base.php(51): SC_Helper_Session::adminAuthorization
E:\ECCube\eccube-2.13.5\data\class\helper\SC_Helper_Session.php(252): SC_Session->__construct
E:\ECCube\eccube-2.13.5\data\class\SC_Session.php(61): GC_Utils::gfPrintLog
2016/09/02 17:25:09 [/admin/products/product.php] access : user=admin auth=0 sid=60kvbhnj6lh5hqv1fbjrltu5a6 from ::1
login_id = admin(0)[60kvbhnj6lh5hqv1fbjrltu5a6]
E:\ECCube\eccube-2.13.5\html\admin\products\product.php(24): require_once
E:\ECCube\eccube-2.13.5\html\admin\require.php(32): require_once
E:\ECCube\eccube-2.13.5\data\require_base.php(51): SC_Helper_Session::adminAuthorization
E:\ECCube\eccube-2.13.5\data\class\helper\SC_Helper_Session.php(252): SC_Session->__construct
E:\ECCube\eccube-2.13.5\data\class\SC_Session.php(61): GC_Utils::gfPrintLog
2016/09/02 17:25:17 [/admin/products/product_class.php] access : user=admin auth=0 sid=60kvbhnj6lh5hqv1fbjrltu5a6 from ::1
login_id = admin(0)[60kvbhnj6lh5hqv1fbjrltu5a6]
E:\ECCube\eccube-2.13.5\html\admin\products\product_class.php(24): require_once
E:\ECCube\eccube-2.13.5\html\admin\require.php(32): require_once
E:\ECCube\eccube-2.13.5\data\require_base.php(51): SC_Helper_Session::adminAuthorization
E:\ECCube\eccube-2.13.5\data\class\helper\SC_Helper_Session.php(252): SC_Session->__construct
E:\ECCube\eccube-2.13.5\data\class\SC_Session.php(61): GC_Utils::gfPrintLog
2016/09/02 17:25:24 [/admin/products/product_class.php] access : user=admin auth=0 sid=60kvbhnj6lh5hqv1fbjrltu5a6 from ::1
login_id = admin(0)[60kvbhnj6lh5hqv1fbjrltu5a6]
E:\ECCube\eccube-2.13.5\html\admin\products\product_class.php(24): require_once
E:\ECCube\eccube-2.13.5\html\admin\require.php(32): require_once
E:\ECCube\eccube-2.13.5\data\require_base.php(51): SC_Helper_Session::adminAuthorization
E:\ECCube\eccube-2.13.5\data\class\helper\SC_Helper_Session.php(252): SC_Session->__construct
E:\ECCube\eccube-2.13.5\data\class\SC_Session.php(61): GC_Utils::gfPrintLog
2016/09/02 17:25:28 [/admin/products/product_class.php] access : user=admin auth=0 sid=60kvbhnj6lh5hqv1fbjrltu5a6 from ::1
login_id = admin(0)[60kvbhnj6lh5hqv1fbjrltu5a6]
E:\ECCube\eccube-2.13.5\html\admin\products\product_class.php(24): require_once
E:\ECCube\eccube-2.13.5\html\admin\require.php(32): require_once
E:\ECCube\eccube-2.13.5\data\require_base.php(51): SC_Helper_Session::adminAuthorization
E:\ECCube\eccube-2.13.5\data\class\helper\SC_Helper_Session.php(252): SC_Session->__construct
E:\ECCube\eccube-2.13.5\data\class\SC_Session.php(61): GC_Utils::gfPrintLog
2016/09/02 17:25:31 [/admin/products/index.php] access : user=admin auth=0 sid=60kvbhnj6lh5hqv1fbjrltu5a6 from ::1
login_id = admin(0)[60kvbhnj6lh5hqv1fbjrltu5a6]
E:\ECCube\eccube-2.13.5\html\admin\products\index.php(24): require_once
E:\ECCube\eccube-2.13.5\html\admin\require.php(32): require_once
E:\ECCube\eccube-2.13.5\data\require_base.php(51): SC_Helper_Session::adminAuthorization
E:\ECCube\eccube-2.13.5\data\class\helper\SC_Helper_Session.php(252): SC_Session->__construct
E:\ECCube\eccube-2.13.5\data\class\SC_Session.php(61): GC_Utils::gfPrintLog
2016/09/02 18:45:53 [/admin/products/product.php] access : user=admin auth=0 sid=60kvbhnj6lh5hqv1fbjrltu5a6 from ::1
login_id = admin(0)[60kvbhnj6lh5hqv1fbjrltu5a6]
E:\ECCube\eccube-2.13.5\html\admin\products\product.php(24): require_once
E:\ECCube\eccube-2.13.5\html\admin\require.php(32): require_once
E:\ECCube\eccube-2.13.5\data\require_base.php(51): SC_Helper_Session::adminAuthorization
E:\ECCube\eccube-2.13.5\data\class\helper\SC_Helper_Session.php(252): SC_Session->__construct
E:\ECCube\eccube-2.13.5\data\class\SC_Session.php(61): GC_Utils::gfPrintLog
2016/09/02 18:46:04 [/admin/products/index.php] access : user=admin auth=0 sid=60kvbhnj6lh5hqv1fbjrltu5a6 from ::1
login_id = admin(0)[60kvbhnj6lh5hqv1fbjrltu5a6]
E:\ECCube\eccube-2.13.5\html\admin\products\index.php(24): require_once
E:\ECCube\eccube-2.13.5\html\admin\require.php(32): require_once
E:\ECCube\eccube-2.13.5\data\require_base.php(51): SC_Helper_Session::adminAuthorization
E:\ECCube\eccube-2.13.5\data\class\helper\SC_Helper_Session.php(252): SC_Session->__construct
E:\ECCube\eccube-2.13.5\data\class\SC_Session.php(61): GC_Utils::gfPrintLog
2016/09/02 18:46:05 [/admin/products/index.php] access : user=admin auth=0 sid=60kvbhnj6lh5hqv1fbjrltu5a6 from ::1
login_id = admin(0)[60kvbhnj6lh5hqv1fbjrltu5a6]
E:\ECCube\eccube-2.13.5\html\admin\products\index.php(24): require_once
E:\ECCube\eccube-2.13.5\html\admin\require.php(32): require_once
E:\ECCube\eccube-2.13.5\data\require_base.php(51): SC_Helper_Session::adminAuthorization
E:\ECCube\eccube-2.13.5\data\class\helper\SC_Helper_Session.php(252): SC_Session->__construct
E:\ECCube\eccube-2.13.5\data\class\SC_Session.php(61): GC_Utils::gfPrintLog
2016/09/02 18:46:05 [/admin/products/index.php] access : user=admin auth=0 sid=60kvbhnj6lh5hqv1fbjrltu5a6 from ::1
login_id = admin(0)[60kvbhnj6lh5hqv1fbjrltu5a6]
E:\ECCube\eccube-2.13.5\html\admin\products\index.php(24): require_once
E:\ECCube\eccube-2.13.5\html\admin\require.php(32): require_once
E:\ECCube\eccube-2.13.5\data\require_base.php(51): SC_Helper_Session::adminAuthorization
E:\ECCube\eccube-2.13.5\data\class\helper\SC_Helper_Session.php(252): SC_Session->__construct
E:\ECCube\eccube-2.13.5\data\class\SC_Session.php(61): GC_Utils::gfPrintLog
2016/09/02 18:46:10 [/admin/products/product.php] access : user=admin auth=0 sid=60kvbhnj6lh5hqv1fbjrltu5a6 from ::1
login_id = admin(0)[60kvbhnj6lh5hqv1fbjrltu5a6]
E:\ECCube\eccube-2.13.5\html\admin\products\product.php(24): require_once
E:\ECCube\eccube-2.13.5\html\admin\require.php(32): require_once
E:\ECCube\eccube-2.13.5\data\require_base.php(51): SC_Helper_Session::adminAuthorization
E:\ECCube\eccube-2.13.5\data\class\helper\SC_Helper_Session.php(252): SC_Session->__construct
E:\ECCube\eccube-2.13.5\data\class\SC_Session.php(61): GC_Utils::gfPrintLog
2016/09/02 18:46:17 [/admin/products/product.php] access : user=admin auth=0 sid=60kvbhnj6lh5hqv1fbjrltu5a6 from ::1
login_id = admin(0)[60kvbhnj6lh5hqv1fbjrltu5a6]
E:\ECCube\eccube-2.13.5\html\admin\products\product.php(24): require_once
E:\ECCube\eccube-2.13.5\html\admin\require.php(32): require_once
E:\ECCube\eccube-2.13.5\data\require_base.php(51): SC_Helper_Session::adminAuthorization
E:\ECCube\eccube-2.13.5\data\class\helper\SC_Helper_Session.php(252): SC_Session->__construct
E:\ECCube\eccube-2.13.5\data\class\SC_Session.php(61): GC_Utils::gfPrintLog
2016/09/02 18:46:21 [/admin/products/product.php] access : user=admin auth=0 sid=60kvbhnj6lh5hqv1fbjrltu5a6 from ::1
login_id = admin(0)[60kvbhnj6lh5hqv1fbjrltu5a6]
E:\ECCube\eccube-2.13.5\html\admin\products\product.php(24): require_once
E:\ECCube\eccube-2.13.5\html\admin\require.php(32): require_once
E:\ECCube\eccube-2.13.5\data\require_base.php(51): SC_Helper_Session::adminAuthorization
E:\ECCube\eccube-2.13.5\data\class\helper\SC_Helper_Session.php(252): SC_Session->__construct
E:\ECCube\eccube-2.13.5\data\class\SC_Session.php(61): GC_Utils::gfPrintLog
2016/09/02 18:47:22 [/admin/products/index.php] access : user=admin auth=0 sid=60kvbhnj6lh5hqv1fbjrltu5a6 from ::1
login_id = admin(0)[60kvbhnj6lh5hqv1fbjrltu5a6]
E:\ECCube\eccube-2.13.5\html\admin\products\index.php(24): require_once
E:\ECCube\eccube-2.13.5\html\admin\require.php(32): require_once
E:\ECCube\eccube-2.13.5\data\require_base.php(51): SC_Helper_Session::adminAuthorization
E:\ECCube\eccube-2.13.5\data\class\helper\SC_Helper_Session.php(252): SC_Session->__construct
E:\ECCube\eccube-2.13.5\data\class\SC_Session.php(61): GC_Utils::gfPrintLog
2016/09/02 18:47:26 [/admin/products/index.php] access : user=admin auth=0 sid=60kvbhnj6lh5hqv1fbjrltu5a6 from ::1
login_id = admin(0)[60kvbhnj6lh5hqv1fbjrltu5a6]
E:\ECCube\eccube-2.13.5\html\admin\products\index.php(24): require_once
E:\ECCube\eccube-2.13.5\html\admin\require.php(32): require_once
E:\ECCube\eccube-2.13.5\data\require_base.php(51): SC_Helper_Session::adminAuthorization
E:\ECCube\eccube-2.13.5\data\class\helper\SC_Helper_Session.php(252): SC_Session->__construct
E:\ECCube\eccube-2.13.5\data\class\SC_Session.php(61): GC_Utils::gfPrintLog
2016/09/06 13:51:25 [/admin/contents/index.php] access error. from ::1
login_id = ()[a6u7fm8qpa6jkv0ood012nkg24]
E:\ECCube\eccube-2.13.5\html\admin\contents\index.php(24): require_once
E:\ECCube\eccube-2.13.5\html\admin\require.php(32): require_once
E:\ECCube\eccube-2.13.5\data\require_base.php(51): SC_Helper_Session::adminAuthorization
E:\ECCube\eccube-2.13.5\data\class\helper\SC_Helper_Session.php(252): SC_Session->__construct
E:\ECCube\eccube-2.13.5\data\class\SC_Session.php(64): GC_Utils::gfPrintLog
2016/09/06 13:51:27 [/admin/contents/index.php] access error. from ::1
login_id = ()[a6u7fm8qpa6jkv0ood012nkg24]
E:\ECCube\eccube-2.13.5\html\admin\contents\index.php(24): require_once
E:\ECCube\eccube-2.13.5\html\admin\require.php(32): require_once
E:\ECCube\eccube-2.13.5\data\require_base.php(51): SC_Helper_Session::adminAuthorization
E:\ECCube\eccube-2.13.5\data\class\helper\SC_Helper_Session.php(252): SC_Session->__construct
E:\ECCube\eccube-2.13.5\data\class\SC_Session.php(64): GC_Utils::gfPrintLog
2016/09/06 13:51:35 [/admin/index.php] access error. from ::1
login_id = ()[ir3c0fosoqn3mt0lnscek0s2m3]
E:\ECCube\eccube-2.13.5\html\admin\index.php(28): LC_Page_Admin_Index_Ex->process
E:\ECCube\eccube-2.13.5\data\class_extends\page_extends\admin\LC_Page_Admin_Index_Ex.php(54): LC_Page_Admin_Index->process
E:\ECCube\eccube-2.13.5\data\class\pages\admin\LC_Page_Admin_Index.php(54): LC_Page_Admin_Index->action
E:\ECCube\eccube-2.13.5\data\class\pages\admin\LC_Page_Admin_Index.php(75): LC_Page_Admin_Index->lfDoLogin
E:\ECCube\eccube-2.13.5\data\class\pages\admin\LC_Page_Admin_Index.php(171): LC_Page_Admin_Index->lfSetLoginSession
E:\ECCube\eccube-2.13.5\data\class\pages\admin\LC_Page_Admin_Index.php(191): SC_Session->__construct
E:\ECCube\eccube-2.13.5\data\class\SC_Session.php(64): GC_Utils::gfPrintLog
2016/09/06 13:51:35 [/admin/index.php] login: user=admin(2) auth=0 lastlogin=2016-09-02 16:45:42 sid= from ::1
login_id = admin(0)[ir3c0fosoqn3mt0lnscek0s2m3]
E:\ECCube\eccube-2.13.5\html\admin\index.php(28): LC_Page_Admin_Index_Ex->process
E:\ECCube\eccube-2.13.5\data\class_extends\page_extends\admin\LC_Page_Admin_Index_Ex.php(54): LC_Page_Admin_Index->process
E:\ECCube\eccube-2.13.5\data\class\pages\admin\LC_Page_Admin_Index.php(54): LC_Page_Admin_Index->action
E:\ECCube\eccube-2.13.5\data\class\pages\admin\LC_Page_Admin_Index.php(75): LC_Page_Admin_Index->lfDoLogin
E:\ECCube\eccube-2.13.5\data\class\pages\admin\LC_Page_Admin_Index.php(173): LC_Page_Admin_Index->lfSetLoginData
E:\ECCube\eccube-2.13.5\data\class\pages\admin\LC_Page_Admin_Index.php(223): GC_Utils::gfPrintLog
2016/09/06 13:51:36 [/admin/home.php] access : user=admin auth=0 sid=ir3c0fosoqn3mt0lnscek0s2m3 from ::1
login_id = admin(0)[ir3c0fosoqn3mt0lnscek0s2m3]
E:\ECCube\eccube-2.13.5\html\admin\home.php(23): require_once
E:\ECCube\eccube-2.13.5\html\admin\require.php(32): require_once
E:\ECCube\eccube-2.13.5\data\require_base.php(51): SC_Helper_Session::adminAuthorization
E:\ECCube\eccube-2.13.5\data\class\helper\SC_Helper_Session.php(252): SC_Session->__construct
E:\ECCube\eccube-2.13.5\data\class\SC_Session.php(61): GC_Utils::gfPrintLog
2016/09/06 13:51:41 [/admin/products/class.php] access : user=admin auth=0 sid=ir3c0fosoqn3mt0lnscek0s2m3 from ::1
login_id = admin(0)[ir3c0fosoqn3mt0lnscek0s2m3]
E:\ECCube\eccube-2.13.5\html\admin\products\class.php(24): require_once
E:\ECCube\eccube-2.13.5\html\admin\require.php(32): require_once
E:\ECCube\eccube-2.13.5\data\require_base.php(51): SC_Helper_Session::adminAuthorization
E:\ECCube\eccube-2.13.5\data\class\helper\SC_Helper_Session.php(252): SC_Session->__construct
E:\ECCube\eccube-2.13.5\data\class\SC_Session.php(61): GC_Utils::gfPrintLog
2016/09/06 13:51:50 [/admin/products/classcategory.php] access : user=admin auth=0 sid=ir3c0fosoqn3mt0lnscek0s2m3 from ::1
login_id = admin(0)[ir3c0fosoqn3mt0lnscek0s2m3]
E:\ECCube\eccube-2.13.5\html\admin\products\classcategory.php(24): require_once
E:\ECCube\eccube-2.13.5\html\admin\require.php(32): require_once
E:\ECCube\eccube-2.13.5\data\require_base.php(51): SC_Helper_Session::adminAuthorization
E:\ECCube\eccube-2.13.5\data\class\helper\SC_Helper_Session.php(252): SC_Session->__construct
E:\ECCube\eccube-2.13.5\data\class\SC_Session.php(61): GC_Utils::gfPrintLog
2016/09/06 13:51:55 [/admin/products/classcategory.php] access : user=admin auth=0 sid=ir3c0fosoqn3mt0lnscek0s2m3 from ::1
login_id = admin(0)[ir3c0fosoqn3mt0lnscek0s2m3]
E:\ECCube\eccube-2.13.5\html\admin\products\classcategory.php(24): require_once
E:\ECCube\eccube-2.13.5\html\admin\require.php(32): require_once
E:\ECCube\eccube-2.13.5\data\require_base.php(51): SC_Helper_Session::adminAuthorization
E:\ECCube\eccube-2.13.5\data\class\helper\SC_Helper_Session.php(252): SC_Session->__construct
E:\ECCube\eccube-2.13.5\data\class\SC_Session.php(61): GC_Utils::gfPrintLog
2016/09/06 13:56:37 [/admin/products/classcategory.php] access : user=admin auth=0 sid=ir3c0fosoqn3mt0lnscek0s2m3 from ::1
login_id = admin(0)[ir3c0fosoqn3mt0lnscek0s2m3]
E:\ECCube\eccube-2.13.5\html\admin\products\classcategory.php(24): require_once
E:\ECCube\eccube-2.13.5\html\admin\require.php(32): require_once
E:\ECCube\eccube-2.13.5\data\require_base.php(51): SC_Helper_Session::adminAuthorization
E:\ECCube\eccube-2.13.5\data\class\helper\SC_Helper_Session.php(252): SC_Session->__construct
E:\ECCube\eccube-2.13.5\data\class\SC_Session.php(61): GC_Utils::gfPrintLog
2016/09/06 13:59:54 [/admin/products/product.php] access : user=admin auth=0 sid=ir3c0fosoqn3mt0lnscek0s2m3 from ::1
login_id = admin(0)[ir3c0fosoqn3mt0lnscek0s2m3]
E:\ECCube\eccube-2.13.5\html\admin\products\product.php(24): require_once
E:\ECCube\eccube-2.13.5\html\admin\require.php(32): require_once
E:\ECCube\eccube-2.13.5\data\require_base.php(51): SC_Helper_Session::adminAuthorization
E:\ECCube\eccube-2.13.5\data\class\helper\SC_Helper_Session.php(252): SC_Session->__construct
E:\ECCube\eccube-2.13.5\data\class\SC_Session.php(61): GC_Utils::gfPrintLog
2016/09/06 14:02:56 [/admin/products/product.php] access : user=admin auth=0 sid=ir3c0fosoqn3mt0lnscek0s2m3 from ::1
login_id = admin(0)[ir3c0fosoqn3mt0lnscek0s2m3]
E:\ECCube\eccube-2.13.5\html\admin\products\product.php(24): require_once
E:\ECCube\eccube-2.13.5\html\admin\require.php(32): require_once
E:\ECCube\eccube-2.13.5\data\require_base.php(51): SC_Helper_Session::adminAuthorization
E:\ECCube\eccube-2.13.5\data\class\helper\SC_Helper_Session.php(252): SC_Session->__construct
E:\ECCube\eccube-2.13.5\data\class\SC_Session.php(61): GC_Utils::gfPrintLog
2016/09/06 14:02:59 [/admin/products/product.php] access : user=admin auth=0 sid=ir3c0fosoqn3mt0lnscek0s2m3 from ::1
login_id = admin(0)[ir3c0fosoqn3mt0lnscek0s2m3]
E:\ECCube\eccube-2.13.5\html\admin\products\product.php(24): require_once
E:\ECCube\eccube-2.13.5\html\admin\require.php(32): require_once
E:\ECCube\eccube-2.13.5\data\require_base.php(51): SC_Helper_Session::adminAuthorization
E:\ECCube\eccube-2.13.5\data\class\helper\SC_Helper_Session.php(252): SC_Session->__construct
E:\ECCube\eccube-2.13.5\data\class\SC_Session.php(61): GC_Utils::gfPrintLog
2016/09/06 14:03:04 [/admin/products/product.php] access : user=admin auth=0 sid=ir3c0fosoqn3mt0lnscek0s2m3 from ::1
login_id = admin(0)[ir3c0fosoqn3mt0lnscek0s2m3]
E:\ECCube\eccube-2.13.5\html\admin\products\product.php(24): require_once
E:\ECCube\eccube-2.13.5\html\admin\require.php(32): require_once
E:\ECCube\eccube-2.13.5\data\require_base.php(51): SC_Helper_Session::adminAuthorization
E:\ECCube\eccube-2.13.5\data\class\helper\SC_Helper_Session.php(252): SC_Session->__construct
E:\ECCube\eccube-2.13.5\data\class\SC_Session.php(61): GC_Utils::gfPrintLog
2016/09/06 14:03:09 [/admin/products/product.php] access : user=admin auth=0 sid=ir3c0fosoqn3mt0lnscek0s2m3 from ::1
login_id = admin(0)[ir3c0fosoqn3mt0lnscek0s2m3]
E:\ECCube\eccube-2.13.5\html\admin\products\product.php(24): require_once
E:\ECCube\eccube-2.13.5\html\admin\require.php(32): require_once
E:\ECCube\eccube-2.13.5\data\require_base.php(51): SC_Helper_Session::adminAuthorization
E:\ECCube\eccube-2.13.5\data\class\helper\SC_Helper_Session.php(252): SC_Session->__construct
E:\ECCube\eccube-2.13.5\data\class\SC_Session.php(61): GC_Utils::gfPrintLog
2016/09/06 14:03:15 [/admin/products/product.php] access : user=admin auth=0 sid=ir3c0fosoqn3mt0lnscek0s2m3 from ::1
login_id = admin(0)[ir3c0fosoqn3mt0lnscek0s2m3]
E:\ECCube\eccube-2.13.5\html\admin\products\product.php(24): require_once
E:\ECCube\eccube-2.13.5\html\admin\require.php(32): require_once
E:\ECCube\eccube-2.13.5\data\require_base.php(51): SC_Helper_Session::adminAuthorization
E:\ECCube\eccube-2.13.5\data\class\helper\SC_Helper_Session.php(252): SC_Session->__construct
E:\ECCube\eccube-2.13.5\data\class\SC_Session.php(61): GC_Utils::gfPrintLog
2016/09/06 14:03:20 [/admin/products/product.php] access : user=admin auth=0 sid=ir3c0fosoqn3mt0lnscek0s2m3 from ::1
login_id = admin(0)[ir3c0fosoqn3mt0lnscek0s2m3]
E:\ECCube\eccube-2.13.5\html\admin\products\product.php(24): require_once
E:\ECCube\eccube-2.13.5\html\admin\require.php(32): require_once
E:\ECCube\eccube-2.13.5\data\require_base.php(51): SC_Helper_Session::adminAuthorization
E:\ECCube\eccube-2.13.5\data\class\helper\SC_Helper_Session.php(252): SC_Session->__construct
E:\ECCube\eccube-2.13.5\data\class\SC_Session.php(61): GC_Utils::gfPrintLog
2016/09/06 14:03:52 [/admin/products/product.php] access : user=admin auth=0 sid=ir3c0fosoqn3mt0lnscek0s2m3 from ::1
login_id = admin(0)[ir3c0fosoqn3mt0lnscek0s2m3]
E:\ECCube\eccube-2.13.5\html\admin\products\product.php(24): require_once
E:\ECCube\eccube-2.13.5\html\admin\require.php(32): require_once
E:\ECCube\eccube-2.13.5\data\require_base.php(51): SC_Helper_Session::adminAuthorization
E:\ECCube\eccube-2.13.5\data\class\helper\SC_Helper_Session.php(252): SC_Session->__construct
E:\ECCube\eccube-2.13.5\data\class\SC_Session.php(61): GC_Utils::gfPrintLog
2016/09/06 14:04:05 [/admin/products/product.php] access : user=admin auth=0 sid=ir3c0fosoqn3mt0lnscek0s2m3 from ::1
login_id = admin(0)[ir3c0fosoqn3mt0lnscek0s2m3]
E:\ECCube\eccube-2.13.5\html\admin\products\product.php(24): require_once
E:\ECCube\eccube-2.13.5\html\admin\require.php(32): require_once
E:\ECCube\eccube-2.13.5\data\require_base.php(51): SC_Helper_Session::adminAuthorization
E:\ECCube\eccube-2.13.5\data\class\helper\SC_Helper_Session.php(252): SC_Session->__construct
E:\ECCube\eccube-2.13.5\data\class\SC_Session.php(61): GC_Utils::gfPrintLog
2016/09/06 14:04:14 [/admin/products/product.php] access : user=admin auth=0 sid=ir3c0fosoqn3mt0lnscek0s2m3 from ::1
login_id = admin(0)[ir3c0fosoqn3mt0lnscek0s2m3]
E:\ECCube\eccube-2.13.5\html\admin\products\product.php(24): require_once
E:\ECCube\eccube-2.13.5\html\admin\require.php(32): require_once
E:\ECCube\eccube-2.13.5\data\require_base.php(51): SC_Helper_Session::adminAuthorization
E:\ECCube\eccube-2.13.5\data\class\helper\SC_Helper_Session.php(252): SC_Session->__construct
E:\ECCube\eccube-2.13.5\data\class\SC_Session.php(61): GC_Utils::gfPrintLog
2016/09/06 14:04:24 [/admin/products/product.php] access : user=admin auth=0 sid=ir3c0fosoqn3mt0lnscek0s2m3 from ::1
login_id = admin(0)[ir3c0fosoqn3mt0lnscek0s2m3]
E:\ECCube\eccube-2.13.5\html\admin\products\product.php(24): require_once
E:\ECCube\eccube-2.13.5\html\admin\require.php(32): require_once
E:\ECCube\eccube-2.13.5\data\require_base.php(51): SC_Helper_Session::adminAuthorization
E:\ECCube\eccube-2.13.5\data\class\helper\SC_Helper_Session.php(252): SC_Session->__construct
E:\ECCube\eccube-2.13.5\data\class\SC_Session.php(61): GC_Utils::gfPrintLog
2016/09/06 14:04:30 [/admin/products/product.php] access : user=admin auth=0 sid=ir3c0fosoqn3mt0lnscek0s2m3 from ::1
login_id = admin(0)[ir3c0fosoqn3mt0lnscek0s2m3]
E:\ECCube\eccube-2.13.5\html\admin\products\product.php(24): require_once
E:\ECCube\eccube-2.13.5\html\admin\require.php(32): require_once
E:\ECCube\eccube-2.13.5\data\require_base.php(51): SC_Helper_Session::adminAuthorization
E:\ECCube\eccube-2.13.5\data\class\helper\SC_Helper_Session.php(252): SC_Session->__construct
E:\ECCube\eccube-2.13.5\data\class\SC_Session.php(61): GC_Utils::gfPrintLog
2016/09/06 14:04:36 [/admin/products/product_class.php] access : user=admin auth=0 sid=ir3c0fosoqn3mt0lnscek0s2m3 from ::1
login_id = admin(0)[ir3c0fosoqn3mt0lnscek0s2m3]
E:\ECCube\eccube-2.13.5\html\admin\products\product_class.php(24): require_once
E:\ECCube\eccube-2.13.5\html\admin\require.php(32): require_once
E:\ECCube\eccube-2.13.5\data\require_base.php(51): SC_Helper_Session::adminAuthorization
E:\ECCube\eccube-2.13.5\data\class\helper\SC_Helper_Session.php(252): SC_Session->__construct
E:\ECCube\eccube-2.13.5\data\class\SC_Session.php(61): GC_Utils::gfPrintLog
2016/09/06 14:04:41 [/admin/products/product_class.php] access : user=admin auth=0 sid=ir3c0fosoqn3mt0lnscek0s2m3 from ::1
login_id = admin(0)[ir3c0fosoqn3mt0lnscek0s2m3]
E:\ECCube\eccube-2.13.5\html\admin\products\product_class.php(24): require_once
E:\ECCube\eccube-2.13.5\html\admin\require.php(32): require_once
E:\ECCube\eccube-2.13.5\data\require_base.php(51): SC_Helper_Session::adminAuthorization
E:\ECCube\eccube-2.13.5\data\class\helper\SC_Helper_Session.php(252): SC_Session->__construct
E:\ECCube\eccube-2.13.5\data\class\SC_Session.php(61): GC_Utils::gfPrintLog
2016/09/06 14:04:47 [/admin/products/product_class.php] access : user=admin auth=0 sid=ir3c0fosoqn3mt0lnscek0s2m3 from ::1
login_id = admin(0)[ir3c0fosoqn3mt0lnscek0s2m3]
E:\ECCube\eccube-2.13.5\html\admin\products\product_class.php(24): require_once
E:\ECCube\eccube-2.13.5\html\admin\require.php(32): require_once
E:\ECCube\eccube-2.13.5\data\require_base.php(51): SC_Helper_Session::adminAuthorization
E:\ECCube\eccube-2.13.5\data\class\helper\SC_Helper_Session.php(252): SC_Session->__construct
E:\ECCube\eccube-2.13.5\data\class\SC_Session.php(61): GC_Utils::gfPrintLog
2016/09/06 14:06:45 [/admin/products/product_class.php] access : user=admin auth=0 sid=ir3c0fosoqn3mt0lnscek0s2m3 from ::1
login_id = admin(0)[ir3c0fosoqn3mt0lnscek0s2m3]
E:\ECCube\eccube-2.13.5\html\admin\products\product_class.php(24): require_once
E:\ECCube\eccube-2.13.5\html\admin\require.php(32): require_once
E:\ECCube\eccube-2.13.5\data\require_base.php(51): SC_Helper_Session::adminAuthorization
E:\ECCube\eccube-2.13.5\data\class\helper\SC_Helper_Session.php(252): SC_Session->__construct
E:\ECCube\eccube-2.13.5\data\class\SC_Session.php(61): GC_Utils::gfPrintLog
2016/09/06 14:06:48 [/admin/products/product_class.php] access : user=admin auth=0 sid=ir3c0fosoqn3mt0lnscek0s2m3 from ::1
login_id = admin(0)[ir3c0fosoqn3mt0lnscek0s2m3]
E:\ECCube\eccube-2.13.5\html\admin\products\product_class.php(24): require_once
E:\ECCube\eccube-2.13.5\html\admin\require.php(32): require_once
E:\ECCube\eccube-2.13.5\data\require_base.php(51): SC_Helper_Session::adminAuthorization
E:\ECCube\eccube-2.13.5\data\class\helper\SC_Helper_Session.php(252): SC_Session->__construct
E:\ECCube\eccube-2.13.5\data\class\SC_Session.php(61): GC_Utils::gfPrintLog
2016/09/06 14:08:06 [/admin/products/product.php] access : user=admin auth=0 sid=ir3c0fosoqn3mt0lnscek0s2m3 from ::1
login_id = admin(0)[ir3c0fosoqn3mt0lnscek0s2m3]
E:\ECCube\eccube-2.13.5\html\admin\products\product.php(24): require_once
E:\ECCube\eccube-2.13.5\html\admin\require.php(32): require_once
E:\ECCube\eccube-2.13.5\data\require_base.php(51): SC_Helper_Session::adminAuthorization
E:\ECCube\eccube-2.13.5\data\class\helper\SC_Helper_Session.php(252): SC_Session->__construct
E:\ECCube\eccube-2.13.5\data\class\SC_Session.php(61): GC_Utils::gfPrintLog
2016/09/06 14:10:40 [/admin/products/product.php] access : user=admin auth=0 sid=ir3c0fosoqn3mt0lnscek0s2m3 from ::1
login_id = admin(0)[ir3c0fosoqn3mt0lnscek0s2m3]
E:\ECCube\eccube-2.13.5\html\admin\products\product.php(24): require_once
E:\ECCube\eccube-2.13.5\html\admin\require.php(32): require_once
E:\ECCube\eccube-2.13.5\data\require_base.php(51): SC_Helper_Session::adminAuthorization
E:\ECCube\eccube-2.13.5\data\class\helper\SC_Helper_Session.php(252): SC_Session->__construct
E:\ECCube\eccube-2.13.5\data\class\SC_Session.php(61): GC_Utils::gfPrintLog
2016/09/06 14:10:44 [/admin/products/product.php] access : user=admin auth=0 sid=ir3c0fosoqn3mt0lnscek0s2m3 from ::1
login_id = admin(0)[ir3c0fosoqn3mt0lnscek0s2m3]
E:\ECCube\eccube-2.13.5\html\admin\products\product.php(24): require_once
E:\ECCube\eccube-2.13.5\html\admin\require.php(32): require_once
E:\ECCube\eccube-2.13.5\data\require_base.php(51): SC_Helper_Session::adminAuthorization
E:\ECCube\eccube-2.13.5\data\class\helper\SC_Helper_Session.php(252): SC_Session->__construct
E:\ECCube\eccube-2.13.5\data\class\SC_Session.php(61): GC_Utils::gfPrintLog
2016/09/06 14:10:50 [/admin/products/product.php] access : user=admin auth=0 sid=ir3c0fosoqn3mt0lnscek0s2m3 from ::1
login_id = admin(0)[ir3c0fosoqn3mt0lnscek0s2m3]
E:\ECCube\eccube-2.13.5\html\admin\products\product.php(24): require_once
E:\ECCube\eccube-2.13.5\html\admin\require.php(32): require_once
E:\ECCube\eccube-2.13.5\data\require_base.php(51): SC_Helper_Session::adminAuthorization
E:\ECCube\eccube-2.13.5\data\class\helper\SC_Helper_Session.php(252): SC_Session->__construct
E:\ECCube\eccube-2.13.5\data\class\SC_Session.php(61): GC_Utils::gfPrintLog
2016/09/06 14:10:57 [/admin/products/product.php] access : user=admin auth=0 sid=ir3c0fosoqn3mt0lnscek0s2m3 from ::1
login_id = admin(0)[ir3c0fosoqn3mt0lnscek0s2m3]
E:\ECCube\eccube-2.13.5\html\admin\products\product.php(24): require_once
E:\ECCube\eccube-2.13.5\html\admin\require.php(32): require_once
E:\ECCube\eccube-2.13.5\data\require_base.php(51): SC_Helper_Session::adminAuthorization
E:\ECCube\eccube-2.13.5\data\class\helper\SC_Helper_Session.php(252): SC_Session->__construct
E:\ECCube\eccube-2.13.5\data\class\SC_Session.php(61): GC_Utils::gfPrintLog
2016/09/06 14:11:07 [/admin/products/product.php] access : user=admin auth=0 sid=ir3c0fosoqn3mt0lnscek0s2m3 from ::1
login_id = admin(0)[ir3c0fosoqn3mt0lnscek0s2m3]
E:\ECCube\eccube-2.13.5\html\admin\products\product.php(24): require_once
E:\ECCube\eccube-2.13.5\html\admin\require.php(32): require_once
E:\ECCube\eccube-2.13.5\data\require_base.php(51): SC_Helper_Session::adminAuthorization
E:\ECCube\eccube-2.13.5\data\class\helper\SC_Helper_Session.php(252): SC_Session->__construct
E:\ECCube\eccube-2.13.5\data\class\SC_Session.php(61): GC_Utils::gfPrintLog
2016/09/06 14:11:21 [/admin/products/product.php] access : user=admin auth=0 sid=ir3c0fosoqn3mt0lnscek0s2m3 from ::1
login_id = admin(0)[ir3c0fosoqn3mt0lnscek0s2m3]
E:\ECCube\eccube-2.13.5\html\admin\products\product.php(24): require_once
E:\ECCube\eccube-2.13.5\html\admin\require.php(32): require_once
E:\ECCube\eccube-2.13.5\data\require_base.php(51): SC_Helper_Session::adminAuthorization
E:\ECCube\eccube-2.13.5\data\class\helper\SC_Helper_Session.php(252): SC_Session->__construct
E:\ECCube\eccube-2.13.5\data\class\SC_Session.php(61): GC_Utils::gfPrintLog
2016/09/06 14:11:25 [/admin/products/product.php] access : user=admin auth=0 sid=ir3c0fosoqn3mt0lnscek0s2m3 from ::1
login_id = admin(0)[ir3c0fosoqn3mt0lnscek0s2m3]
E:\ECCube\eccube-2.13.5\html\admin\products\product.php(24): require_once
E:\ECCube\eccube-2.13.5\html\admin\require.php(32): require_once
E:\ECCube\eccube-2.13.5\data\require_base.php(51): SC_Helper_Session::adminAuthorization
E:\ECCube\eccube-2.13.5\data\class\helper\SC_Helper_Session.php(252): SC_Session->__construct
E:\ECCube\eccube-2.13.5\data\class\SC_Session.php(61): GC_Utils::gfPrintLog
2016/09/06 14:11:29 [/admin/products/product_class.php] access : user=admin auth=0 sid=ir3c0fosoqn3mt0lnscek0s2m3 from ::1
login_id = admin(0)[ir3c0fosoqn3mt0lnscek0s2m3]
E:\ECCube\eccube-2.13.5\html\admin\products\product_class.php(24): require_once
E:\ECCube\eccube-2.13.5\html\admin\require.php(32): require_once
E:\ECCube\eccube-2.13.5\data\require_base.php(51): SC_Helper_Session::adminAuthorization
E:\ECCube\eccube-2.13.5\data\class\helper\SC_Helper_Session.php(252): SC_Session->__construct
E:\ECCube\eccube-2.13.5\data\class\SC_Session.php(61): GC_Utils::gfPrintLog
2016/09/06 14:11:37 [/admin/products/product_class.php] access : user=admin auth=0 sid=ir3c0fosoqn3mt0lnscek0s2m3 from ::1
login_id = admin(0)[ir3c0fosoqn3mt0lnscek0s2m3]
E:\ECCube\eccube-2.13.5\html\admin\products\product_class.php(24): require_once
E:\ECCube\eccube-2.13.5\html\admin\require.php(32): require_once
E:\ECCube\eccube-2.13.5\data\require_base.php(51): SC_Helper_Session::adminAuthorization
E:\ECCube\eccube-2.13.5\data\class\helper\SC_Helper_Session.php(252): SC_Session->__construct
E:\ECCube\eccube-2.13.5\data\class\SC_Session.php(61): GC_Utils::gfPrintLog
2016/09/06 14:11:48 [/admin/products/product_class.php] access : user=admin auth=0 sid=ir3c0fosoqn3mt0lnscek0s2m3 from ::1
login_id = admin(0)[ir3c0fosoqn3mt0lnscek0s2m3]
E:\ECCube\eccube-2.13.5\html\admin\products\product_class.php(24): require_once
E:\ECCube\eccube-2.13.5\html\admin\require.php(32): require_once
E:\ECCube\eccube-2.13.5\data\require_base.php(51): SC_Helper_Session::adminAuthorization
E:\ECCube\eccube-2.13.5\data\class\helper\SC_Helper_Session.php(252): SC_Session->__construct
E:\ECCube\eccube-2.13.5\data\class\SC_Session.php(61): GC_Utils::gfPrintLog
2016/09/06 14:11:55 [/admin/products/product_class.php] access : user=admin auth=0 sid=ir3c0fosoqn3mt0lnscek0s2m3 from ::1
login_id = admin(0)[ir3c0fosoqn3mt0lnscek0s2m3]
E:\ECCube\eccube-2.13.5\html\admin\products\product_class.php(24): require_once
E:\ECCube\eccube-2.13.5\html\admin\require.php(32): require_once
E:\ECCube\eccube-2.13.5\data\require_base.php(51): SC_Helper_Session::adminAuthorization
E:\ECCube\eccube-2.13.5\data\class\helper\SC_Helper_Session.php(252): SC_Session->__construct
E:\ECCube\eccube-2.13.5\data\class\SC_Session.php(61): GC_Utils::gfPrintLog
2016/09/06 14:12:11 [/admin/products/product_class.php] access : user=admin auth=0 sid=ir3c0fosoqn3mt0lnscek0s2m3 from ::1
login_id = admin(0)[ir3c0fosoqn3mt0lnscek0s2m3]
E:\ECCube\eccube-2.13.5\html\admin\products\product_class.php(24): require_once
E:\ECCube\eccube-2.13.5\html\admin\require.php(32): require_once
E:\ECCube\eccube-2.13.5\data\require_base.php(51): SC_Helper_Session::adminAuthorization
E:\ECCube\eccube-2.13.5\data\class\helper\SC_Helper_Session.php(252): SC_Session->__construct
E:\ECCube\eccube-2.13.5\data\class\SC_Session.php(61): GC_Utils::gfPrintLog
2016/09/06 14:12:30 [/admin/products/product_class.php] access : user=admin auth=0 sid=ir3c0fosoqn3mt0lnscek0s2m3 from ::1
login_id = admin(0)[ir3c0fosoqn3mt0lnscek0s2m3]
E:\ECCube\eccube-2.13.5\html\admin\products\product_class.php(24): require_once
E:\ECCube\eccube-2.13.5\html\admin\require.php(32): require_once
E:\ECCube\eccube-2.13.5\data\require_base.php(51): SC_Helper_Session::adminAuthorization
E:\ECCube\eccube-2.13.5\data\class\helper\SC_Helper_Session.php(252): SC_Session->__construct
E:\ECCube\eccube-2.13.5\data\class\SC_Session.php(61): GC_Utils::gfPrintLog
2016/09/06 14:12:43 [/admin/products/product_class.php] access : user=admin auth=0 sid=ir3c0fosoqn3mt0lnscek0s2m3 from ::1
login_id = admin(0)[ir3c0fosoqn3mt0lnscek0s2m3]
E:\ECCube\eccube-2.13.5\html\admin\products\product_class.php(24): require_once
E:\ECCube\eccube-2.13.5\html\admin\require.php(32): require_once
E:\ECCube\eccube-2.13.5\data\require_base.php(51): SC_Helper_Session::adminAuthorization
E:\ECCube\eccube-2.13.5\data\class\helper\SC_Helper_Session.php(252): SC_Session->__construct
E:\ECCube\eccube-2.13.5\data\class\SC_Session.php(61): GC_Utils::gfPrintLog
2016/09/06 14:12:50 [/admin/products/product_class.php] access : user=admin auth=0 sid=ir3c0fosoqn3mt0lnscek0s2m3 from ::1
login_id = admin(0)[ir3c0fosoqn3mt0lnscek0s2m3]
E:\ECCube\eccube-2.13.5\html\admin\products\product_class.php(24): require_once
E:\ECCube\eccube-2.13.5\html\admin\require.php(32): require_once
E:\ECCube\eccube-2.13.5\data\require_base.php(51): SC_Helper_Session::adminAuthorization
E:\ECCube\eccube-2.13.5\data\class\helper\SC_Helper_Session.php(252): SC_Session->__construct
E:\ECCube\eccube-2.13.5\data\class\SC_Session.php(61): GC_Utils::gfPrintLog
2016/09/06 14:12:53 [/admin/products/product.php] access : user=admin auth=0 sid=ir3c0fosoqn3mt0lnscek0s2m3 from ::1
login_id = admin(0)[ir3c0fosoqn3mt0lnscek0s2m3]
E:\ECCube\eccube-2.13.5\html\admin\products\product.php(24): require_once
E:\ECCube\eccube-2.13.5\html\admin\require.php(32): require_once
E:\ECCube\eccube-2.13.5\data\require_base.php(51): SC_Helper_Session::adminAuthorization
E:\ECCube\eccube-2.13.5\data\class\helper\SC_Helper_Session.php(252): SC_Session->__construct
E:\ECCube\eccube-2.13.5\data\class\SC_Session.php(61): GC_Utils::gfPrintLog
2016/09/06 14:13:00 [/admin/contents/recommend.php] access : user=admin auth=0 sid=ir3c0fosoqn3mt0lnscek0s2m3 from ::1
login_id = admin(0)[ir3c0fosoqn3mt0lnscek0s2m3]
E:\ECCube\eccube-2.13.5\html\admin\contents\recommend.php(24): require_once
E:\ECCube\eccube-2.13.5\html\admin\require.php(32): require_once
E:\ECCube\eccube-2.13.5\data\require_base.php(51): SC_Helper_Session::adminAuthorization
E:\ECCube\eccube-2.13.5\data\class\helper\SC_Helper_Session.php(252): SC_Session->__construct
E:\ECCube\eccube-2.13.5\data\class\SC_Session.php(61): GC_Utils::gfPrintLog
2016/09/06 14:13:05 [/admin/contents/recommend.php] access : user=admin auth=0 sid=ir3c0fosoqn3mt0lnscek0s2m3 from ::1
login_id = admin(0)[ir3c0fosoqn3mt0lnscek0s2m3]
E:\ECCube\eccube-2.13.5\html\admin\contents\recommend.php(24): require_once
E:\ECCube\eccube-2.13.5\html\admin\require.php(32): require_once
E:\ECCube\eccube-2.13.5\data\require_base.php(51): SC_Helper_Session::adminAuthorization
E:\ECCube\eccube-2.13.5\data\class\helper\SC_Helper_Session.php(252): SC_Session->__construct
E:\ECCube\eccube-2.13.5\data\class\SC_Session.php(61): GC_Utils::gfPrintLog
2016/09/06 14:13:13 [/admin/contents/recommend_search.php] access : user=admin auth=0 sid=ir3c0fosoqn3mt0lnscek0s2m3 from ::1
login_id = admin(0)[ir3c0fosoqn3mt0lnscek0s2m3]
E:\ECCube\eccube-2.13.5\html\admin\contents\recommend_search.php(24): require_once
E:\ECCube\eccube-2.13.5\html\admin\require.php(32): require_once
E:\ECCube\eccube-2.13.5\data\require_base.php(51): SC_Helper_Session::adminAuthorization
E:\ECCube\eccube-2.13.5\data\class\helper\SC_Helper_Session.php(252): SC_Session->__construct
E:\ECCube\eccube-2.13.5\data\class\SC_Session.php(61): GC_Utils::gfPrintLog
2016/09/06 14:13:16 [/admin/contents/recommend_search.php] access : user=admin auth=0 sid=ir3c0fosoqn3mt0lnscek0s2m3 from ::1
login_id = admin(0)[ir3c0fosoqn3mt0lnscek0s2m3]
E:\ECCube\eccube-2.13.5\html\admin\contents\recommend_search.php(24): require_once
E:\ECCube\eccube-2.13.5\html\admin\require.php(32): require_once
E:\ECCube\eccube-2.13.5\data\require_base.php(51): SC_Helper_Session::adminAuthorization
E:\ECCube\eccube-2.13.5\data\class\helper\SC_Helper_Session.php(252): SC_Session->__construct
E:\ECCube\eccube-2.13.5\data\class\SC_Session.php(61): GC_Utils::gfPrintLog
2016/09/06 14:13:20 [/admin/contents/recommend.php] access : user=admin auth=0 sid=ir3c0fosoqn3mt0lnscek0s2m3 from ::1
login_id = admin(0)[ir3c0fosoqn3mt0lnscek0s2m3]
E:\ECCube\eccube-2.13.5\html\admin\contents\recommend.php(24): require_once
E:\ECCube\eccube-2.13.5\html\admin\require.php(32): require_once
E:\ECCube\eccube-2.13.5\data\require_base.php(51): SC_Helper_Session::adminAuthorization
E:\ECCube\eccube-2.13.5\data\class\helper\SC_Helper_Session.php(252): SC_Session->__construct
E:\ECCube\eccube-2.13.5\data\class\SC_Session.php(61): GC_Utils::gfPrintLog
2016/09/06 14:13:59 [/admin/contents/recommend.php] access : user=admin auth=0 sid=ir3c0fosoqn3mt0lnscek0s2m3 from ::1
login_id = admin(0)[ir3c0fosoqn3mt0lnscek0s2m3]
E:\ECCube\eccube-2.13.5\html\admin\contents\recommend.php(24): require_once
E:\ECCube\eccube-2.13.5\html\admin\require.php(32): require_once
E:\ECCube\eccube-2.13.5\data\require_base.php(51): SC_Helper_Session::adminAuthorization
E:\ECCube\eccube-2.13.5\data\class\helper\SC_Helper_Session.php(252): SC_Session->__construct
E:\ECCube\eccube-2.13.5\data\class\SC_Session.php(61): GC_Utils::gfPrintLog
2016/09/06 14:14:21 [/admin/contents/recommend.php] access : user=admin auth=0 sid=ir3c0fosoqn3mt0lnscek0s2m3 from ::1
login_id = admin(0)[ir3c0fosoqn3mt0lnscek0s2m3]
E:\ECCube\eccube-2.13.5\html\admin\contents\recommend.php(24): require_once
E:\ECCube\eccube-2.13.5\html\admin\require.php(32): require_once
E:\ECCube\eccube-2.13.5\data\require_base.php(51): SC_Helper_Session::adminAuthorization
E:\ECCube\eccube-2.13.5\data\class\helper\SC_Helper_Session.php(252): SC_Session->__construct
E:\ECCube\eccube-2.13.5\data\class\SC_Session.php(61): GC_Utils::gfPrintLog
2016/09/06 14:14:27 [/admin/contents/recommend_search.php] access : user=admin auth=0 sid=ir3c0fosoqn3mt0lnscek0s2m3 from ::1
login_id = admin(0)[ir3c0fosoqn3mt0lnscek0s2m3]
E:\ECCube\eccube-2.13.5\html\admin\contents\recommend_search.php(24): require_once
E:\ECCube\eccube-2.13.5\html\admin\require.php(32): require_once
E:\ECCube\eccube-2.13.5\data\require_base.php(51): SC_Helper_Session::adminAuthorization
E:\ECCube\eccube-2.13.5\data\class\helper\SC_Helper_Session.php(252): SC_Session->__construct
E:\ECCube\eccube-2.13.5\data\class\SC_Session.php(61): GC_Utils::gfPrintLog
2016/09/06 14:14:29 [/admin/contents/recommend_search.php] access : user=admin auth=0 sid=ir3c0fosoqn3mt0lnscek0s2m3 from ::1
login_id = admin(0)[ir3c0fosoqn3mt0lnscek0s2m3]
E:\ECCube\eccube-2.13.5\html\admin\contents\recommend_search.php(24): require_once
E:\ECCube\eccube-2.13.5\html\admin\require.php(32): require_once
E:\ECCube\eccube-2.13.5\data\require_base.php(51): SC_Helper_Session::adminAuthorization
E:\ECCube\eccube-2.13.5\data\class\helper\SC_Helper_Session.php(252): SC_Session->__construct
E:\ECCube\eccube-2.13.5\data\class\SC_Session.php(61): GC_Utils::gfPrintLog
2016/09/06 14:14:32 [/admin/contents/recommend.php] access : user=admin auth=0 sid=ir3c0fosoqn3mt0lnscek0s2m3 from ::1
login_id = admin(0)[ir3c0fosoqn3mt0lnscek0s2m3]
E:\ECCube\eccube-2.13.5\html\admin\contents\recommend.php(24): require_once
E:\ECCube\eccube-2.13.5\html\admin\require.php(32): require_once
E:\ECCube\eccube-2.13.5\data\require_base.php(51): SC_Helper_Session::adminAuthorization
E:\ECCube\eccube-2.13.5\data\class\helper\SC_Helper_Session.php(252): SC_Session->__construct
E:\ECCube\eccube-2.13.5\data\class\SC_Session.php(61): GC_Utils::gfPrintLog
2016/09/06 14:14:49 [/admin/contents/recommend.php] access : user=admin auth=0 sid=ir3c0fosoqn3mt0lnscek0s2m3 from ::1
login_id = admin(0)[ir3c0fosoqn3mt0lnscek0s2m3]
E:\ECCube\eccube-2.13.5\html\admin\contents\recommend.php(24): require_once
E:\ECCube\eccube-2.13.5\html\admin\require.php(32): require_once
E:\ECCube\eccube-2.13.5\data\require_base.php(51): SC_Helper_Session::adminAuthorization
E:\ECCube\eccube-2.13.5\data\class\helper\SC_Helper_Session.php(252): SC_Session->__construct
E:\ECCube\eccube-2.13.5\data\class\SC_Session.php(61): GC_Utils::gfPrintLog
2016/09/06 14:15:30 [/admin/contents/recommend_search.php] access : user=admin auth=0 sid=ir3c0fosoqn3mt0lnscek0s2m3 from ::1
login_id = admin(0)[ir3c0fosoqn3mt0lnscek0s2m3]
E:\ECCube\eccube-2.13.5\html\admin\contents\recommend_search.php(24): require_once
E:\ECCube\eccube-2.13.5\html\admin\require.php(32): require_once
E:\ECCube\eccube-2.13.5\data\require_base.php(51): SC_Helper_Session::adminAuthorization
E:\ECCube\eccube-2.13.5\data\class\helper\SC_Helper_Session.php(252): SC_Session->__construct
E:\ECCube\eccube-2.13.5\data\class\SC_Session.php(61): GC_Utils::gfPrintLog
2016/09/06 14:15:33 [/admin/contents/recommend_search.php] access : user=admin auth=0 sid=ir3c0fosoqn3mt0lnscek0s2m3 from ::1
login_id = admin(0)[ir3c0fosoqn3mt0lnscek0s2m3]
E:\ECCube\eccube-2.13.5\html\admin\contents\recommend_search.php(24): require_once
E:\ECCube\eccube-2.13.5\html\admin\require.php(32): require_once
E:\ECCube\eccube-2.13.5\data\require_base.php(51): SC_Helper_Session::adminAuthorization
E:\ECCube\eccube-2.13.5\data\class\helper\SC_Helper_Session.php(252): SC_Session->__construct
E:\ECCube\eccube-2.13.5\data\class\SC_Session.php(61): GC_Utils::gfPrintLog
2016/09/06 14:15:38 [/admin/contents/recommend.php] access : user=admin auth=0 sid=ir3c0fosoqn3mt0lnscek0s2m3 from ::1
login_id = admin(0)[ir3c0fosoqn3mt0lnscek0s2m3]
E:\ECCube\eccube-2.13.5\html\admin\contents\recommend.php(24): require_once
E:\ECCube\eccube-2.13.5\html\admin\require.php(32): require_once
E:\ECCube\eccube-2.13.5\data\require_base.php(51): SC_Helper_Session::adminAuthorization
E:\ECCube\eccube-2.13.5\data\class\helper\SC_Helper_Session.php(252): SC_Session->__construct
E:\ECCube\eccube-2.13.5\data\class\SC_Session.php(61): GC_Utils::gfPrintLog
2016/09/06 14:15:59 [/admin/contents/recommend.php] access : user=admin auth=0 sid=ir3c0fosoqn3mt0lnscek0s2m3 from ::1
login_id = admin(0)[ir3c0fosoqn3mt0lnscek0s2m3]
E:\ECCube\eccube-2.13.5\html\admin\contents\recommend.php(24): require_once
E:\ECCube\eccube-2.13.5\html\admin\require.php(32): require_once
E:\ECCube\eccube-2.13.5\data\require_base.php(51): SC_Helper_Session::adminAuthorization
E:\ECCube\eccube-2.13.5\data\class\helper\SC_Helper_Session.php(252): SC_Session->__construct
E:\ECCube\eccube-2.13.5\data\class\SC_Session.php(61): GC_Utils::gfPrintLog
2016/09/06 14:16:36 [/admin/products/index.php] access : user=admin auth=0 sid=ir3c0fosoqn3mt0lnscek0s2m3 from ::1
login_id = admin(0)[ir3c0fosoqn3mt0lnscek0s2m3]
E:\ECCube\eccube-2.13.5\html\admin\products\index.php(24): require_once
E:\ECCube\eccube-2.13.5\html\admin\require.php(32): require_once
E:\ECCube\eccube-2.13.5\data\require_base.php(51): SC_Helper_Session::adminAuthorization
E:\ECCube\eccube-2.13.5\data\class\helper\SC_Helper_Session.php(252): SC_Session->__construct
E:\ECCube\eccube-2.13.5\data\class\SC_Session.php(61): GC_Utils::gfPrintLog
2016/09/06 14:16:39 [/admin/products/index.php] access : user=admin auth=0 sid=ir3c0fosoqn3mt0lnscek0s2m3 from ::1
login_id = admin(0)[ir3c0fosoqn3mt0lnscek0s2m3]
E:\ECCube\eccube-2.13.5\html\admin\products\index.php(24): require_once
E:\ECCube\eccube-2.13.5\html\admin\require.php(32): require_once
E:\ECCube\eccube-2.13.5\data\require_base.php(51): SC_Helper_Session::adminAuthorization
E:\ECCube\eccube-2.13.5\data\class\helper\SC_Helper_Session.php(252): SC_Session->__construct
E:\ECCube\eccube-2.13.5\data\class\SC_Session.php(61): GC_Utils::gfPrintLog
2016/09/06 14:16:45 [/admin/products/product_class.php] access : user=admin auth=0 sid=ir3c0fosoqn3mt0lnscek0s2m3 from ::1
login_id = admin(0)[ir3c0fosoqn3mt0lnscek0s2m3]
E:\ECCube\eccube-2.13.5\html\admin\products\product_class.php(24): require_once
E:\ECCube\eccube-2.13.5\html\admin\require.php(32): require_once
E:\ECCube\eccube-2.13.5\data\require_base.php(51): SC_Helper_Session::adminAuthorization
E:\ECCube\eccube-2.13.5\data\class\helper\SC_Helper_Session.php(252): SC_Session->__construct
E:\ECCube\eccube-2.13.5\data\class\SC_Session.php(61): GC_Utils::gfPrintLog
2016/09/06 14:17:24 [/admin/products/product_class.php] access : user=admin auth=0 sid=ir3c0fosoqn3mt0lnscek0s2m3 from ::1
login_id = admin(0)[ir3c0fosoqn3mt0lnscek0s2m3]
E:\ECCube\eccube-2.13.5\html\admin\products\product_class.php(24): require_once
E:\ECCube\eccube-2.13.5\html\admin\require.php(32): require_once
E:\ECCube\eccube-2.13.5\data\require_base.php(51): SC_Helper_Session::adminAuthorization
E:\ECCube\eccube-2.13.5\data\class\helper\SC_Helper_Session.php(252): SC_Session->__construct
E:\ECCube\eccube-2.13.5\data\class\SC_Session.php(61): GC_Utils::gfPrintLog
2016/09/06 14:17:27 [/admin/products/product_class.php] access : user=admin auth=0 sid=ir3c0fosoqn3mt0lnscek0s2m3 from ::1
login_id = admin(0)[ir3c0fosoqn3mt0lnscek0s2m3]
E:\ECCube\eccube-2.13.5\html\admin\products\product_class.php(24): require_once
E:\ECCube\eccube-2.13.5\html\admin\require.php(32): require_once
E:\ECCube\eccube-2.13.5\data\require_base.php(51): SC_Helper_Session::adminAuthorization
E:\ECCube\eccube-2.13.5\data\class\helper\SC_Helper_Session.php(252): SC_Session->__construct
E:\ECCube\eccube-2.13.5\data\class\SC_Session.php(61): GC_Utils::gfPrintLog
