2016/08/05 15:36:51 [/admin/contents/index.php] Fatal error(E_PARSE): syntax error, unexpected '(', expecting identifier (T_STRING) or variable (T_VARIABLE) or '{' or '$' on [E:\ECCube\eccube-2.13.5\data\class\pages\admin\contents\LC_Page_Admin_Contents.php(116)] from ::1
login_id = admin(0)[lru6306ja24ssd5vcqf19ge956]
2016/08/05 15:37:07 [/admin/contents/index.php] Fatal error(E_PARSE): syntax error, unexpected '(', expecting identifier (T_STRING) or variable (T_VARIABLE) or '{' or '$' on [E:\ECCube\eccube-2.13.5\data\class\pages\admin\contents\LC_Page_Admin_Contents.php(116)] from ::1
login_id = admin(0)[5le2f9s9tcstldfn3g2ig985j3]
2016/08/05 15:37:35 [/admin/contents/index.php] Fatal error(E_PARSE): syntax error, unexpected '(', expecting identifier (T_STRING) or variable (T_VARIABLE) or '{' or '$' on [E:\ECCube\eccube-2.13.5\data\class\pages\admin\contents\LC_Page_Admin_Contents.php(116)] from ::1
login_id = admin(0)[octj5hn9er836qg9oofnp1a8h0]
2016/08/05 16:10:27 [/admin/contents/index.php] Fatal error(E_USER_ERROR): DB処理でエラーが発生しました。
SQL: [PREPARE mdb2_statement_mysql_6920b3b911caf586d365ce646134f14a4a59b5f71 FROM 'INSERT INTO dtb_news(news_id,expiry_year,expiry_month,expiry_day,news_title,news_url,news_comment,link_method,creator_id,news_date,news_expiry_date,update_date,rank,create_date) SELECT ?,?,?,?,?,?,?,?,?,?,?,CURRENT_TIMESTAMP,?,CURRENT_TIMESTAMP']
PlaceHolder: [array (
  0 => '2',
  1 => '2016',
  2 => '9',
  3 => '1',
  4 => 'title1',
  5 => '',
  6 => 'asdfasdfasdfasdfasdf',
  7 => '2',
  8 => '2',
  9 => '2015/8/1',
  10 => '2015/8/1',
  11 => 2,
)]
MDB2 Error: no such field
_doQuery: [Error message: Could not execute statement]
[Last executed query: EXECUTE mdb2_statement_mysql_6920b3b911caf586d365ce646134f14a4a59b5f71 USING @0, @1, @2, @3, @4, @5, @6, @7, @8, @9, @10, @11]
[Native code: 1054]
[Native message: Unknown column 'expiry_year' in 'field list']
 on [E:\ECCube\eccube-2.13.5\data\class\SC_Query.php(1095)] from ::1
login_id = admin(0)[17vn6kmauqsi7lsjimu167aon0]
E:\ECCube\eccube-2.13.5\html\admin\contents\index.php(29): LC_Page_Admin_Contents_Ex->process
E:\ECCube\eccube-2.13.5\data\class_extends\page_extends\admin\contents\LC_Page_Admin_Contents_Ex.php(54): LC_Page_Admin_Contents->process
E:\ECCube\eccube-2.13.5\data\class\pages\admin\contents\LC_Page_Admin_Contents.php(67): LC_Page_Admin_Contents->action
E:\ECCube\eccube-2.13.5\data\class\pages\admin\contents\LC_Page_Admin_Contents.php(101): LC_Page_Admin_Contents->doRegist
E:\ECCube\eccube-2.13.5\data\class\pages\admin\contents\LC_Page_Admin_Contents.php(215): SC_Helper_News->saveNews
E:\ECCube\eccube-2.13.5\data\class\helper\SC_Helper_News.php(101): SC_Query->insert
E:\ECCube\eccube-2.13.5\data\class\SC_Query.php(575): SC_Query->query
E:\ECCube\eccube-2.13.5\data\class\SC_Query.php(873): SC_Query->execute
E:\ECCube\eccube-2.13.5\data\class\SC_Query.php(1056): SC_Query->error
E:\ECCube\eccube-2.13.5\data\class\SC_Query.php(1095): trigger_error
2016/08/05 16:17:21 [/admin/contents/index.php] Fatal error(E_USER_ERROR): DB処理でエラーが発生しました。
SQL: [PREPARE mdb2_statement_mysql_64ad6f914b49d106b1ce7abb3e609a2a21cc6d18f FROM 'INSERT INTO dtb_news(news_id,expiry_year,expiry_month,expiry_day,news_title,news_url,news_comment,link_method,creator_id,news_date,news_expiry_date,update_date,rank,create_date) SELECT ?,?,?,?,?,?,?,?,?,?,?,CURRENT_TIMESTAMP,?,CURRENT_TIMESTAMP']
PlaceHolder: [array (
  0 => '3',
  1 => '2016',
  2 => '9',
  3 => '1',
  4 => 'title1',
  5 => '',
  6 => '12qweqfqwca ',
  7 => 1,
  8 => '2',
  9 => '2016/8/1',
  10 => '2016/8/1',
  11 => 2,
)]
MDB2 Error: no such field
_doQuery: [Error message: Could not execute statement]
[Last executed query: EXECUTE mdb2_statement_mysql_64ad6f914b49d106b1ce7abb3e609a2a21cc6d18f USING @0, @1, @2, @3, @4, @5, @6, @7, @8, @9, @10, @11]
[Native code: 1054]
[Native message: Unknown column 'expiry_year' in 'field list']
 on [E:\ECCube\eccube-2.13.5\data\class\SC_Query.php(1095)] from ::1
login_id = admin(0)[17vn6kmauqsi7lsjimu167aon0]
E:\ECCube\eccube-2.13.5\html\admin\contents\index.php(29): LC_Page_Admin_Contents_Ex->process
E:\ECCube\eccube-2.13.5\data\class_extends\page_extends\admin\contents\LC_Page_Admin_Contents_Ex.php(54): LC_Page_Admin_Contents->process
E:\ECCube\eccube-2.13.5\data\class\pages\admin\contents\LC_Page_Admin_Contents.php(67): LC_Page_Admin_Contents->action
E:\ECCube\eccube-2.13.5\data\class\pages\admin\contents\LC_Page_Admin_Contents.php(101): LC_Page_Admin_Contents->doRegist
E:\ECCube\eccube-2.13.5\data\class\pages\admin\contents\LC_Page_Admin_Contents.php(215): SC_Helper_News->saveNews
E:\ECCube\eccube-2.13.5\data\class\helper\SC_Helper_News.php(101): SC_Query->insert
E:\ECCube\eccube-2.13.5\data\class\SC_Query.php(575): SC_Query->query
E:\ECCube\eccube-2.13.5\data\class\SC_Query.php(873): SC_Query->execute
E:\ECCube\eccube-2.13.5\data\class\SC_Query.php(1056): SC_Query->error
E:\ECCube\eccube-2.13.5\data\class\SC_Query.php(1095): trigger_error
2016/08/05 16:17:45 [/admin/contents/index.php] Fatal error(E_USER_ERROR): DB処理でエラーが発生しました。
SQL: [PREPARE mdb2_statement_mysql_6dd7eba497b99a259c7939b73883cd5292b0ee970 FROM 'INSERT INTO dtb_news(news_id,expiry_year,expiry_month,expiry_day,news_title,news_url,news_comment,link_method,creator_id,news_date,news_expiry_date,update_date,rank,create_date) SELECT ?,?,?,?,?,?,?,?,?,?,?,CURRENT_TIMESTAMP,?,CURRENT_TIMESTAMP']
PlaceHolder: [array (
  0 => '4',
  1 => '2016',
  2 => '9',
  3 => '1',
  4 => 'ergwrg',
  5 => '',
  6 => '12qweqfqwca ',
  7 => 1,
  8 => '2',
  9 => '2016/8/1',
  10 => '2016/8/1',
  11 => 2,
)]
MDB2 Error: no such field
_doQuery: [Error message: Could not execute statement]
[Last executed query: EXECUTE mdb2_statement_mysql_6dd7eba497b99a259c7939b73883cd5292b0ee970 USING @0, @1, @2, @3, @4, @5, @6, @7, @8, @9, @10, @11]
[Native code: 1054]
[Native message: Unknown column 'expiry_year' in 'field list']
 on [E:\ECCube\eccube-2.13.5\data\class\SC_Query.php(1095)] from ::1
login_id = admin(0)[17vn6kmauqsi7lsjimu167aon0]
E:\ECCube\eccube-2.13.5\html\admin\contents\index.php(29): LC_Page_Admin_Contents_Ex->process
E:\ECCube\eccube-2.13.5\data\class_extends\page_extends\admin\contents\LC_Page_Admin_Contents_Ex.php(54): LC_Page_Admin_Contents->process
E:\ECCube\eccube-2.13.5\data\class\pages\admin\contents\LC_Page_Admin_Contents.php(67): LC_Page_Admin_Contents->action
E:\ECCube\eccube-2.13.5\data\class\pages\admin\contents\LC_Page_Admin_Contents.php(101): LC_Page_Admin_Contents->doRegist
E:\ECCube\eccube-2.13.5\data\class\pages\admin\contents\LC_Page_Admin_Contents.php(215): SC_Helper_News->saveNews
E:\ECCube\eccube-2.13.5\data\class\helper\SC_Helper_News.php(101): SC_Query->insert
E:\ECCube\eccube-2.13.5\data\class\SC_Query.php(575): SC_Query->query
E:\ECCube\eccube-2.13.5\data\class\SC_Query.php(873): SC_Query->execute
E:\ECCube\eccube-2.13.5\data\class\SC_Query.php(1056): SC_Query->error
E:\ECCube\eccube-2.13.5\data\class\SC_Query.php(1095): trigger_error
2016/08/05 16:18:42 [/admin/contents/index.php] Fatal error(E_USER_ERROR): DB処理でエラーが発生しました。
SQL: [PREPARE mdb2_statement_mysql_661761370b546c54cab371b3716ff0f4af437aa91 FROM 'INSERT INTO dtb_news(news_id,expiry_year,expiry_month,expiry_day,news_title,news_url,news_comment,link_method,creator_id,news_date,news_expiry_date,update_date,rank,create_date) SELECT ?,?,?,?,?,?,?,?,?,?,?,CURRENT_TIMESTAMP,?,CURRENT_TIMESTAMP']
PlaceHolder: [array (
  0 => '5',
  1 => '2016',
  2 => '9',
  3 => '1',
  4 => 'ergwrg',
  5 => '',
  6 => '12qweqfqwca ',
  7 => 1,
  8 => '2',
  9 => '2016/8/1',
  10 => '2016/9/1',
  11 => 2,
)]
MDB2 Error: no such field
_doQuery: [Error message: Could not execute statement]
[Last executed query: EXECUTE mdb2_statement_mysql_661761370b546c54cab371b3716ff0f4af437aa91 USING @0, @1, @2, @3, @4, @5, @6, @7, @8, @9, @10, @11]
[Native code: 1054]
[Native message: Unknown column 'expiry_year' in 'field list']
 on [E:\ECCube\eccube-2.13.5\data\class\SC_Query.php(1095)] from ::1
login_id = admin(0)[17vn6kmauqsi7lsjimu167aon0]
E:\ECCube\eccube-2.13.5\html\admin\contents\index.php(29): LC_Page_Admin_Contents_Ex->process
E:\ECCube\eccube-2.13.5\data\class_extends\page_extends\admin\contents\LC_Page_Admin_Contents_Ex.php(54): LC_Page_Admin_Contents->process
E:\ECCube\eccube-2.13.5\data\class\pages\admin\contents\LC_Page_Admin_Contents.php(67): LC_Page_Admin_Contents->action
E:\ECCube\eccube-2.13.5\data\class\pages\admin\contents\LC_Page_Admin_Contents.php(101): LC_Page_Admin_Contents->doRegist
E:\ECCube\eccube-2.13.5\data\class\pages\admin\contents\LC_Page_Admin_Contents.php(215): SC_Helper_News->saveNews
E:\ECCube\eccube-2.13.5\data\class\helper\SC_Helper_News.php(101): SC_Query->insert
E:\ECCube\eccube-2.13.5\data\class\SC_Query.php(575): SC_Query->query
E:\ECCube\eccube-2.13.5\data\class\SC_Query.php(873): SC_Query->execute
E:\ECCube\eccube-2.13.5\data\class\SC_Query.php(1056): SC_Query->error
E:\ECCube\eccube-2.13.5\data\class\SC_Query.php(1095): trigger_error
2016/08/05 16:18:52 [/admin/contents/index.php] Fatal error(E_USER_ERROR): DB処理でエラーが発生しました。
SQL: [PREPARE mdb2_statement_mysql_6f63d56ae69939bf6865d75ad0491a38c651b74b2 FROM 'INSERT INTO dtb_news(news_id,expiry_year,expiry_month,expiry_day,news_title,news_url,news_comment,link_method,creator_id,news_date,news_expiry_date,update_date,rank,create_date) SELECT ?,?,?,?,?,?,?,?,?,?,?,CURRENT_TIMESTAMP,?,CURRENT_TIMESTAMP']
PlaceHolder: [array (
  0 => '6',
  1 => '',
  2 => '',
  3 => '',
  4 => 'ergwrg',
  5 => '',
  6 => '12qweqfqwca ',
  7 => 1,
  8 => '2',
  9 => '2016/8/1',
  10 => '//',
  11 => 2,
)]
MDB2 Error: no such field
_doQuery: [Error message: Could not execute statement]
[Last executed query: EXECUTE mdb2_statement_mysql_6f63d56ae69939bf6865d75ad0491a38c651b74b2 USING @0, @1, @2, @3, @4, @5, @6, @7, @8, @9, @10, @11]
[Native code: 1054]
[Native message: Unknown column 'expiry_year' in 'field list']
 on [E:\ECCube\eccube-2.13.5\data\class\SC_Query.php(1095)] from ::1
login_id = admin(0)[17vn6kmauqsi7lsjimu167aon0]
E:\ECCube\eccube-2.13.5\html\admin\contents\index.php(29): LC_Page_Admin_Contents_Ex->process
E:\ECCube\eccube-2.13.5\data\class_extends\page_extends\admin\contents\LC_Page_Admin_Contents_Ex.php(54): LC_Page_Admin_Contents->process
E:\ECCube\eccube-2.13.5\data\class\pages\admin\contents\LC_Page_Admin_Contents.php(67): LC_Page_Admin_Contents->action
E:\ECCube\eccube-2.13.5\data\class\pages\admin\contents\LC_Page_Admin_Contents.php(101): LC_Page_Admin_Contents->doRegist
E:\ECCube\eccube-2.13.5\data\class\pages\admin\contents\LC_Page_Admin_Contents.php(215): SC_Helper_News->saveNews
E:\ECCube\eccube-2.13.5\data\class\helper\SC_Helper_News.php(101): SC_Query->insert
E:\ECCube\eccube-2.13.5\data\class\SC_Query.php(575): SC_Query->query
E:\ECCube\eccube-2.13.5\data\class\SC_Query.php(873): SC_Query->execute
E:\ECCube\eccube-2.13.5\data\class\SC_Query.php(1056): SC_Query->error
E:\ECCube\eccube-2.13.5\data\class\SC_Query.php(1095): trigger_error
2016/08/05 16:48:14 [/admin/contents/index.php] Fatal error(E_USER_ERROR): DB処理でエラーが発生しました。
SQL: [PREPARE mdb2_statement_mysql_6eb0326a164dee7158a0ce1e8b339fe816be1344d FROM 'INSERT INTO dtb_news(news_id,expiry_year,expiry_month,expiry_day,news_title,news_url,news_comment,link_method,creator_id,news_date,news_expiry_date,update_date,rank,create_date) SELECT ?,?,?,?,?,?,?,?,?,?,?,CURRENT_TIMESTAMP,?,CURRENT_TIMESTAMP']
PlaceHolder: [array (
  0 => '7',
  1 => '2011',
  2 => '7',
  3 => '9',
  4 => 'asdasda',
  5 => '',
  6 => 'sdfs',
  7 => 1,
  8 => '2',
  9 => '2005/1/1',
  10 => '2011/7/9',
  11 => 2,
)]
MDB2 Error: no such field
_doQuery: [Error message: Could not execute statement]
[Last executed query: EXECUTE mdb2_statement_mysql_6eb0326a164dee7158a0ce1e8b339fe816be1344d USING @0, @1, @2, @3, @4, @5, @6, @7, @8, @9, @10, @11]
[Native code: 1054]
[Native message: Unknown column 'expiry_year' in 'field list']
 on [E:\ECCube\eccube-2.13.5\data\class\SC_Query.php(1095)] from ::1
login_id = admin(0)[17vn6kmauqsi7lsjimu167aon0]
E:\ECCube\eccube-2.13.5\html\admin\contents\index.php(29): LC_Page_Admin_Contents_Ex->process
E:\ECCube\eccube-2.13.5\data\class_extends\page_extends\admin\contents\LC_Page_Admin_Contents_Ex.php(54): LC_Page_Admin_Contents->process
E:\ECCube\eccube-2.13.5\data\class\pages\admin\contents\LC_Page_Admin_Contents.php(71): LC_Page_Admin_Contents->action
E:\ECCube\eccube-2.13.5\data\class\pages\admin\contents\LC_Page_Admin_Contents.php(105): LC_Page_Admin_Contents->doRegist
E:\ECCube\eccube-2.13.5\data\class\pages\admin\contents\LC_Page_Admin_Contents.php(219): SC_Helper_News->saveNews
E:\ECCube\eccube-2.13.5\data\class\helper\SC_Helper_News.php(101): SC_Query->insert
E:\ECCube\eccube-2.13.5\data\class\SC_Query.php(575): SC_Query->query
E:\ECCube\eccube-2.13.5\data\class\SC_Query.php(873): SC_Query->execute
E:\ECCube\eccube-2.13.5\data\class\SC_Query.php(1056): SC_Query->error
E:\ECCube\eccube-2.13.5\data\class\SC_Query.php(1095): trigger_error
2016/08/05 17:05:27 [/admin/contents/index.php] Fatal error(E_USER_ERROR): DB処理でエラーが発生しました。
SQL: [PREPARE mdb2_statement_mysql_6f79a61f89c63e36b96dfb622784ce53036ac77ba FROM 'INSERT INTO dtb_news(news_id,expiry_year,expiry_month,expiry_day,news_title,news_url,news_comment,link_method,creator_id,news_date,news_expiry_date,update_date,rank,create_date) SELECT ?,?,?,?,?,?,?,?,?,?,?,CURRENT_TIMESTAMP,?,CURRENT_TIMESTAMP']
PlaceHolder: [array (
  0 => '8',
  1 => '',
  2 => '',
  3 => '',
  4 => 'asdasda',
  5 => '',
  6 => 'sdfs',
  7 => 1,
  8 => '2',
  9 => '2005/1/1',
  10 => '//',
  11 => 2,
)]
MDB2 Error: no such field
_doQuery: [Error message: Could not execute statement]
[Last executed query: EXECUTE mdb2_statement_mysql_6f79a61f89c63e36b96dfb622784ce53036ac77ba USING @0, @1, @2, @3, @4, @5, @6, @7, @8, @9, @10, @11]
[Native code: 1054]
[Native message: Unknown column 'expiry_year' in 'field list']
 on [E:\ECCube\eccube-2.13.5\data\class\SC_Query.php(1095)] from ::1
login_id = admin(0)[17vn6kmauqsi7lsjimu167aon0]
E:\ECCube\eccube-2.13.5\html\admin\contents\index.php(29): LC_Page_Admin_Contents_Ex->process
E:\ECCube\eccube-2.13.5\data\class_extends\page_extends\admin\contents\LC_Page_Admin_Contents_Ex.php(54): LC_Page_Admin_Contents->process
E:\ECCube\eccube-2.13.5\data\class\pages\admin\contents\LC_Page_Admin_Contents.php(71): LC_Page_Admin_Contents->action
E:\ECCube\eccube-2.13.5\data\class\pages\admin\contents\LC_Page_Admin_Contents.php(105): LC_Page_Admin_Contents->doRegist
E:\ECCube\eccube-2.13.5\data\class\pages\admin\contents\LC_Page_Admin_Contents.php(219): SC_Helper_News->saveNews
E:\ECCube\eccube-2.13.5\data\class\helper\SC_Helper_News.php(101): SC_Query->insert
E:\ECCube\eccube-2.13.5\data\class\SC_Query.php(575): SC_Query->query
E:\ECCube\eccube-2.13.5\data\class\SC_Query.php(873): SC_Query->execute
E:\ECCube\eccube-2.13.5\data\class\SC_Query.php(1056): SC_Query->error
E:\ECCube\eccube-2.13.5\data\class\SC_Query.php(1095): trigger_error
2016/08/05 17:06:32 [/admin/contents/index.php] Fatal error(E_USER_ERROR): DB処理でエラーが発生しました。
SQL: [UPDATE dtb_news SET news_id= ?, expiry_year= ?, expiry_month= ?, expiry_day= ?, news_title= ?, news_url= ?, news_comment= ?, link_method= ?, news_date= ?, news_expiry_date= ?, update_date= CURRENT_TIMESTAMP WHERE news_id = ?]
MDB2 Error: no such field
_doQuery: [Error message: Could not execute statement]
[Last executed query: PREPARE mdb2_statement_mysql_5532060eb01507752ba6cce7d317679147cc7da68 FROM 'UPDATE dtb_news SET news_id= ?, expiry_year= ?, expiry_month= ?, expiry_day= ?, news_title= ?, news_url= ?, news_comment= ?, link_method= ?, news_date= ?, news_expiry_date= ?, update_date= CURRENT_TIMESTAMP WHERE news_id = ?']
[Native code: 1054]
[Native message: Unknown column 'expiry_year' in 'field list']
 on [E:\ECCube\eccube-2.13.5\data\class\SC_Query.php(1095)] from ::1
login_id = admin(0)[17vn6kmauqsi7lsjimu167aon0]
E:\ECCube\eccube-2.13.5\html\admin\contents\index.php(29): LC_Page_Admin_Contents_Ex->process
E:\ECCube\eccube-2.13.5\data\class_extends\page_extends\admin\contents\LC_Page_Admin_Contents_Ex.php(54): LC_Page_Admin_Contents->process
E:\ECCube\eccube-2.13.5\data\class\pages\admin\contents\LC_Page_Admin_Contents.php(71): LC_Page_Admin_Contents->action
E:\ECCube\eccube-2.13.5\data\class\pages\admin\contents\LC_Page_Admin_Contents.php(105): LC_Page_Admin_Contents->doRegist
E:\ECCube\eccube-2.13.5\data\class\pages\admin\contents\LC_Page_Admin_Contents.php(219): SC_Helper_News->saveNews
E:\ECCube\eccube-2.13.5\data\class\helper\SC_Helper_News.php(107): SC_Query->update
E:\ECCube\eccube-2.13.5\data\class\SC_Query.php(635): SC_Query->query
E:\ECCube\eccube-2.13.5\data\class\SC_Query.php(868): SC_Query->prepare
E:\ECCube\eccube-2.13.5\data\class\SC_Query.php(1024): SC_Query->error
E:\ECCube\eccube-2.13.5\data\class\SC_Query.php(1095): trigger_error
2016/08/05 17:24:07 [/admin/contents/index.php] Fatal error(E_PARSE): syntax error, unexpected '$ret' (T_VARIABLE) on [E:\ECCube\eccube-2.13.5\data\class\helper\SC_Helper_News.php(102)] from ::1
login_id = admin(0)[17vn6kmauqsi7lsjimu167aon0]
2016/08/05 17:24:18 [/admin/contents/index.php] Fatal error(E_PARSE): syntax error, unexpected '$ret' (T_VARIABLE) on [E:\ECCube\eccube-2.13.5\data\class\helper\SC_Helper_News.php(102)] from ::1
login_id = admin(0)[17vn6kmauqsi7lsjimu167aon0]
2016/08/05 17:24:26 [/admin/contents/index.php] Fatal error(E_PARSE): syntax error, unexpected '$ret' (T_VARIABLE) on [E:\ECCube\eccube-2.13.5\data\class\helper\SC_Helper_News.php(102)] from ::1
login_id = admin(0)[17vn6kmauqsi7lsjimu167aon0]
2016/08/05 17:24:32 [/admin/contents/index.php] Fatal error(E_PARSE): syntax error, unexpected '$ret' (T_VARIABLE) on [E:\ECCube\eccube-2.13.5\data\class\helper\SC_Helper_News.php(102)] from ::1
login_id = admin(0)[17vn6kmauqsi7lsjimu167aon0]
2016/08/05 17:25:26 [/admin/contents/index.php] Fatal error(E_PARSE): syntax error, unexpected '$ret' (T_VARIABLE) on [E:\ECCube\eccube-2.13.5\data\class\helper\SC_Helper_News.php(102)] from ::1
login_id = admin(0)[17vn6kmauqsi7lsjimu167aon0]
2016/08/05 17:25:32 [/admin/contents/index.php] Fatal error(E_PARSE): syntax error, unexpected '$ret' (T_VARIABLE) on [E:\ECCube\eccube-2.13.5\data\class\helper\SC_Helper_News.php(102)] from ::1
login_id = admin(0)[17vn6kmauqsi7lsjimu167aon0]
2016/08/05 17:25:48 [/admin/contents/index.php] Fatal error(E_PARSE): syntax error, unexpected '$ret' (T_VARIABLE) on [E:\ECCube\eccube-2.13.5\data\class\helper\SC_Helper_News.php(102)] from ::1
login_id = admin(0)[17vn6kmauqsi7lsjimu167aon0]
2016/08/05 17:29:52 [/admin/contents/index.php] Fatal error(E_PARSE): syntax error, unexpected '$ret' (T_VARIABLE) on [E:\ECCube\eccube-2.13.5\data\class\helper\SC_Helper_News.php(102)] from ::1
login_id = admin(0)[17vn6kmauqsi7lsjimu167aon0]
2016/08/05 17:29:54 [/admin/contents/index.php] Fatal error(E_PARSE): syntax error, unexpected '$ret' (T_VARIABLE) on [E:\ECCube\eccube-2.13.5\data\class\helper\SC_Helper_News.php(102)] from ::1
login_id = admin(0)[17vn6kmauqsi7lsjimu167aon0]
2016/08/05 17:35:04 [/admin/contents/index.php] Fatal error(E_USER_ERROR): DB処理でエラーが発生しました。
SQL: [PREPARE mdb2_statement_mysql_627235c0282a45b8d2318d3ff615a941789fd874f FROM 'INSERT INTO dtb_news(news_id,expiry_year,expiry_month,expiry_day,news_title,news_url,news_comment,link_method,creator_id,news_date,expiry_date,update_date,rank,create_date) SELECT ?,?,?,?,?,?,?,?,?,?,?,CURRENT_TIMESTAMP,?,CURRENT_TIMESTAMP']
PlaceHolder: [array (
  0 => '9',
  1 => '2009',
  2 => '1',
  3 => '1',
  4 => 'sfdf',
  5 => '',
  6 => '',
  7 => 1,
  8 => '2',
  9 => '2007/3/1',
  10 => '2009/1/1',
  11 => 2,
)]
MDB2 Error: no such field
_doQuery: [Error message: Could not execute statement]
[Last executed query: EXECUTE mdb2_statement_mysql_627235c0282a45b8d2318d3ff615a941789fd874f USING @0, @1, @2, @3, @4, @5, @6, @7, @8, @9, @10, @11]
[Native code: 1054]
[Native message: Unknown column 'expiry_year' in 'field list']
 on [E:\ECCube\eccube-2.13.5\data\class\SC_Query.php(1095)] from ::1
login_id = admin(0)[17vn6kmauqsi7lsjimu167aon0]
E:\ECCube\eccube-2.13.5\html\admin\contents\index.php(29): LC_Page_Admin_Contents_Ex->process
E:\ECCube\eccube-2.13.5\data\class_extends\page_extends\admin\contents\LC_Page_Admin_Contents_Ex.php(54): LC_Page_Admin_Contents->process
E:\ECCube\eccube-2.13.5\data\class\pages\admin\contents\LC_Page_Admin_Contents.php(74): LC_Page_Admin_Contents->action
E:\ECCube\eccube-2.13.5\data\class\pages\admin\contents\LC_Page_Admin_Contents.php(108): LC_Page_Admin_Contents->doRegist
E:\ECCube\eccube-2.13.5\data\class\pages\admin\contents\LC_Page_Admin_Contents.php(222): SC_Helper_News->saveNews
E:\ECCube\eccube-2.13.5\data\class\helper\SC_Helper_News.php(101): SC_Query->insert
E:\ECCube\eccube-2.13.5\data\class\SC_Query.php(575): SC_Query->query
E:\ECCube\eccube-2.13.5\data\class\SC_Query.php(873): SC_Query->execute
E:\ECCube\eccube-2.13.5\data\class\SC_Query.php(1056): SC_Query->error
E:\ECCube\eccube-2.13.5\data\class\SC_Query.php(1095): trigger_error
2016/08/05 17:43:53 [/admin/contents/index.php] Fatal error(E_USER_ERROR): DB処理でエラーが発生しました。
SQL: [PREPARE mdb2_statement_mysql_667ee6958d747f3f7ce8baff30632291a155e9cf2 FROM 'INSERT INTO dtb_news(news_id,expiry_year,expiry_month,expiry_day,news_title,news_url,news_comment,link_method,creator_id,news_date,expiry_date,update_date,rank,create_date) SELECT ?,?,?,?,?,?,?,?,?,?,?,CURRENT_TIMESTAMP,?,CURRENT_TIMESTAMP']
PlaceHolder: [array (
  0 => '10',
  1 => '2009',
  2 => '1',
  3 => '1',
  4 => 'sfdf',
  5 => '',
  6 => '',
  7 => 1,
  8 => '2',
  9 => '2007/3/1',
  10 => '2009/1/1',
  11 => 2,
)]
MDB2 Error: no such field
_doQuery: [Error message: Could not execute statement]
[Last executed query: EXECUTE mdb2_statement_mysql_667ee6958d747f3f7ce8baff30632291a155e9cf2 USING @0, @1, @2, @3, @4, @5, @6, @7, @8, @9, @10, @11]
[Native code: 1054]
[Native message: Unknown column 'expiry_year' in 'field list']
 on [E:\ECCube\eccube-2.13.5\data\class\SC_Query.php(1095)] from ::1
login_id = admin(0)[17vn6kmauqsi7lsjimu167aon0]
E:\ECCube\eccube-2.13.5\html\admin\contents\index.php(29): LC_Page_Admin_Contents_Ex->process
E:\ECCube\eccube-2.13.5\data\class_extends\page_extends\admin\contents\LC_Page_Admin_Contents_Ex.php(54): LC_Page_Admin_Contents->process
E:\ECCube\eccube-2.13.5\data\class\pages\admin\contents\LC_Page_Admin_Contents.php(74): LC_Page_Admin_Contents->action
E:\ECCube\eccube-2.13.5\data\class\pages\admin\contents\LC_Page_Admin_Contents.php(108): LC_Page_Admin_Contents->doRegist
E:\ECCube\eccube-2.13.5\data\class\pages\admin\contents\LC_Page_Admin_Contents.php(222): SC_Helper_News->saveNews
E:\ECCube\eccube-2.13.5\data\class\helper\SC_Helper_News.php(101): SC_Query->insert
E:\ECCube\eccube-2.13.5\data\class\SC_Query.php(575): SC_Query->query
E:\ECCube\eccube-2.13.5\data\class\SC_Query.php(873): SC_Query->execute
E:\ECCube\eccube-2.13.5\data\class\SC_Query.php(1056): SC_Query->error
E:\ECCube\eccube-2.13.5\data\class\SC_Query.php(1095): trigger_error
2016/08/05 17:50:27 [/admin/contents/index.php] Fatal error(E_USER_ERROR): DB処理でエラーが発生しました。
SQL: [PREPARE mdb2_statement_mysql_618b6291ef53c762afbca3f0dd7289608ee712cc8 FROM 'INSERT INTO dtb_news(news_id,expiry_year,expiry_month,expiry_day,news_title,news_url,news_comment,link_method,creator_id,news_date,expiry_date,update_date,rank,create_date) SELECT ?,?,?,?,?,?,?,?,?,?,?,CURRENT_TIMESTAMP,?,CURRENT_TIMESTAMP']
PlaceHolder: [array (
  0 => '11',
  1 => '2009',
  2 => '1',
  3 => '1',
  4 => 'sfdf',
  5 => '',
  6 => '',
  7 => 1,
  8 => '2',
  9 => '2007/3/1',
  10 => '2009/1/1',
  11 => 2,
)]
MDB2 Error: no such field
_doQuery: [Error message: Could not execute statement]
[Last executed query: EXECUTE mdb2_statement_mysql_618b6291ef53c762afbca3f0dd7289608ee712cc8 USING @0, @1, @2, @3, @4, @5, @6, @7, @8, @9, @10, @11]
[Native code: 1054]
[Native message: Unknown column 'expiry_year' in 'field list']
 on [E:\ECCube\eccube-2.13.5\data\class\SC_Query.php(1095)] from ::1
login_id = admin(0)[17vn6kmauqsi7lsjimu167aon0]
E:\ECCube\eccube-2.13.5\html\admin\contents\index.php(29): LC_Page_Admin_Contents_Ex->process
E:\ECCube\eccube-2.13.5\data\class_extends\page_extends\admin\contents\LC_Page_Admin_Contents_Ex.php(54): LC_Page_Admin_Contents->process
E:\ECCube\eccube-2.13.5\data\class\pages\admin\contents\LC_Page_Admin_Contents.php(74): LC_Page_Admin_Contents->action
E:\ECCube\eccube-2.13.5\data\class\pages\admin\contents\LC_Page_Admin_Contents.php(108): LC_Page_Admin_Contents->doRegist
E:\ECCube\eccube-2.13.5\data\class\pages\admin\contents\LC_Page_Admin_Contents.php(222): SC_Helper_News->saveNews
E:\ECCube\eccube-2.13.5\data\class\helper\SC_Helper_News.php(102): SC_Query->insert
E:\ECCube\eccube-2.13.5\data\class\SC_Query.php(575): SC_Query->query
E:\ECCube\eccube-2.13.5\data\class\SC_Query.php(873): SC_Query->execute
E:\ECCube\eccube-2.13.5\data\class\SC_Query.php(1056): SC_Query->error
E:\ECCube\eccube-2.13.5\data\class\SC_Query.php(1095): trigger_error
2016/08/05 17:51:33 [/admin/contents/index.php] Fatal error(E_USER_ERROR): DB処理でエラーが発生しました。
SQL: [PREPARE mdb2_statement_mysql_64995322006a62ec147c4c54bd3133720faf521ee FROM 'INSERT INTO dtb_news(news_id,expiry_year,expiry_month,expiry_day,news_title,news_url,news_comment,link_method,creator_id,news_date,expiry_date,update_date,rank,create_date) SELECT ?,?,?,?,?,?,?,?,?,?,?,CURRENT_TIMESTAMP,?,CURRENT_TIMESTAMP']
PlaceHolder: [array (
  0 => '12',
  1 => '2009',
  2 => '1',
  3 => '1',
  4 => 'sfdf',
  5 => '',
  6 => '',
  7 => 1,
  8 => '2',
  9 => '2007/3/1',
  10 => '2009/1/1',
  11 => 2,
)]
MDB2 Error: no such field
_doQuery: [Error message: Could not execute statement]
[Last executed query: EXECUTE mdb2_statement_mysql_64995322006a62ec147c4c54bd3133720faf521ee USING @0, @1, @2, @3, @4, @5, @6, @7, @8, @9, @10, @11]
[Native code: 1054]
[Native message: Unknown column 'expiry_year' in 'field list']
 on [E:\ECCube\eccube-2.13.5\data\class\SC_Query.php(1095)] from ::1
login_id = admin(0)[17vn6kmauqsi7lsjimu167aon0]
E:\ECCube\eccube-2.13.5\html\admin\contents\index.php(29): LC_Page_Admin_Contents_Ex->process
E:\ECCube\eccube-2.13.5\data\class_extends\page_extends\admin\contents\LC_Page_Admin_Contents_Ex.php(54): LC_Page_Admin_Contents->process
E:\ECCube\eccube-2.13.5\data\class\pages\admin\contents\LC_Page_Admin_Contents.php(74): LC_Page_Admin_Contents->action
E:\ECCube\eccube-2.13.5\data\class\pages\admin\contents\LC_Page_Admin_Contents.php(108): LC_Page_Admin_Contents->doRegist
E:\ECCube\eccube-2.13.5\data\class\pages\admin\contents\LC_Page_Admin_Contents.php(222): SC_Helper_News->saveNews
E:\ECCube\eccube-2.13.5\data\class\helper\SC_Helper_News.php(102): SC_Query->insert
E:\ECCube\eccube-2.13.5\data\class\SC_Query.php(575): SC_Query->query
E:\ECCube\eccube-2.13.5\data\class\SC_Query.php(873): SC_Query->execute
E:\ECCube\eccube-2.13.5\data\class\SC_Query.php(1056): SC_Query->error
E:\ECCube\eccube-2.13.5\data\class\SC_Query.php(1095): trigger_error
2016/08/05 17:54:23 [/admin/contents/index.php] Fatal error(E_USER_ERROR): DB処理でエラーが発生しました。
SQL: [PREPARE mdb2_statement_mysql_6b71d61d728920dc8729a325b9eed666c2b850486 FROM 'INSERT INTO dtb_news(news_id,expiry_year,expiry_month,expiry_day,news_title,news_url,news_comment,link_method,creator_id,news_date,expiry_date,update_date,rank,create_date) SELECT ?,?,?,?,?,?,?,?,?,?,?,CURRENT_TIMESTAMP,?,CURRENT_TIMESTAMP']
PlaceHolder: [array (
  0 => '13',
  1 => '2009',
  2 => '1',
  3 => '1',
  4 => 'sfdf',
  5 => '',
  6 => '',
  7 => 1,
  8 => '2',
  9 => '2007/3/1',
  10 => '2009/1/1',
  11 => 2,
)]
MDB2 Error: no such field
_doQuery: [Error message: Could not execute statement]
[Last executed query: EXECUTE mdb2_statement_mysql_6b71d61d728920dc8729a325b9eed666c2b850486 USING @0, @1, @2, @3, @4, @5, @6, @7, @8, @9, @10, @11]
[Native code: 1054]
[Native message: Unknown column 'expiry_year' in 'field list']
 on [E:\ECCube\eccube-2.13.5\data\class\SC_Query.php(1095)] from ::1
login_id = admin(0)[17vn6kmauqsi7lsjimu167aon0]
E:\ECCube\eccube-2.13.5\html\admin\contents\index.php(29): LC_Page_Admin_Contents_Ex->process
E:\ECCube\eccube-2.13.5\data\class_extends\page_extends\admin\contents\LC_Page_Admin_Contents_Ex.php(54): LC_Page_Admin_Contents->process
E:\ECCube\eccube-2.13.5\data\class\pages\admin\contents\LC_Page_Admin_Contents.php(74): LC_Page_Admin_Contents->action
E:\ECCube\eccube-2.13.5\data\class\pages\admin\contents\LC_Page_Admin_Contents.php(108): LC_Page_Admin_Contents->doRegist
E:\ECCube\eccube-2.13.5\data\class\pages\admin\contents\LC_Page_Admin_Contents.php(222): SC_Helper_News->saveNews
E:\ECCube\eccube-2.13.5\data\class\helper\SC_Helper_News.php(101): SC_Query->insert
E:\ECCube\eccube-2.13.5\data\class\SC_Query.php(575): SC_Query->query
E:\ECCube\eccube-2.13.5\data\class\SC_Query.php(873): SC_Query->execute
E:\ECCube\eccube-2.13.5\data\class\SC_Query.php(1056): SC_Query->error
E:\ECCube\eccube-2.13.5\data\class\SC_Query.php(1095): trigger_error
2016/08/05 17:59:08 [/admin/contents/index.php] Fatal error(E_USER_ERROR): DB処理でエラーが発生しました。
SQL: [PREPARE mdb2_statement_mysql_6059b744f9235ab730d309d7c49d8bfd25649f198 FROM 'INSERT INTO dtb_news(news_id,expiry_year,expiry_month,expiry_day,news_title,news_url,news_comment,link_method,creator_id,news_date,expiry_date,update_date,rank,create_date) SELECT ?,?,?,?,?,?,?,?,?,?,?,CURRENT_TIMESTAMP,?,CURRENT_TIMESTAMP']
PlaceHolder: [array (
  0 => '14',
  1 => '2009',
  2 => '1',
  3 => '1',
  4 => 'sfdf',
  5 => '',
  6 => '',
  7 => 1,
  8 => '2',
  9 => '2007/3/1',
  10 => '2009/1/1',
  11 => 2,
)]
MDB2 Error: no such field
_doQuery: [Error message: Could not execute statement]
[Last executed query: EXECUTE mdb2_statement_mysql_6059b744f9235ab730d309d7c49d8bfd25649f198 USING @0, @1, @2, @3, @4, @5, @6, @7, @8, @9, @10, @11]
[Native code: 1054]
[Native message: Unknown column 'expiry_year' in 'field list']
 on [E:\ECCube\eccube-2.13.5\data\class\SC_Query.php(1095)] from ::1
login_id = admin(0)[17vn6kmauqsi7lsjimu167aon0]
E:\ECCube\eccube-2.13.5\html\admin\contents\index.php(29): LC_Page_Admin_Contents_Ex->process
E:\ECCube\eccube-2.13.5\data\class_extends\page_extends\admin\contents\LC_Page_Admin_Contents_Ex.php(54): LC_Page_Admin_Contents->process
E:\ECCube\eccube-2.13.5\data\class\pages\admin\contents\LC_Page_Admin_Contents.php(76): LC_Page_Admin_Contents->action
E:\ECCube\eccube-2.13.5\data\class\pages\admin\contents\LC_Page_Admin_Contents.php(110): LC_Page_Admin_Contents->doRegist
E:\ECCube\eccube-2.13.5\data\class\pages\admin\contents\LC_Page_Admin_Contents.php(224): SC_Helper_News->saveNews
E:\ECCube\eccube-2.13.5\data\class\helper\SC_Helper_News.php(101): SC_Query->insert
E:\ECCube\eccube-2.13.5\data\class\SC_Query.php(575): SC_Query->query
E:\ECCube\eccube-2.13.5\data\class\SC_Query.php(873): SC_Query->execute
E:\ECCube\eccube-2.13.5\data\class\SC_Query.php(1056): SC_Query->error
E:\ECCube\eccube-2.13.5\data\class\SC_Query.php(1095): trigger_error
2016/08/05 17:59:50 [/admin/contents/index.php] Fatal error(E_USER_ERROR): DB処理でエラーが発生しました。
SQL: [PREPARE mdb2_statement_mysql_6578aad0fad5183da1a31c0f162374590bc8de796 FROM 'INSERT INTO dtb_news(news_id,expiry_year,expiry_month,expiry_day,news_title,news_url,news_comment,link_method,creator_id,news_date,expiry_date,update_date,rank,create_date) SELECT ?,?,?,?,?,?,?,?,?,?,?,CURRENT_TIMESTAMP,?,CURRENT_TIMESTAMP']
PlaceHolder: [array (
  0 => '15',
  1 => '2009',
  2 => '1',
  3 => '1',
  4 => 'sfdf',
  5 => '',
  6 => '',
  7 => 1,
  8 => '2',
  9 => '2007/3/1',
  10 => '2009/1/1',
  11 => 2,
)]
MDB2 Error: no such field
_doQuery: [Error message: Could not execute statement]
[Last executed query: EXECUTE mdb2_statement_mysql_6578aad0fad5183da1a31c0f162374590bc8de796 USING @0, @1, @2, @3, @4, @5, @6, @7, @8, @9, @10, @11]
[Native code: 1054]
[Native message: Unknown column 'expiry_year' in 'field list']
 on [E:\ECCube\eccube-2.13.5\data\class\SC_Query.php(1095)] from ::1
login_id = admin(0)[17vn6kmauqsi7lsjimu167aon0]
E:\ECCube\eccube-2.13.5\html\admin\contents\index.php(29): LC_Page_Admin_Contents_Ex->process
E:\ECCube\eccube-2.13.5\data\class_extends\page_extends\admin\contents\LC_Page_Admin_Contents_Ex.php(54): LC_Page_Admin_Contents->process
E:\ECCube\eccube-2.13.5\data\class\pages\admin\contents\LC_Page_Admin_Contents.php(76): LC_Page_Admin_Contents->action
E:\ECCube\eccube-2.13.5\data\class\pages\admin\contents\LC_Page_Admin_Contents.php(110): LC_Page_Admin_Contents->doRegist
E:\ECCube\eccube-2.13.5\data\class\pages\admin\contents\LC_Page_Admin_Contents.php(224): SC_Helper_News->saveNews
E:\ECCube\eccube-2.13.5\data\class\helper\SC_Helper_News.php(101): SC_Query->insert
E:\ECCube\eccube-2.13.5\data\class\SC_Query.php(575): SC_Query->query
E:\ECCube\eccube-2.13.5\data\class\SC_Query.php(873): SC_Query->execute
E:\ECCube\eccube-2.13.5\data\class\SC_Query.php(1056): SC_Query->error
E:\ECCube\eccube-2.13.5\data\class\SC_Query.php(1095): trigger_error
2016/08/05 18:01:42 [/admin/contents/index.php] Fatal error(E_USER_ERROR): DB処理でエラーが発生しました。
SQL: [PREPARE mdb2_statement_mysql_699ebb4b334de917d54e8a5cc0f75361541446671 FROM 'INSERT INTO dtb_news(news_id,expiry_year,expiry_month,expiry_day,news_title,news_url,news_comment,link_method,creator_id,news_date,expiry_date,update_date,rank,create_date) SELECT ?,?,?,?,?,?,?,?,?,?,?,CURRENT_TIMESTAMP,?,CURRENT_TIMESTAMP']
PlaceHolder: [array (
  0 => '16',
  1 => '2009',
  2 => '1',
  3 => '1',
  4 => 'sfdf',
  5 => '',
  6 => '',
  7 => 1,
  8 => '2',
  9 => '2007/3/1',
  10 => '2009/1/1',
  11 => 2,
)]
MDB2 Error: no such field
_doQuery: [Error message: Could not execute statement]
[Last executed query: EXECUTE mdb2_statement_mysql_699ebb4b334de917d54e8a5cc0f75361541446671 USING @0, @1, @2, @3, @4, @5, @6, @7, @8, @9, @10, @11]
[Native code: 1054]
[Native message: Unknown column 'expiry_year' in 'field list']
 on [E:\ECCube\eccube-2.13.5\data\class\SC_Query.php(1095)] from ::1
login_id = admin(0)[17vn6kmauqsi7lsjimu167aon0]
E:\ECCube\eccube-2.13.5\html\admin\contents\index.php(29): LC_Page_Admin_Contents_Ex->process
E:\ECCube\eccube-2.13.5\data\class_extends\page_extends\admin\contents\LC_Page_Admin_Contents_Ex.php(54): LC_Page_Admin_Contents->process
E:\ECCube\eccube-2.13.5\data\class\pages\admin\contents\LC_Page_Admin_Contents.php(76): LC_Page_Admin_Contents->action
E:\ECCube\eccube-2.13.5\data\class\pages\admin\contents\LC_Page_Admin_Contents.php(110): LC_Page_Admin_Contents->doRegist
E:\ECCube\eccube-2.13.5\data\class\pages\admin\contents\LC_Page_Admin_Contents.php(224): SC_Helper_News->saveNews
E:\ECCube\eccube-2.13.5\data\class\helper\SC_Helper_News.php(101): SC_Query->insert
E:\ECCube\eccube-2.13.5\data\class\SC_Query.php(575): SC_Query->query
E:\ECCube\eccube-2.13.5\data\class\SC_Query.php(873): SC_Query->execute
E:\ECCube\eccube-2.13.5\data\class\SC_Query.php(1056): SC_Query->error
E:\ECCube\eccube-2.13.5\data\class\SC_Query.php(1095): trigger_error
2016/08/15 18:05:36 [/index.php] Fatal error(E_USER_ERROR): DB処理でエラーが発生しました。
SQL: [SELECT *, cast(news_date as date) as cast_news_date FROM dtb_news WHERE  AND del_flg = 0  ORDER BY rank DESC ]
MDB2 Error: syntax error
_doQuery: [Error message: Could not execute statement]
[Last executed query: PREPARE mdb2_statement_mysql_1473726f8a347549b415e2d3bf00ab05fc38c6867f FROM 'SELECT *, cast(news_date as date) as cast_news_date FROM dtb_news WHERE  AND del_flg = 0  ORDER BY rank DESC ']
[Native code: 1064]
[Native message: You have an error in your SQL syntax; check the manual that corresponds to your MySQL server version for the right syntax to use near 'AND del_flg = 0  ORDER BY rank DESC' at line 1]
 on [E:\ECCube\eccube-2.13.5\data\class\SC_Query.php(1095)] from ::1
customer_id = 
E:\ECCube\eccube-2.13.5\html\index.php(28): LC_Page_Index_Ex->process
E:\ECCube\eccube-2.13.5\data\class_extends\page_extends\LC_Page_Index_Ex.php(54): LC_Page_Index->process
E:\ECCube\eccube-2.13.5\data\class\pages\LC_Page_Index.php(54): LC_Page->sendResponse
E:\ECCube\eccube-2.13.5\data\class\pages\LC_Page.php(155): SC_Display->prepare
E:\ECCube\eccube-2.13.5\data\class\SC_Display.php(80): SC_View->getResponse
E:\ECCube\eccube-2.13.5\data\class\SC_View.php(105): Smarty->fetch
E:\ECCube\eccube-2.13.5\data\module\Smarty\libs\Smarty.class.php(1264): include
E:\ECCube\eccube-2.13.5\data\Smarty\templates_c\default\%%F1^F15^F158E3F4%%site_frame.tpl.php(98): Smarty->_smarty_include
E:\ECCube\eccube-2.13.5\data\module\Smarty\libs\Smarty.class.php(1870): include
E:\ECCube\eccube-2.13.5\data\Smarty\templates_c\default\%%58^587^5876E692%%site_main.tpl.php(45): smarty_core_smarty_include_php
E:\ECCube\eccube-2.13.5\data\module\Smarty\libs\internals\core.smarty_include_php.php(40): Smarty->_include
E:\ECCube\eccube-2.13.5\data\module\Smarty\libs\Smarty.class.php(1924): include
E:\ECCube\eccube-2.13.5\html\frontparts\bloc\news.php(29): LC_Page_FrontParts_Bloc_News_Ex->process
E:\ECCube\eccube-2.13.5\data\class_extends\page_extends\frontparts\bloc\LC_Page_FrontParts_Bloc_News_Ex.php(54): LC_Page_FrontParts_Bloc_News->process
E:\ECCube\eccube-2.13.5\data\class\pages\frontparts\bloc\LC_Page_FrontParts_Bloc_News.php(52): LC_Page_FrontParts_Bloc_News->action
E:\ECCube\eccube-2.13.5\data\class\pages\frontparts\bloc\LC_Page_FrontParts_Bloc_News.php(97): SC_Helper_News->getList
E:\ECCube\eccube-2.13.5\data\class\helper\SC_Helper_News.php(80): SC_Query->select
E:\ECCube\eccube-2.13.5\data\class\SC_Query.php(176): SC_Query->getAll
E:\ECCube\eccube-2.13.5\data\class\SC_Query.php(304): SC_Query->prepare
E:\ECCube\eccube-2.13.5\data\class\SC_Query.php(1024): SC_Query->error
E:\ECCube\eccube-2.13.5\data\class\SC_Query.php(1095): trigger_error
2016/08/15 18:06:42 [/index.php] Fatal error(E_USER_ERROR): DB処理でエラーが発生しました。
SQL: [SELECT *, cast(news_date as date) as cast_news_date FROM dtb_news WHERE  AND del_flg = 0  ORDER BY rank DESC ]
MDB2 Error: syntax error
_doQuery: [Error message: Could not execute statement]
[Last executed query: PREPARE mdb2_statement_mysql_14507c3bcba48f0b9df417b0811d0d9cdffc5ef98d FROM 'SELECT *, cast(news_date as date) as cast_news_date FROM dtb_news WHERE  AND del_flg = 0  ORDER BY rank DESC ']
[Native code: 1064]
[Native message: You have an error in your SQL syntax; check the manual that corresponds to your MySQL server version for the right syntax to use near 'AND del_flg = 0  ORDER BY rank DESC' at line 1]
 on [E:\ECCube\eccube-2.13.5\data\class\SC_Query.php(1095)] from ::1
customer_id = 
E:\ECCube\eccube-2.13.5\html\index.php(28): LC_Page_Index_Ex->process
E:\ECCube\eccube-2.13.5\data\class_extends\page_extends\LC_Page_Index_Ex.php(54): LC_Page_Index->process
E:\ECCube\eccube-2.13.5\data\class\pages\LC_Page_Index.php(54): LC_Page->sendResponse
E:\ECCube\eccube-2.13.5\data\class\pages\LC_Page.php(155): SC_Display->prepare
E:\ECCube\eccube-2.13.5\data\class\SC_Display.php(80): SC_View->getResponse
E:\ECCube\eccube-2.13.5\data\class\SC_View.php(105): Smarty->fetch
E:\ECCube\eccube-2.13.5\data\module\Smarty\libs\Smarty.class.php(1264): include
E:\ECCube\eccube-2.13.5\data\Smarty\templates_c\default\%%F1^F15^F158E3F4%%site_frame.tpl.php(98): Smarty->_smarty_include
E:\ECCube\eccube-2.13.5\data\module\Smarty\libs\Smarty.class.php(1870): include
E:\ECCube\eccube-2.13.5\data\Smarty\templates_c\default\%%58^587^5876E692%%site_main.tpl.php(45): smarty_core_smarty_include_php
E:\ECCube\eccube-2.13.5\data\module\Smarty\libs\internals\core.smarty_include_php.php(40): Smarty->_include
E:\ECCube\eccube-2.13.5\data\module\Smarty\libs\Smarty.class.php(1924): include
E:\ECCube\eccube-2.13.5\html\frontparts\bloc\news.php(29): LC_Page_FrontParts_Bloc_News_Ex->process
E:\ECCube\eccube-2.13.5\data\class_extends\page_extends\frontparts\bloc\LC_Page_FrontParts_Bloc_News_Ex.php(54): LC_Page_FrontParts_Bloc_News->process
E:\ECCube\eccube-2.13.5\data\class\pages\frontparts\bloc\LC_Page_FrontParts_Bloc_News.php(52): LC_Page_FrontParts_Bloc_News->action
E:\ECCube\eccube-2.13.5\data\class\pages\frontparts\bloc\LC_Page_FrontParts_Bloc_News.php(97): SC_Helper_News->getList
E:\ECCube\eccube-2.13.5\data\class\helper\SC_Helper_News.php(81): SC_Query->select
E:\ECCube\eccube-2.13.5\data\class\SC_Query.php(176): SC_Query->getAll
E:\ECCube\eccube-2.13.5\data\class\SC_Query.php(304): SC_Query->prepare
E:\ECCube\eccube-2.13.5\data\class\SC_Query.php(1024): SC_Query->error
E:\ECCube\eccube-2.13.5\data\class\SC_Query.php(1095): trigger_error
2016/08/15 18:45:34 [/index.php] Warning(E_WARNING): Missing argument 1 for SC_Helper_News::getList(), called in E:\ECCube\eccube-2.13.5\data\class\pages\frontparts\bloc\LC_Page_FrontParts_Bloc_News.php on line 97 and defined on [E:\ECCube\eccube-2.13.5\data\class\helper\SC_Helper_News.php(61)] from ::1
customer_id = 
E:\ECCube\eccube-2.13.5\html\index.php(28): LC_Page_Index_Ex->process
E:\ECCube\eccube-2.13.5\data\class_extends\page_extends\LC_Page_Index_Ex.php(54): LC_Page_Index->process
E:\ECCube\eccube-2.13.5\data\class\pages\LC_Page_Index.php(54): LC_Page->sendResponse
E:\ECCube\eccube-2.13.5\data\class\pages\LC_Page.php(155): SC_Display->prepare
E:\ECCube\eccube-2.13.5\data\class\SC_Display.php(80): SC_View->getResponse
E:\ECCube\eccube-2.13.5\data\class\SC_View.php(105): Smarty->fetch
E:\ECCube\eccube-2.13.5\data\module\Smarty\libs\Smarty.class.php(1264): include
E:\ECCube\eccube-2.13.5\data\Smarty\templates_c\default\%%F1^F15^F158E3F4%%site_frame.tpl.php(98): Smarty->_smarty_include
E:\ECCube\eccube-2.13.5\data\module\Smarty\libs\Smarty.class.php(1870): include
E:\ECCube\eccube-2.13.5\data\Smarty\templates_c\default\%%58^587^5876E692%%site_main.tpl.php(45): smarty_core_smarty_include_php
E:\ECCube\eccube-2.13.5\data\module\Smarty\libs\internals\core.smarty_include_php.php(40): Smarty->_include
E:\ECCube\eccube-2.13.5\data\module\Smarty\libs\Smarty.class.php(1924): include
E:\ECCube\eccube-2.13.5\html\frontparts\bloc\news.php(29): LC_Page_FrontParts_Bloc_News_Ex->process
E:\ECCube\eccube-2.13.5\data\class_extends\page_extends\frontparts\bloc\LC_Page_FrontParts_Bloc_News_Ex.php(54): LC_Page_FrontParts_Bloc_News->process
E:\ECCube\eccube-2.13.5\data\class\pages\frontparts\bloc\LC_Page_FrontParts_Bloc_News.php(52): LC_Page_FrontParts_Bloc_News->action
E:\ECCube\eccube-2.13.5\data\class\pages\frontparts\bloc\LC_Page_FrontParts_Bloc_News.php(97): SC_Helper_News->getList
E:\ECCube\eccube-2.13.5\data\class\helper\SC_Helper_News.php(61): SC_Helper_HandleError::handle_warning
2016/08/15 18:46:22 [/index.php] Warning(E_WARNING): Missing argument 1 for SC_Helper_News::getList(), called in E:\ECCube\eccube-2.13.5\data\class\pages\frontparts\bloc\LC_Page_FrontParts_Bloc_News.php on line 97 and defined on [E:\ECCube\eccube-2.13.5\data\class\helper\SC_Helper_News.php(61)] from ::1
customer_id = 
E:\ECCube\eccube-2.13.5\html\index.php(28): LC_Page_Index_Ex->process
E:\ECCube\eccube-2.13.5\data\class_extends\page_extends\LC_Page_Index_Ex.php(54): LC_Page_Index->process
E:\ECCube\eccube-2.13.5\data\class\pages\LC_Page_Index.php(54): LC_Page->sendResponse
E:\ECCube\eccube-2.13.5\data\class\pages\LC_Page.php(155): SC_Display->prepare
E:\ECCube\eccube-2.13.5\data\class\SC_Display.php(80): SC_View->getResponse
E:\ECCube\eccube-2.13.5\data\class\SC_View.php(105): Smarty->fetch
E:\ECCube\eccube-2.13.5\data\module\Smarty\libs\Smarty.class.php(1264): include
E:\ECCube\eccube-2.13.5\data\Smarty\templates_c\default\%%F1^F15^F158E3F4%%site_frame.tpl.php(98): Smarty->_smarty_include
E:\ECCube\eccube-2.13.5\data\module\Smarty\libs\Smarty.class.php(1870): include
E:\ECCube\eccube-2.13.5\data\Smarty\templates_c\default\%%58^587^5876E692%%site_main.tpl.php(45): smarty_core_smarty_include_php
E:\ECCube\eccube-2.13.5\data\module\Smarty\libs\internals\core.smarty_include_php.php(40): Smarty->_include
E:\ECCube\eccube-2.13.5\data\module\Smarty\libs\Smarty.class.php(1924): include
E:\ECCube\eccube-2.13.5\html\frontparts\bloc\news.php(29): LC_Page_FrontParts_Bloc_News_Ex->process
E:\ECCube\eccube-2.13.5\data\class_extends\page_extends\frontparts\bloc\LC_Page_FrontParts_Bloc_News_Ex.php(54): LC_Page_FrontParts_Bloc_News->process
E:\ECCube\eccube-2.13.5\data\class\pages\frontparts\bloc\LC_Page_FrontParts_Bloc_News.php(52): LC_Page_FrontParts_Bloc_News->action
E:\ECCube\eccube-2.13.5\data\class\pages\frontparts\bloc\LC_Page_FrontParts_Bloc_News.php(97): SC_Helper_News->getList
E:\ECCube\eccube-2.13.5\data\class\helper\SC_Helper_News.php(61): SC_Helper_HandleError::handle_warning
2016/08/15 18:48:17 [/index.php] Warning(E_WARNING): Missing argument 1 for SC_Helper_News::getList(), called in E:\ECCube\eccube-2.13.5\data\class\pages\frontparts\bloc\LC_Page_FrontParts_Bloc_News.php on line 97 and defined on [E:\ECCube\eccube-2.13.5\data\class\helper\SC_Helper_News.php(61)] from ::1
customer_id = 
E:\ECCube\eccube-2.13.5\html\index.php(28): LC_Page_Index_Ex->process
E:\ECCube\eccube-2.13.5\data\class_extends\page_extends\LC_Page_Index_Ex.php(54): LC_Page_Index->process
E:\ECCube\eccube-2.13.5\data\class\pages\LC_Page_Index.php(54): LC_Page->sendResponse
E:\ECCube\eccube-2.13.5\data\class\pages\LC_Page.php(155): SC_Display->prepare
E:\ECCube\eccube-2.13.5\data\class\SC_Display.php(80): SC_View->getResponse
E:\ECCube\eccube-2.13.5\data\class\SC_View.php(105): Smarty->fetch
E:\ECCube\eccube-2.13.5\data\module\Smarty\libs\Smarty.class.php(1264): include
E:\ECCube\eccube-2.13.5\data\Smarty\templates_c\default\%%F1^F15^F158E3F4%%site_frame.tpl.php(98): Smarty->_smarty_include
E:\ECCube\eccube-2.13.5\data\module\Smarty\libs\Smarty.class.php(1870): include
E:\ECCube\eccube-2.13.5\data\Smarty\templates_c\default\%%58^587^5876E692%%site_main.tpl.php(45): smarty_core_smarty_include_php
E:\ECCube\eccube-2.13.5\data\module\Smarty\libs\internals\core.smarty_include_php.php(40): Smarty->_include
E:\ECCube\eccube-2.13.5\data\module\Smarty\libs\Smarty.class.php(1924): include
E:\ECCube\eccube-2.13.5\html\frontparts\bloc\news.php(29): LC_Page_FrontParts_Bloc_News_Ex->process
E:\ECCube\eccube-2.13.5\data\class_extends\page_extends\frontparts\bloc\LC_Page_FrontParts_Bloc_News_Ex.php(54): LC_Page_FrontParts_Bloc_News->process
E:\ECCube\eccube-2.13.5\data\class\pages\frontparts\bloc\LC_Page_FrontParts_Bloc_News.php(52): LC_Page_FrontParts_Bloc_News->action
E:\ECCube\eccube-2.13.5\data\class\pages\frontparts\bloc\LC_Page_FrontParts_Bloc_News.php(97): SC_Helper_News->getList
E:\ECCube\eccube-2.13.5\data\class\helper\SC_Helper_News.php(61): SC_Helper_HandleError::handle_warning
2016/08/15 18:49:36 [/index.php] Warning(E_WARNING): Missing argument 1 for SC_Helper_News::getList(), called in E:\ECCube\eccube-2.13.5\data\class\pages\frontparts\bloc\LC_Page_FrontParts_Bloc_News.php on line 97 and defined on [E:\ECCube\eccube-2.13.5\data\class\helper\SC_Helper_News.php(61)] from ::1
customer_id = 
E:\ECCube\eccube-2.13.5\html\index.php(28): LC_Page_Index_Ex->process
E:\ECCube\eccube-2.13.5\data\class_extends\page_extends\LC_Page_Index_Ex.php(54): LC_Page_Index->process
E:\ECCube\eccube-2.13.5\data\class\pages\LC_Page_Index.php(54): LC_Page->sendResponse
E:\ECCube\eccube-2.13.5\data\class\pages\LC_Page.php(155): SC_Display->prepare
E:\ECCube\eccube-2.13.5\data\class\SC_Display.php(80): SC_View->getResponse
E:\ECCube\eccube-2.13.5\data\class\SC_View.php(105): Smarty->fetch
E:\ECCube\eccube-2.13.5\data\module\Smarty\libs\Smarty.class.php(1264): include
E:\ECCube\eccube-2.13.5\data\Smarty\templates_c\default\%%F1^F15^F158E3F4%%site_frame.tpl.php(98): Smarty->_smarty_include
E:\ECCube\eccube-2.13.5\data\module\Smarty\libs\Smarty.class.php(1870): include
E:\ECCube\eccube-2.13.5\data\Smarty\templates_c\default\%%58^587^5876E692%%site_main.tpl.php(45): smarty_core_smarty_include_php
E:\ECCube\eccube-2.13.5\data\module\Smarty\libs\internals\core.smarty_include_php.php(40): Smarty->_include
E:\ECCube\eccube-2.13.5\data\module\Smarty\libs\Smarty.class.php(1924): include
E:\ECCube\eccube-2.13.5\html\frontparts\bloc\news.php(29): LC_Page_FrontParts_Bloc_News_Ex->process
E:\ECCube\eccube-2.13.5\data\class_extends\page_extends\frontparts\bloc\LC_Page_FrontParts_Bloc_News_Ex.php(54): LC_Page_FrontParts_Bloc_News->process
E:\ECCube\eccube-2.13.5\data\class\pages\frontparts\bloc\LC_Page_FrontParts_Bloc_News.php(52): LC_Page_FrontParts_Bloc_News->action
E:\ECCube\eccube-2.13.5\data\class\pages\frontparts\bloc\LC_Page_FrontParts_Bloc_News.php(97): SC_Helper_News->getList
E:\ECCube\eccube-2.13.5\data\class\helper\SC_Helper_News.php(61): SC_Helper_HandleError::handle_warning
2016/08/15 18:50:58 [/index.php] Warning(E_WARNING): Missing argument 1 for SC_Helper_News::getList(), called in E:\ECCube\eccube-2.13.5\data\class\pages\frontparts\bloc\LC_Page_FrontParts_Bloc_News.php on line 97 and defined on [E:\ECCube\eccube-2.13.5\data\class\helper\SC_Helper_News.php(61)] from ::1
customer_id = 
E:\ECCube\eccube-2.13.5\html\index.php(28): LC_Page_Index_Ex->process
E:\ECCube\eccube-2.13.5\data\class_extends\page_extends\LC_Page_Index_Ex.php(54): LC_Page_Index->process
E:\ECCube\eccube-2.13.5\data\class\pages\LC_Page_Index.php(54): LC_Page->sendResponse
E:\ECCube\eccube-2.13.5\data\class\pages\LC_Page.php(155): SC_Display->prepare
E:\ECCube\eccube-2.13.5\data\class\SC_Display.php(80): SC_View->getResponse
E:\ECCube\eccube-2.13.5\data\class\SC_View.php(105): Smarty->fetch
E:\ECCube\eccube-2.13.5\data\module\Smarty\libs\Smarty.class.php(1264): include
E:\ECCube\eccube-2.13.5\data\Smarty\templates_c\default\%%F1^F15^F158E3F4%%site_frame.tpl.php(98): Smarty->_smarty_include
E:\ECCube\eccube-2.13.5\data\module\Smarty\libs\Smarty.class.php(1870): include
E:\ECCube\eccube-2.13.5\data\Smarty\templates_c\default\%%58^587^5876E692%%site_main.tpl.php(45): smarty_core_smarty_include_php
E:\ECCube\eccube-2.13.5\data\module\Smarty\libs\internals\core.smarty_include_php.php(40): Smarty->_include
E:\ECCube\eccube-2.13.5\data\module\Smarty\libs\Smarty.class.php(1924): include
E:\ECCube\eccube-2.13.5\html\frontparts\bloc\news.php(29): LC_Page_FrontParts_Bloc_News_Ex->process
E:\ECCube\eccube-2.13.5\data\class_extends\page_extends\frontparts\bloc\LC_Page_FrontParts_Bloc_News_Ex.php(54): LC_Page_FrontParts_Bloc_News->process
E:\ECCube\eccube-2.13.5\data\class\pages\frontparts\bloc\LC_Page_FrontParts_Bloc_News.php(52): LC_Page_FrontParts_Bloc_News->action
E:\ECCube\eccube-2.13.5\data\class\pages\frontparts\bloc\LC_Page_FrontParts_Bloc_News.php(97): SC_Helper_News->getList
E:\ECCube\eccube-2.13.5\data\class\helper\SC_Helper_News.php(61): SC_Helper_HandleError::handle_warning
2016/08/15 18:51:27 [/index.php] Warning(E_WARNING): Missing argument 1 for SC_Helper_News::getList(), called in E:\ECCube\eccube-2.13.5\data\class\pages\frontparts\bloc\LC_Page_FrontParts_Bloc_News.php on line 97 and defined on [E:\ECCube\eccube-2.13.5\data\class\helper\SC_Helper_News.php(61)] from ::1
customer_id = 
E:\ECCube\eccube-2.13.5\html\index.php(28): LC_Page_Index_Ex->process
E:\ECCube\eccube-2.13.5\data\class_extends\page_extends\LC_Page_Index_Ex.php(54): LC_Page_Index->process
E:\ECCube\eccube-2.13.5\data\class\pages\LC_Page_Index.php(54): LC_Page->sendResponse
E:\ECCube\eccube-2.13.5\data\class\pages\LC_Page.php(155): SC_Display->prepare
E:\ECCube\eccube-2.13.5\data\class\SC_Display.php(80): SC_View->getResponse
E:\ECCube\eccube-2.13.5\data\class\SC_View.php(105): Smarty->fetch
E:\ECCube\eccube-2.13.5\data\module\Smarty\libs\Smarty.class.php(1264): include
E:\ECCube\eccube-2.13.5\data\Smarty\templates_c\default\%%F1^F15^F158E3F4%%site_frame.tpl.php(98): Smarty->_smarty_include
E:\ECCube\eccube-2.13.5\data\module\Smarty\libs\Smarty.class.php(1870): include
E:\ECCube\eccube-2.13.5\data\Smarty\templates_c\default\%%58^587^5876E692%%site_main.tpl.php(45): smarty_core_smarty_include_php
E:\ECCube\eccube-2.13.5\data\module\Smarty\libs\internals\core.smarty_include_php.php(40): Smarty->_include
E:\ECCube\eccube-2.13.5\data\module\Smarty\libs\Smarty.class.php(1924): include
E:\ECCube\eccube-2.13.5\html\frontparts\bloc\news.php(29): LC_Page_FrontParts_Bloc_News_Ex->process
E:\ECCube\eccube-2.13.5\data\class_extends\page_extends\frontparts\bloc\LC_Page_FrontParts_Bloc_News_Ex.php(54): LC_Page_FrontParts_Bloc_News->process
E:\ECCube\eccube-2.13.5\data\class\pages\frontparts\bloc\LC_Page_FrontParts_Bloc_News.php(52): LC_Page_FrontParts_Bloc_News->action
E:\ECCube\eccube-2.13.5\data\class\pages\frontparts\bloc\LC_Page_FrontParts_Bloc_News.php(97): SC_Helper_News->getList
E:\ECCube\eccube-2.13.5\data\class\helper\SC_Helper_News.php(61): SC_Helper_HandleError::handle_warning
2016/08/15 18:53:38 [/index.php] Warning(E_WARNING): Missing argument 1 for SC_Helper_News::getList(), called in E:\ECCube\eccube-2.13.5\data\class\pages\frontparts\bloc\LC_Page_FrontParts_Bloc_News.php on line 97 and defined on [E:\ECCube\eccube-2.13.5\data\class\helper\SC_Helper_News.php(61)] from ::1
customer_id = 
E:\ECCube\eccube-2.13.5\html\index.php(28): LC_Page_Index_Ex->process
E:\ECCube\eccube-2.13.5\data\class_extends\page_extends\LC_Page_Index_Ex.php(54): LC_Page_Index->process
E:\ECCube\eccube-2.13.5\data\class\pages\LC_Page_Index.php(54): LC_Page->sendResponse
E:\ECCube\eccube-2.13.5\data\class\pages\LC_Page.php(155): SC_Display->prepare
E:\ECCube\eccube-2.13.5\data\class\SC_Display.php(80): SC_View->getResponse
E:\ECCube\eccube-2.13.5\data\class\SC_View.php(105): Smarty->fetch
E:\ECCube\eccube-2.13.5\data\module\Smarty\libs\Smarty.class.php(1264): include
E:\ECCube\eccube-2.13.5\data\Smarty\templates_c\default\%%F1^F15^F158E3F4%%site_frame.tpl.php(98): Smarty->_smarty_include
E:\ECCube\eccube-2.13.5\data\module\Smarty\libs\Smarty.class.php(1870): include
E:\ECCube\eccube-2.13.5\data\Smarty\templates_c\default\%%58^587^5876E692%%site_main.tpl.php(45): smarty_core_smarty_include_php
E:\ECCube\eccube-2.13.5\data\module\Smarty\libs\internals\core.smarty_include_php.php(40): Smarty->_include
E:\ECCube\eccube-2.13.5\data\module\Smarty\libs\Smarty.class.php(1924): include
E:\ECCube\eccube-2.13.5\html\frontparts\bloc\news.php(29): LC_Page_FrontParts_Bloc_News_Ex->process
E:\ECCube\eccube-2.13.5\data\class_extends\page_extends\frontparts\bloc\LC_Page_FrontParts_Bloc_News_Ex.php(54): LC_Page_FrontParts_Bloc_News->process
E:\ECCube\eccube-2.13.5\data\class\pages\frontparts\bloc\LC_Page_FrontParts_Bloc_News.php(52): LC_Page_FrontParts_Bloc_News->action
E:\ECCube\eccube-2.13.5\data\class\pages\frontparts\bloc\LC_Page_FrontParts_Bloc_News.php(97): SC_Helper_News->getList
E:\ECCube\eccube-2.13.5\data\class\helper\SC_Helper_News.php(61): SC_Helper_HandleError::handle_warning
2016/08/19 16:59:43 [/index.php] Warning(E_WARNING): Missing argument 1 for SC_Helper_News::getList(), called in E:\ECCube\eccube-2.13.5\data\class\pages\frontparts\bloc\LC_Page_FrontParts_Bloc_News.php on line 97 and defined on [E:\ECCube\eccube-2.13.5\data\class\helper\SC_Helper_News.php(61)] from ::1
customer_id = 
E:\ECCube\eccube-2.13.5\html\index.php(28): LC_Page_Index_Ex->process
E:\ECCube\eccube-2.13.5\data\class_extends\page_extends\LC_Page_Index_Ex.php(54): LC_Page_Index->process
E:\ECCube\eccube-2.13.5\data\class\pages\LC_Page_Index.php(54): LC_Page->sendResponse
E:\ECCube\eccube-2.13.5\data\class\pages\LC_Page.php(155): SC_Display->prepare
E:\ECCube\eccube-2.13.5\data\class\SC_Display.php(80): SC_View->getResponse
E:\ECCube\eccube-2.13.5\data\class\SC_View.php(105): Smarty->fetch
E:\ECCube\eccube-2.13.5\data\module\Smarty\libs\Smarty.class.php(1264): include
E:\ECCube\eccube-2.13.5\data\Smarty\templates_c\default\%%F1^F15^F158E3F4%%site_frame.tpl.php(98): Smarty->_smarty_include
E:\ECCube\eccube-2.13.5\data\module\Smarty\libs\Smarty.class.php(1870): include
E:\ECCube\eccube-2.13.5\data\Smarty\templates_c\default\%%58^587^5876E692%%site_main.tpl.php(45): smarty_core_smarty_include_php
E:\ECCube\eccube-2.13.5\data\module\Smarty\libs\internals\core.smarty_include_php.php(40): Smarty->_include
E:\ECCube\eccube-2.13.5\data\module\Smarty\libs\Smarty.class.php(1924): include
E:\ECCube\eccube-2.13.5\html\frontparts\bloc\news.php(29): LC_Page_FrontParts_Bloc_News_Ex->process
E:\ECCube\eccube-2.13.5\data\class_extends\page_extends\frontparts\bloc\LC_Page_FrontParts_Bloc_News_Ex.php(54): LC_Page_FrontParts_Bloc_News->process
E:\ECCube\eccube-2.13.5\data\class\pages\frontparts\bloc\LC_Page_FrontParts_Bloc_News.php(52): LC_Page_FrontParts_Bloc_News->action
E:\ECCube\eccube-2.13.5\data\class\pages\frontparts\bloc\LC_Page_FrontParts_Bloc_News.php(97): SC_Helper_News->getList
E:\ECCube\eccube-2.13.5\data\class\helper\SC_Helper_News.php(61): SC_Helper_HandleError::handle_warning
2016/08/19 16:59:46 [/index.php] Warning(E_WARNING): Missing argument 1 for SC_Helper_News::getList(), called in E:\ECCube\eccube-2.13.5\data\class\pages\frontparts\bloc\LC_Page_FrontParts_Bloc_News.php on line 97 and defined on [E:\ECCube\eccube-2.13.5\data\class\helper\SC_Helper_News.php(61)] from ::1
customer_id = 
E:\ECCube\eccube-2.13.5\html\index.php(28): LC_Page_Index_Ex->process
E:\ECCube\eccube-2.13.5\data\class_extends\page_extends\LC_Page_Index_Ex.php(54): LC_Page_Index->process
E:\ECCube\eccube-2.13.5\data\class\pages\LC_Page_Index.php(54): LC_Page->sendResponse
E:\ECCube\eccube-2.13.5\data\class\pages\LC_Page.php(155): SC_Display->prepare
E:\ECCube\eccube-2.13.5\data\class\SC_Display.php(80): SC_View->getResponse
E:\ECCube\eccube-2.13.5\data\class\SC_View.php(105): Smarty->fetch
E:\ECCube\eccube-2.13.5\data\module\Smarty\libs\Smarty.class.php(1264): include
E:\ECCube\eccube-2.13.5\data\Smarty\templates_c\default\%%F1^F15^F158E3F4%%site_frame.tpl.php(98): Smarty->_smarty_include
E:\ECCube\eccube-2.13.5\data\module\Smarty\libs\Smarty.class.php(1870): include
E:\ECCube\eccube-2.13.5\data\Smarty\templates_c\default\%%58^587^5876E692%%site_main.tpl.php(45): smarty_core_smarty_include_php
E:\ECCube\eccube-2.13.5\data\module\Smarty\libs\internals\core.smarty_include_php.php(40): Smarty->_include
E:\ECCube\eccube-2.13.5\data\module\Smarty\libs\Smarty.class.php(1924): include
E:\ECCube\eccube-2.13.5\html\frontparts\bloc\news.php(29): LC_Page_FrontParts_Bloc_News_Ex->process
E:\ECCube\eccube-2.13.5\data\class_extends\page_extends\frontparts\bloc\LC_Page_FrontParts_Bloc_News_Ex.php(54): LC_Page_FrontParts_Bloc_News->process
E:\ECCube\eccube-2.13.5\data\class\pages\frontparts\bloc\LC_Page_FrontParts_Bloc_News.php(52): LC_Page_FrontParts_Bloc_News->action
E:\ECCube\eccube-2.13.5\data\class\pages\frontparts\bloc\LC_Page_FrontParts_Bloc_News.php(97): SC_Helper_News->getList
E:\ECCube\eccube-2.13.5\data\class\helper\SC_Helper_News.php(61): SC_Helper_HandleError::handle_warning
2016/08/19 17:01:16 [/index.php] Warning(E_WARNING): Missing argument 1 for SC_Helper_News::getList(), called in E:\ECCube\eccube-2.13.5\data\class\pages\frontparts\bloc\LC_Page_FrontParts_Bloc_News.php on line 97 and defined on [E:\ECCube\eccube-2.13.5\data\class\helper\SC_Helper_News.php(61)] from ::1
customer_id = 
E:\ECCube\eccube-2.13.5\html\index.php(28): LC_Page_Index_Ex->process
E:\ECCube\eccube-2.13.5\data\class_extends\page_extends\LC_Page_Index_Ex.php(54): LC_Page_Index->process
E:\ECCube\eccube-2.13.5\data\class\pages\LC_Page_Index.php(54): LC_Page->sendResponse
E:\ECCube\eccube-2.13.5\data\class\pages\LC_Page.php(155): SC_Display->prepare
E:\ECCube\eccube-2.13.5\data\class\SC_Display.php(80): SC_View->getResponse
E:\ECCube\eccube-2.13.5\data\class\SC_View.php(105): Smarty->fetch
E:\ECCube\eccube-2.13.5\data\module\Smarty\libs\Smarty.class.php(1264): include
E:\ECCube\eccube-2.13.5\data\Smarty\templates_c\default\%%F1^F15^F158E3F4%%site_frame.tpl.php(98): Smarty->_smarty_include
E:\ECCube\eccube-2.13.5\data\module\Smarty\libs\Smarty.class.php(1870): include
E:\ECCube\eccube-2.13.5\data\Smarty\templates_c\default\%%58^587^5876E692%%site_main.tpl.php(45): smarty_core_smarty_include_php
E:\ECCube\eccube-2.13.5\data\module\Smarty\libs\internals\core.smarty_include_php.php(40): Smarty->_include
E:\ECCube\eccube-2.13.5\data\module\Smarty\libs\Smarty.class.php(1924): include
E:\ECCube\eccube-2.13.5\html\frontparts\bloc\news.php(29): LC_Page_FrontParts_Bloc_News_Ex->process
E:\ECCube\eccube-2.13.5\data\class_extends\page_extends\frontparts\bloc\LC_Page_FrontParts_Bloc_News_Ex.php(54): LC_Page_FrontParts_Bloc_News->process
E:\ECCube\eccube-2.13.5\data\class\pages\frontparts\bloc\LC_Page_FrontParts_Bloc_News.php(52): LC_Page_FrontParts_Bloc_News->action
E:\ECCube\eccube-2.13.5\data\class\pages\frontparts\bloc\LC_Page_FrontParts_Bloc_News.php(97): SC_Helper_News->getList
E:\ECCube\eccube-2.13.5\data\class\helper\SC_Helper_News.php(61): SC_Helper_HandleError::handle_warning
2016/08/19 17:09:38 [/admin/load_module_config.php] Warning(E_WARNING): is_file() expects exactly 1 parameter, 2 given on [E:\ECCube\eccube-2.13.5\data\downloads\plugin\PgMulpayCore\PgMulpayCore.php(51)] from ::1
login_id = admin(0)[9t67o4du6bf8qr3hldcjko4012]
E:\ECCube\eccube-2.13.5\html\admin\load_module_config.php(49): require_once
E:\ECCube\eccube-2.13.5\data\downloads\module\mdl_pg_mulpay\config.php(14): LC_Page_Mdl_PG_MULPAY_Config->process
E:\ECCube\eccube-2.13.5\data\downloads\module\mdl_pg_mulpay\class\pages\LC_Page_Mdl_PG_MULPAY_Config.php(48): LC_Page_Mdl_PG_MULPAY_Config->action
E:\ECCube\eccube-2.13.5\data\downloads\module\mdl_pg_mulpay\class\pages\LC_Page_Mdl_PG_MULPAY_Config.php(66): LC_Page_Mdl_PG_MULPAY_Config->lfRegistPlugins
E:\ECCube\eccube-2.13.5\data\downloads\module\mdl_pg_mulpay\class\pages\LC_Page_Mdl_PG_MULPAY_Config.php(272): SC_Util_PG_MULPAY->installPluginFromPluginInfo
E:\ECCube\eccube-2.13.5\data\downloads\module\mdl_pg_mulpay\class\util\SC_Util_PG_MULPAY.php(148): SC_Util_PG_MULPAY->installPlugin
E:\ECCube\eccube-2.13.5\data\downloads\module\mdl_pg_mulpay\class\util\SC_Util_PG_MULPAY.php(221): call_user_func
(): PgMulpayCore::install
E:\ECCube\eccube-2.13.5\data\downloads\plugin\PgMulpayCore\PgMulpayCore.php(51): is_file
2016/08/19 17:09:38 [/admin/load_module_config.php] Warning(E_WARNING): is_file() expects exactly 1 parameter, 2 given on [E:\ECCube\eccube-2.13.5\data\downloads\plugin\PgMulpayUtils\PgMulpayUtils.php(51)] from ::1
login_id = admin(0)[9t67o4du6bf8qr3hldcjko4012]
E:\ECCube\eccube-2.13.5\html\admin\load_module_config.php(49): require_once
E:\ECCube\eccube-2.13.5\data\downloads\module\mdl_pg_mulpay\config.php(14): LC_Page_Mdl_PG_MULPAY_Config->process
E:\ECCube\eccube-2.13.5\data\downloads\module\mdl_pg_mulpay\class\pages\LC_Page_Mdl_PG_MULPAY_Config.php(48): LC_Page_Mdl_PG_MULPAY_Config->action
E:\ECCube\eccube-2.13.5\data\downloads\module\mdl_pg_mulpay\class\pages\LC_Page_Mdl_PG_MULPAY_Config.php(66): LC_Page_Mdl_PG_MULPAY_Config->lfRegistPlugins
E:\ECCube\eccube-2.13.5\data\downloads\module\mdl_pg_mulpay\class\pages\LC_Page_Mdl_PG_MULPAY_Config.php(276): SC_Util_PG_MULPAY->installPluginFromPluginInfo
E:\ECCube\eccube-2.13.5\data\downloads\module\mdl_pg_mulpay\class\util\SC_Util_PG_MULPAY.php(148): SC_Util_PG_MULPAY->installPlugin
E:\ECCube\eccube-2.13.5\data\downloads\module\mdl_pg_mulpay\class\util\SC_Util_PG_MULPAY.php(221): call_user_func
(): PgMulpayUtils::install
E:\ECCube\eccube-2.13.5\data\downloads\plugin\PgMulpayUtils\PgMulpayUtils.php(51): is_file
2016/08/19 17:12:29 [/index.php] Warning(E_WARNING): Missing argument 1 for SC_Helper_News::getList(), called in E:\ECCube\eccube-2.13.5\data\class\pages\frontparts\bloc\LC_Page_FrontParts_Bloc_News.php on line 97 and defined on [E:\ECCube\eccube-2.13.5\data\class\helper\SC_Helper_News.php(61)] from ::1
customer_id = 
E:\ECCube\eccube-2.13.5\html\index.php(28): LC_Page_Index_Ex->process
E:\ECCube\eccube-2.13.5\data\class_extends\page_extends\LC_Page_Index_Ex.php(54): LC_Page_Index->process
E:\ECCube\eccube-2.13.5\data\class\pages\LC_Page_Index.php(54): LC_Page->sendResponse
E:\ECCube\eccube-2.13.5\data\class\pages\LC_Page.php(155): SC_Display->prepare
E:\ECCube\eccube-2.13.5\data\class\SC_Display.php(80): SC_View->getResponse
E:\ECCube\eccube-2.13.5\data\class\SC_View.php(105): Smarty->fetch
E:\ECCube\eccube-2.13.5\data\module\Smarty\libs\Smarty.class.php(1264): include
E:\ECCube\eccube-2.13.5\data\Smarty\templates_c\default\%%F1^F15^F158E3F4%%site_frame.tpl.php(98): Smarty->_smarty_include
E:\ECCube\eccube-2.13.5\data\module\Smarty\libs\Smarty.class.php(1870): include
E:\ECCube\eccube-2.13.5\data\Smarty\templates_c\default\%%58^587^5876E692%%site_main.tpl.php(45): smarty_core_smarty_include_php
E:\ECCube\eccube-2.13.5\data\module\Smarty\libs\internals\core.smarty_include_php.php(40): Smarty->_include
E:\ECCube\eccube-2.13.5\data\module\Smarty\libs\Smarty.class.php(1924): include
E:\ECCube\eccube-2.13.5\html\frontparts\bloc\news.php(29): LC_Page_FrontParts_Bloc_News_Ex->process
E:\ECCube\eccube-2.13.5\data\class_extends\page_extends\frontparts\bloc\LC_Page_FrontParts_Bloc_News_Ex.php(54): LC_Page_FrontParts_Bloc_News->process
E:\ECCube\eccube-2.13.5\data\class\pages\frontparts\bloc\LC_Page_FrontParts_Bloc_News.php(52): LC_Page_FrontParts_Bloc_News->action
E:\ECCube\eccube-2.13.5\data\class\pages\frontparts\bloc\LC_Page_FrontParts_Bloc_News.php(97): SC_Helper_News->getList
E:\ECCube\eccube-2.13.5\data\class\helper\SC_Helper_News.php(61): SC_Helper_HandleError::handle_warning
2016/08/19 17:51:15 [/index.php] Warning(E_WARNING): Missing argument 1 for SC_Helper_News::getList(), called in E:\ECCube\eccube-2.13.5\data\class\pages\frontparts\bloc\LC_Page_FrontParts_Bloc_News.php on line 97 and defined on [E:\ECCube\eccube-2.13.5\data\class\helper\SC_Helper_News.php(61)] from ::1
customer_id = 
E:\ECCube\eccube-2.13.5\html\index.php(28): LC_Page_Index_Ex->process
E:\ECCube\eccube-2.13.5\data\class_extends\page_extends\LC_Page_Index_Ex.php(54): LC_Page_Index->process
E:\ECCube\eccube-2.13.5\data\class\pages\LC_Page_Index.php(54): LC_Page->sendResponse
E:\ECCube\eccube-2.13.5\data\class\pages\LC_Page.php(155): SC_Display->prepare
E:\ECCube\eccube-2.13.5\data\class\SC_Display.php(80): SC_View->getResponse
E:\ECCube\eccube-2.13.5\data\class\SC_View.php(105): Smarty->fetch
E:\ECCube\eccube-2.13.5\data\module\Smarty\libs\Smarty.class.php(1264): include
E:\ECCube\eccube-2.13.5\data\Smarty\templates_c\default\%%F1^F15^F158E3F4%%site_frame.tpl.php(98): Smarty->_smarty_include
E:\ECCube\eccube-2.13.5\data\module\Smarty\libs\Smarty.class.php(1870): include
E:\ECCube\eccube-2.13.5\data\Smarty\templates_c\default\%%58^587^5876E692%%site_main.tpl.php(45): smarty_core_smarty_include_php
E:\ECCube\eccube-2.13.5\data\module\Smarty\libs\internals\core.smarty_include_php.php(40): Smarty->_include
E:\ECCube\eccube-2.13.5\data\module\Smarty\libs\Smarty.class.php(1924): include
E:\ECCube\eccube-2.13.5\html\frontparts\bloc\news.php(29): LC_Page_FrontParts_Bloc_News_Ex->process
E:\ECCube\eccube-2.13.5\data\class_extends\page_extends\frontparts\bloc\LC_Page_FrontParts_Bloc_News_Ex.php(54): LC_Page_FrontParts_Bloc_News->process
E:\ECCube\eccube-2.13.5\data\class\pages\frontparts\bloc\LC_Page_FrontParts_Bloc_News.php(52): LC_Page_FrontParts_Bloc_News->action
E:\ECCube\eccube-2.13.5\data\class\pages\frontparts\bloc\LC_Page_FrontParts_Bloc_News.php(97): SC_Helper_News->getList
E:\ECCube\eccube-2.13.5\data\class\helper\SC_Helper_News.php(61): SC_Helper_HandleError::handle_warning
2016/08/19 17:51:18 [/index.php] Warning(E_WARNING): Missing argument 1 for SC_Helper_News::getList(), called in E:\ECCube\eccube-2.13.5\data\class\pages\frontparts\bloc\LC_Page_FrontParts_Bloc_News.php on line 97 and defined on [E:\ECCube\eccube-2.13.5\data\class\helper\SC_Helper_News.php(61)] from ::1
customer_id = 
E:\ECCube\eccube-2.13.5\html\index.php(28): LC_Page_Index_Ex->process
E:\ECCube\eccube-2.13.5\data\class_extends\page_extends\LC_Page_Index_Ex.php(54): LC_Page_Index->process
E:\ECCube\eccube-2.13.5\data\class\pages\LC_Page_Index.php(54): LC_Page->sendResponse
E:\ECCube\eccube-2.13.5\data\class\pages\LC_Page.php(155): SC_Display->prepare
E:\ECCube\eccube-2.13.5\data\class\SC_Display.php(80): SC_View->getResponse
E:\ECCube\eccube-2.13.5\data\class\SC_View.php(105): Smarty->fetch
E:\ECCube\eccube-2.13.5\data\module\Smarty\libs\Smarty.class.php(1264): include
E:\ECCube\eccube-2.13.5\data\Smarty\templates_c\default\%%F1^F15^F158E3F4%%site_frame.tpl.php(98): Smarty->_smarty_include
E:\ECCube\eccube-2.13.5\data\module\Smarty\libs\Smarty.class.php(1870): include
E:\ECCube\eccube-2.13.5\data\Smarty\templates_c\default\%%58^587^5876E692%%site_main.tpl.php(45): smarty_core_smarty_include_php
E:\ECCube\eccube-2.13.5\data\module\Smarty\libs\internals\core.smarty_include_php.php(40): Smarty->_include
E:\ECCube\eccube-2.13.5\data\module\Smarty\libs\Smarty.class.php(1924): include
E:\ECCube\eccube-2.13.5\html\frontparts\bloc\news.php(29): LC_Page_FrontParts_Bloc_News_Ex->process
E:\ECCube\eccube-2.13.5\data\class_extends\page_extends\frontparts\bloc\LC_Page_FrontParts_Bloc_News_Ex.php(54): LC_Page_FrontParts_Bloc_News->process
E:\ECCube\eccube-2.13.5\data\class\pages\frontparts\bloc\LC_Page_FrontParts_Bloc_News.php(52): LC_Page_FrontParts_Bloc_News->action
E:\ECCube\eccube-2.13.5\data\class\pages\frontparts\bloc\LC_Page_FrontParts_Bloc_News.php(97): SC_Helper_News->getList
E:\ECCube\eccube-2.13.5\data\class\helper\SC_Helper_News.php(61): SC_Helper_HandleError::handle_warning
2016/08/19 17:51:27 [/index.php] Warning(E_WARNING): Missing argument 1 for SC_Helper_News::getList(), called in E:\ECCube\eccube-2.13.5\data\class\pages\frontparts\bloc\LC_Page_FrontParts_Bloc_News.php on line 97 and defined on [E:\ECCube\eccube-2.13.5\data\class\helper\SC_Helper_News.php(61)] from ::1
customer_id = 
E:\ECCube\eccube-2.13.5\html\index.php(28): LC_Page_Index_Ex->process
E:\ECCube\eccube-2.13.5\data\class_extends\page_extends\LC_Page_Index_Ex.php(54): LC_Page_Index->process
E:\ECCube\eccube-2.13.5\data\class\pages\LC_Page_Index.php(54): LC_Page->sendResponse
E:\ECCube\eccube-2.13.5\data\class\pages\LC_Page.php(155): SC_Display->prepare
E:\ECCube\eccube-2.13.5\data\class\SC_Display.php(80): SC_View->getResponse
E:\ECCube\eccube-2.13.5\data\class\SC_View.php(105): Smarty->fetch
E:\ECCube\eccube-2.13.5\data\module\Smarty\libs\Smarty.class.php(1264): include
E:\ECCube\eccube-2.13.5\data\Smarty\templates_c\default\%%F1^F15^F158E3F4%%site_frame.tpl.php(98): Smarty->_smarty_include
E:\ECCube\eccube-2.13.5\data\module\Smarty\libs\Smarty.class.php(1870): include
E:\ECCube\eccube-2.13.5\data\Smarty\templates_c\default\%%58^587^5876E692%%site_main.tpl.php(45): smarty_core_smarty_include_php
E:\ECCube\eccube-2.13.5\data\module\Smarty\libs\internals\core.smarty_include_php.php(40): Smarty->_include
E:\ECCube\eccube-2.13.5\data\module\Smarty\libs\Smarty.class.php(1924): include
E:\ECCube\eccube-2.13.5\html\frontparts\bloc\news.php(29): LC_Page_FrontParts_Bloc_News_Ex->process
E:\ECCube\eccube-2.13.5\data\class_extends\page_extends\frontparts\bloc\LC_Page_FrontParts_Bloc_News_Ex.php(54): LC_Page_FrontParts_Bloc_News->process
E:\ECCube\eccube-2.13.5\data\class\pages\frontparts\bloc\LC_Page_FrontParts_Bloc_News.php(52): LC_Page_FrontParts_Bloc_News->action
E:\ECCube\eccube-2.13.5\data\class\pages\frontparts\bloc\LC_Page_FrontParts_Bloc_News.php(97): SC_Helper_News->getList
E:\ECCube\eccube-2.13.5\data\class\helper\SC_Helper_News.php(61): SC_Helper_HandleError::handle_warning
2016/08/19 17:51:35 [/index.php] Warning(E_WARNING): Missing argument 1 for SC_Helper_News::getList(), called in E:\ECCube\eccube-2.13.5\data\class\pages\frontparts\bloc\LC_Page_FrontParts_Bloc_News.php on line 97 and defined on [E:\ECCube\eccube-2.13.5\data\class\helper\SC_Helper_News.php(61)] from ::1
customer_id = 
E:\ECCube\eccube-2.13.5\html\index.php(28): LC_Page_Index_Ex->process
E:\ECCube\eccube-2.13.5\data\class_extends\page_extends\LC_Page_Index_Ex.php(54): LC_Page_Index->process
E:\ECCube\eccube-2.13.5\data\class\pages\LC_Page_Index.php(54): LC_Page->sendResponse
E:\ECCube\eccube-2.13.5\data\class\pages\LC_Page.php(155): SC_Display->prepare
E:\ECCube\eccube-2.13.5\data\class\SC_Display.php(80): SC_View->getResponse
E:\ECCube\eccube-2.13.5\data\class\SC_View.php(105): Smarty->fetch
E:\ECCube\eccube-2.13.5\data\module\Smarty\libs\Smarty.class.php(1264): include
E:\ECCube\eccube-2.13.5\data\Smarty\templates_c\default\%%F1^F15^F158E3F4%%site_frame.tpl.php(98): Smarty->_smarty_include
E:\ECCube\eccube-2.13.5\data\module\Smarty\libs\Smarty.class.php(1870): include
E:\ECCube\eccube-2.13.5\data\Smarty\templates_c\default\%%58^587^5876E692%%site_main.tpl.php(45): smarty_core_smarty_include_php
E:\ECCube\eccube-2.13.5\data\module\Smarty\libs\internals\core.smarty_include_php.php(40): Smarty->_include
E:\ECCube\eccube-2.13.5\data\module\Smarty\libs\Smarty.class.php(1924): include
E:\ECCube\eccube-2.13.5\html\frontparts\bloc\news.php(29): LC_Page_FrontParts_Bloc_News_Ex->process
E:\ECCube\eccube-2.13.5\data\class_extends\page_extends\frontparts\bloc\LC_Page_FrontParts_Bloc_News_Ex.php(54): LC_Page_FrontParts_Bloc_News->process
E:\ECCube\eccube-2.13.5\data\class\pages\frontparts\bloc\LC_Page_FrontParts_Bloc_News.php(52): LC_Page_FrontParts_Bloc_News->action
E:\ECCube\eccube-2.13.5\data\class\pages\frontparts\bloc\LC_Page_FrontParts_Bloc_News.php(97): SC_Helper_News->getList
E:\ECCube\eccube-2.13.5\data\class\helper\SC_Helper_News.php(61): SC_Helper_HandleError::handle_warning
2016/08/19 18:03:22 [/index.php] Warning(E_WARNING): Missing argument 1 for SC_Helper_News::getList(), called in E:\ECCube\eccube-2.13.5\data\class\pages\frontparts\bloc\LC_Page_FrontParts_Bloc_News.php on line 97 and defined on [E:\ECCube\eccube-2.13.5\data\class\helper\SC_Helper_News.php(61)] from ::1
customer_id = 
E:\ECCube\eccube-2.13.5\html\index.php(28): LC_Page_Index_Ex->process
E:\ECCube\eccube-2.13.5\data\class_extends\page_extends\LC_Page_Index_Ex.php(54): LC_Page_Index->process
E:\ECCube\eccube-2.13.5\data\class\pages\LC_Page_Index.php(54): LC_Page->sendResponse
E:\ECCube\eccube-2.13.5\data\class\pages\LC_Page.php(155): SC_Display->prepare
E:\ECCube\eccube-2.13.5\data\class\SC_Display.php(80): SC_View->getResponse
E:\ECCube\eccube-2.13.5\data\class\SC_View.php(105): Smarty->fetch
E:\ECCube\eccube-2.13.5\data\module\Smarty\libs\Smarty.class.php(1264): include
E:\ECCube\eccube-2.13.5\data\Smarty\templates_c\default\%%F1^F15^F158E3F4%%site_frame.tpl.php(98): Smarty->_smarty_include
E:\ECCube\eccube-2.13.5\data\module\Smarty\libs\Smarty.class.php(1870): include
E:\ECCube\eccube-2.13.5\data\Smarty\templates_c\default\%%58^587^5876E692%%site_main.tpl.php(45): smarty_core_smarty_include_php
E:\ECCube\eccube-2.13.5\data\module\Smarty\libs\internals\core.smarty_include_php.php(40): Smarty->_include
E:\ECCube\eccube-2.13.5\data\module\Smarty\libs\Smarty.class.php(1924): include
E:\ECCube\eccube-2.13.5\html\frontparts\bloc\news.php(29): LC_Page_FrontParts_Bloc_News_Ex->process
E:\ECCube\eccube-2.13.5\data\class_extends\page_extends\frontparts\bloc\LC_Page_FrontParts_Bloc_News_Ex.php(54): LC_Page_FrontParts_Bloc_News->process
E:\ECCube\eccube-2.13.5\data\class\pages\frontparts\bloc\LC_Page_FrontParts_Bloc_News.php(52): LC_Page_FrontParts_Bloc_News->action
E:\ECCube\eccube-2.13.5\data\class\pages\frontparts\bloc\LC_Page_FrontParts_Bloc_News.php(97): SC_Helper_News->getList
E:\ECCube\eccube-2.13.5\data\class\helper\SC_Helper_News.php(61): SC_Helper_HandleError::handle_warning
2016/08/19 18:07:15 [/shopping/confirm.php] Warning(E_WARNING): mail(): Failed to connect to mailserver at &quot;localhost&quot; port 25, verify your &quot;SMTP&quot; and &quot;smtp_port&quot; setting in php.ini or use ini_set() on [E:\ECCube\eccube-2.13.5\data\module\Mail\mail.php(153)] from ::1
customer_id = 1
E:\ECCube\eccube-2.13.5\html\shopping\confirm.php(29): LC_Page_Shopping_Confirm_Ex->process
E:\ECCube\eccube-2.13.5\data\class_extends\page_extends\shopping\LC_Page_Shopping_Confirm_Ex.php(54): LC_Page_Shopping_Confirm->process
E:\ECCube\eccube-2.13.5\data\class\pages\shopping\LC_Page_Shopping_Confirm.php(63): LC_Page_Shopping_Confirm->action
E:\ECCube\eccube-2.13.5\data\class\pages\shopping\LC_Page_Shopping_Confirm.php(170): SC_Helper_Purchase::sendOrderMail
E:\ECCube\eccube-2.13.5\data\class\helper\SC_Helper_Purchase.php(1097): SC_Helper_Mail->sfSendOrderMail
E:\ECCube\eccube-2.13.5\data\class\helper\SC_Helper_Mail.php(204): SC_SendMail->sendMail
E:\ECCube\eccube-2.13.5\data\class\SC_SendMail.php(325): Mail_mail->send
E:\ECCube\eccube-2.13.5\data\module\Mail\mail.php(153): mail
2016/08/19 18:07:15 [/shopping/confirm.php] Warning(E_USER_WARNING): メール送信に失敗しました。[mail() returned failure] on [E:\ECCube\eccube-2.13.5\data\class\SC_SendMail.php(330)] from ::1
customer_id = 1
E:\ECCube\eccube-2.13.5\html\shopping\confirm.php(29): LC_Page_Shopping_Confirm_Ex->process
E:\ECCube\eccube-2.13.5\data\class_extends\page_extends\shopping\LC_Page_Shopping_Confirm_Ex.php(54): LC_Page_Shopping_Confirm->process
E:\ECCube\eccube-2.13.5\data\class\pages\shopping\LC_Page_Shopping_Confirm.php(63): LC_Page_Shopping_Confirm->action
E:\ECCube\eccube-2.13.5\data\class\pages\shopping\LC_Page_Shopping_Confirm.php(170): SC_Helper_Purchase::sendOrderMail
E:\ECCube\eccube-2.13.5\data\class\helper\SC_Helper_Purchase.php(1097): SC_Helper_Mail->sfSendOrderMail
E:\ECCube\eccube-2.13.5\data\class\helper\SC_Helper_Mail.php(204): SC_SendMail->sendMail
E:\ECCube\eccube-2.13.5\data\class\SC_SendMail.php(330): trigger_error
2016/08/19 18:07:27 [/index.php] Warning(E_WARNING): Missing argument 1 for SC_Helper_News::getList(), called in E:\ECCube\eccube-2.13.5\data\class\pages\frontparts\bloc\LC_Page_FrontParts_Bloc_News.php on line 97 and defined on [E:\ECCube\eccube-2.13.5\data\class\helper\SC_Helper_News.php(61)] from ::1
customer_id = 1
E:\ECCube\eccube-2.13.5\html\index.php(28): LC_Page_Index_Ex->process
E:\ECCube\eccube-2.13.5\data\class_extends\page_extends\LC_Page_Index_Ex.php(54): LC_Page_Index->process
E:\ECCube\eccube-2.13.5\data\class\pages\LC_Page_Index.php(54): LC_Page->sendResponse
E:\ECCube\eccube-2.13.5\data\class\pages\LC_Page.php(155): SC_Display->prepare
E:\ECCube\eccube-2.13.5\data\class\SC_Display.php(80): SC_View->getResponse
E:\ECCube\eccube-2.13.5\data\class\SC_View.php(105): Smarty->fetch
E:\ECCube\eccube-2.13.5\data\module\Smarty\libs\Smarty.class.php(1264): include
E:\ECCube\eccube-2.13.5\data\Smarty\templates_c\default\%%F1^F15^F158E3F4%%site_frame.tpl.php(98): Smarty->_smarty_include
E:\ECCube\eccube-2.13.5\data\module\Smarty\libs\Smarty.class.php(1870): include
E:\ECCube\eccube-2.13.5\data\Smarty\templates_c\default\%%58^587^5876E692%%site_main.tpl.php(45): smarty_core_smarty_include_php
E:\ECCube\eccube-2.13.5\data\module\Smarty\libs\internals\core.smarty_include_php.php(40): Smarty->_include
E:\ECCube\eccube-2.13.5\data\module\Smarty\libs\Smarty.class.php(1924): include
E:\ECCube\eccube-2.13.5\html\frontparts\bloc\news.php(29): LC_Page_FrontParts_Bloc_News_Ex->process
E:\ECCube\eccube-2.13.5\data\class_extends\page_extends\frontparts\bloc\LC_Page_FrontParts_Bloc_News_Ex.php(54): LC_Page_FrontParts_Bloc_News->process
E:\ECCube\eccube-2.13.5\data\class\pages\frontparts\bloc\LC_Page_FrontParts_Bloc_News.php(52): LC_Page_FrontParts_Bloc_News->action
E:\ECCube\eccube-2.13.5\data\class\pages\frontparts\bloc\LC_Page_FrontParts_Bloc_News.php(97): SC_Helper_News->getList
E:\ECCube\eccube-2.13.5\data\class\helper\SC_Helper_News.php(61): SC_Helper_HandleError::handle_warning
2016/08/19 18:07:37 [/index.php] Warning(E_WARNING): Missing argument 1 for SC_Helper_News::getList(), called in E:\ECCube\eccube-2.13.5\data\class\pages\frontparts\bloc\LC_Page_FrontParts_Bloc_News.php on line 97 and defined on [E:\ECCube\eccube-2.13.5\data\class\helper\SC_Helper_News.php(61)] from ::1
customer_id = 1
E:\ECCube\eccube-2.13.5\html\index.php(28): LC_Page_Index_Ex->process
E:\ECCube\eccube-2.13.5\data\class_extends\page_extends\LC_Page_Index_Ex.php(54): LC_Page_Index->process
E:\ECCube\eccube-2.13.5\data\class\pages\LC_Page_Index.php(54): LC_Page->sendResponse
E:\ECCube\eccube-2.13.5\data\class\pages\LC_Page.php(155): SC_Display->prepare
E:\ECCube\eccube-2.13.5\data\class\SC_Display.php(80): SC_View->getResponse
E:\ECCube\eccube-2.13.5\data\class\SC_View.php(105): Smarty->fetch
E:\ECCube\eccube-2.13.5\data\module\Smarty\libs\Smarty.class.php(1264): include
E:\ECCube\eccube-2.13.5\data\Smarty\templates_c\default\%%F1^F15^F158E3F4%%site_frame.tpl.php(98): Smarty->_smarty_include
E:\ECCube\eccube-2.13.5\data\module\Smarty\libs\Smarty.class.php(1870): include
E:\ECCube\eccube-2.13.5\data\Smarty\templates_c\default\%%58^587^5876E692%%site_main.tpl.php(45): smarty_core_smarty_include_php
E:\ECCube\eccube-2.13.5\data\module\Smarty\libs\internals\core.smarty_include_php.php(40): Smarty->_include
E:\ECCube\eccube-2.13.5\data\module\Smarty\libs\Smarty.class.php(1924): include
E:\ECCube\eccube-2.13.5\html\frontparts\bloc\news.php(29): LC_Page_FrontParts_Bloc_News_Ex->process
E:\ECCube\eccube-2.13.5\data\class_extends\page_extends\frontparts\bloc\LC_Page_FrontParts_Bloc_News_Ex.php(54): LC_Page_FrontParts_Bloc_News->process
E:\ECCube\eccube-2.13.5\data\class\pages\frontparts\bloc\LC_Page_FrontParts_Bloc_News.php(52): LC_Page_FrontParts_Bloc_News->action
E:\ECCube\eccube-2.13.5\data\class\pages\frontparts\bloc\LC_Page_FrontParts_Bloc_News.php(97): SC_Helper_News->getList
E:\ECCube\eccube-2.13.5\data\class\helper\SC_Helper_News.php(61): SC_Helper_HandleError::handle_warning
2016/08/22 14:36:43 [/index.php] Warning(E_WARNING): Missing argument 1 for SC_Helper_News::getList(), called in E:\ECCube\eccube-2.13.5\data\class\pages\frontparts\bloc\LC_Page_FrontParts_Bloc_News.php on line 97 and defined on [E:\ECCube\eccube-2.13.5\data\class\helper\SC_Helper_News.php(61)] from ::1
customer_id = 
E:\ECCube\eccube-2.13.5\html\index.php(28): LC_Page_Index_Ex->process
E:\ECCube\eccube-2.13.5\data\class_extends\page_extends\LC_Page_Index_Ex.php(54): LC_Page_Index->process
E:\ECCube\eccube-2.13.5\data\class\pages\LC_Page_Index.php(54): LC_Page->sendResponse
E:\ECCube\eccube-2.13.5\data\class\pages\LC_Page.php(155): SC_Display->prepare
E:\ECCube\eccube-2.13.5\data\class\SC_Display.php(80): SC_View->getResponse
E:\ECCube\eccube-2.13.5\data\class\SC_View.php(105): Smarty->fetch
E:\ECCube\eccube-2.13.5\data\module\Smarty\libs\Smarty.class.php(1264): include
E:\ECCube\eccube-2.13.5\data\Smarty\templates_c\default\%%F1^F15^F158E3F4%%site_frame.tpl.php(98): Smarty->_smarty_include
E:\ECCube\eccube-2.13.5\data\module\Smarty\libs\Smarty.class.php(1870): include
E:\ECCube\eccube-2.13.5\data\Smarty\templates_c\default\%%58^587^5876E692%%site_main.tpl.php(45): smarty_core_smarty_include_php
E:\ECCube\eccube-2.13.5\data\module\Smarty\libs\internals\core.smarty_include_php.php(40): Smarty->_include
E:\ECCube\eccube-2.13.5\data\module\Smarty\libs\Smarty.class.php(1924): include
E:\ECCube\eccube-2.13.5\html\frontparts\bloc\news.php(29): LC_Page_FrontParts_Bloc_News_Ex->process
E:\ECCube\eccube-2.13.5\data\class_extends\page_extends\frontparts\bloc\LC_Page_FrontParts_Bloc_News_Ex.php(54): LC_Page_FrontParts_Bloc_News->process
E:\ECCube\eccube-2.13.5\data\class\pages\frontparts\bloc\LC_Page_FrontParts_Bloc_News.php(52): LC_Page_FrontParts_Bloc_News->action
E:\ECCube\eccube-2.13.5\data\class\pages\frontparts\bloc\LC_Page_FrontParts_Bloc_News.php(97): SC_Helper_News->getList
E:\ECCube\eccube-2.13.5\data\class\helper\SC_Helper_News.php(61): SC_Helper_HandleError::handle_warning
2016/08/22 14:36:46 [/index.php] Warning(E_WARNING): Missing argument 1 for SC_Helper_News::getList(), called in E:\ECCube\eccube-2.13.5\data\class\pages\frontparts\bloc\LC_Page_FrontParts_Bloc_News.php on line 97 and defined on [E:\ECCube\eccube-2.13.5\data\class\helper\SC_Helper_News.php(61)] from ::1
customer_id = 
E:\ECCube\eccube-2.13.5\html\index.php(28): LC_Page_Index_Ex->process
E:\ECCube\eccube-2.13.5\data\class_extends\page_extends\LC_Page_Index_Ex.php(54): LC_Page_Index->process
E:\ECCube\eccube-2.13.5\data\class\pages\LC_Page_Index.php(54): LC_Page->sendResponse
E:\ECCube\eccube-2.13.5\data\class\pages\LC_Page.php(155): SC_Display->prepare
E:\ECCube\eccube-2.13.5\data\class\SC_Display.php(80): SC_View->getResponse
E:\ECCube\eccube-2.13.5\data\class\SC_View.php(105): Smarty->fetch
E:\ECCube\eccube-2.13.5\data\module\Smarty\libs\Smarty.class.php(1264): include
E:\ECCube\eccube-2.13.5\data\Smarty\templates_c\default\%%F1^F15^F158E3F4%%site_frame.tpl.php(98): Smarty->_smarty_include
E:\ECCube\eccube-2.13.5\data\module\Smarty\libs\Smarty.class.php(1870): include
E:\ECCube\eccube-2.13.5\data\Smarty\templates_c\default\%%58^587^5876E692%%site_main.tpl.php(45): smarty_core_smarty_include_php
E:\ECCube\eccube-2.13.5\data\module\Smarty\libs\internals\core.smarty_include_php.php(40): Smarty->_include
E:\ECCube\eccube-2.13.5\data\module\Smarty\libs\Smarty.class.php(1924): include
E:\ECCube\eccube-2.13.5\html\frontparts\bloc\news.php(29): LC_Page_FrontParts_Bloc_News_Ex->process
E:\ECCube\eccube-2.13.5\data\class_extends\page_extends\frontparts\bloc\LC_Page_FrontParts_Bloc_News_Ex.php(54): LC_Page_FrontParts_Bloc_News->process
E:\ECCube\eccube-2.13.5\data\class\pages\frontparts\bloc\LC_Page_FrontParts_Bloc_News.php(52): LC_Page_FrontParts_Bloc_News->action
E:\ECCube\eccube-2.13.5\data\class\pages\frontparts\bloc\LC_Page_FrontParts_Bloc_News.php(97): SC_Helper_News->getList
E:\ECCube\eccube-2.13.5\data\class\helper\SC_Helper_News.php(61): SC_Helper_HandleError::handle_warning
2016/08/22 14:37:24 [/index.php] Warning(E_WARNING): Missing argument 1 for SC_Helper_News::getList(), called in E:\ECCube\eccube-2.13.5\data\class\pages\frontparts\bloc\LC_Page_FrontParts_Bloc_News.php on line 97 and defined on [E:\ECCube\eccube-2.13.5\data\class\helper\SC_Helper_News.php(61)] from ::1
customer_id = 
E:\ECCube\eccube-2.13.5\html\index.php(28): LC_Page_Index_Ex->process
E:\ECCube\eccube-2.13.5\data\class_extends\page_extends\LC_Page_Index_Ex.php(54): LC_Page_Index->process
E:\ECCube\eccube-2.13.5\data\class\pages\LC_Page_Index.php(54): LC_Page->sendResponse
E:\ECCube\eccube-2.13.5\data\class\pages\LC_Page.php(155): SC_Display->prepare
E:\ECCube\eccube-2.13.5\data\class\SC_Display.php(80): SC_View->getResponse
E:\ECCube\eccube-2.13.5\data\class\SC_View.php(105): Smarty->fetch
E:\ECCube\eccube-2.13.5\data\module\Smarty\libs\Smarty.class.php(1264): include
E:\ECCube\eccube-2.13.5\data\Smarty\templates_c\default\%%F1^F15^F158E3F4%%site_frame.tpl.php(98): Smarty->_smarty_include
E:\ECCube\eccube-2.13.5\data\module\Smarty\libs\Smarty.class.php(1870): include
E:\ECCube\eccube-2.13.5\data\Smarty\templates_c\default\%%58^587^5876E692%%site_main.tpl.php(45): smarty_core_smarty_include_php
E:\ECCube\eccube-2.13.5\data\module\Smarty\libs\internals\core.smarty_include_php.php(40): Smarty->_include
E:\ECCube\eccube-2.13.5\data\module\Smarty\libs\Smarty.class.php(1924): include
E:\ECCube\eccube-2.13.5\html\frontparts\bloc\news.php(29): LC_Page_FrontParts_Bloc_News_Ex->process
E:\ECCube\eccube-2.13.5\data\class_extends\page_extends\frontparts\bloc\LC_Page_FrontParts_Bloc_News_Ex.php(54): LC_Page_FrontParts_Bloc_News->process
E:\ECCube\eccube-2.13.5\data\class\pages\frontparts\bloc\LC_Page_FrontParts_Bloc_News.php(52): LC_Page_FrontParts_Bloc_News->action
E:\ECCube\eccube-2.13.5\data\class\pages\frontparts\bloc\LC_Page_FrontParts_Bloc_News.php(97): SC_Helper_News->getList
E:\ECCube\eccube-2.13.5\data\class\helper\SC_Helper_News.php(61): SC_Helper_HandleError::handle_warning
2016/08/26 10:55:44 [/admin/contents/index.php] Fatal error(E_USER_ERROR): Smarty error: [in contents/index.tpl line 63]: syntax error: unrecognized tag 'echo' (Smarty_Compiler.class.php, line 590) on [E:\ECCube\eccube-2.13.5\data\module\Smarty\libs\Smarty.class.php(1094)] from ::1
login_id = admin(0)[l3b0s0msquaeh88l2t09c0rgb0]
E:\ECCube\eccube-2.13.5\html\admin\contents\index.php(29): LC_Page_Admin_Contents_Ex->process
E:\ECCube\eccube-2.13.5\data\class_extends\page_extends\admin\contents\LC_Page_Admin_Contents_Ex.php(54): LC_Page_Admin_Contents->process
E:\ECCube\eccube-2.13.5\data\class\pages\admin\contents\LC_Page_Admin_Contents.php(77): LC_Page_Admin->sendResponse
E:\ECCube\eccube-2.13.5\data\class\pages\admin\LC_Page_Admin.php(116): SC_Display->prepare
E:\ECCube\eccube-2.13.5\data\class\SC_Display.php(80): SC_View->getResponse
E:\ECCube\eccube-2.13.5\data\class\SC_View.php(105): Smarty->fetch
E:\ECCube\eccube-2.13.5\data\module\Smarty\libs\Smarty.class.php(1264): include
E:\ECCube\eccube-2.13.5\data\Smarty\templates_c\admin\%%B7^B7E^B7E43223%%main_frame.tpl.php(216): Smarty->_smarty_include
E:\ECCube\eccube-2.13.5\data\module\Smarty\libs\Smarty.class.php(1868): Smarty->_compile_resource
E:\ECCube\eccube-2.13.5\data\module\Smarty\libs\Smarty.class.php(1423): Smarty->_compile_source
E:\ECCube\eccube-2.13.5\data\module\Smarty\libs\Smarty.class.php(1490): Smarty_Compiler->_compile_file
E:\ECCube\eccube-2.13.5\data\module\Smarty\libs\Smarty_Compiler.class.php(312): Smarty_Compiler->_compile_tag
E:\ECCube\eccube-2.13.5\data\module\Smarty\libs\Smarty_Compiler.class.php(590): Smarty_Compiler->_syntax_error
E:\ECCube\eccube-2.13.5\data\module\Smarty\libs\Smarty_Compiler.class.php(2256): Smarty->_trigger_fatal_error
E:\ECCube\eccube-2.13.5\data\module\Smarty\libs\Smarty.class.php(1816): Smarty->trigger_error
E:\ECCube\eccube-2.13.5\data\module\Smarty\libs\Smarty.class.php(1094): trigger_error
2016/08/26 10:58:12 [/admin/contents/index.php] Fatal error(E_COMPILE_ERROR): Cannot use isset() on the result of an expression (you can use "null !== expression" instead) on [E:\ECCube\eccube-2.13.5\data\Smarty\templates_c\admin\%%EB^EB8^EB8E0FAA%%index.tpl.php(130)] from ::1
login_id = admin(0)[l3b0s0msquaeh88l2t09c0rgb0]
2016/08/26 10:59:07 [/admin/contents/index.php] Fatal error(E_COMPILE_ERROR): Cannot use isset() on the result of an expression (you can use "null !== expression" instead) on [E:\ECCube\eccube-2.13.5\data\Smarty\templates_c\admin\%%EB^EB8^EB8E0FAA%%index.tpl.php(130)] from ::1
login_id = admin(0)[l3b0s0msquaeh88l2t09c0rgb0]
2016/08/26 11:01:41 [/admin/contents/index.php] Fatal error(E_USER_ERROR): Smarty error: [in contents/index.tpl line 63]: syntax error: unidentified token '}' (Smarty_Compiler.class.php, line 1410) on [E:\ECCube\eccube-2.13.5\data\module\Smarty\libs\Smarty.class.php(1094)] from ::1
login_id = admin(0)[l3b0s0msquaeh88l2t09c0rgb0]
E:\ECCube\eccube-2.13.5\html\admin\contents\index.php(29): LC_Page_Admin_Contents_Ex->process
E:\ECCube\eccube-2.13.5\data\class_extends\page_extends\admin\contents\LC_Page_Admin_Contents_Ex.php(54): LC_Page_Admin_Contents->process
E:\ECCube\eccube-2.13.5\data\class\pages\admin\contents\LC_Page_Admin_Contents.php(77): LC_Page_Admin->sendResponse
E:\ECCube\eccube-2.13.5\data\class\pages\admin\LC_Page_Admin.php(116): SC_Display->prepare
E:\ECCube\eccube-2.13.5\data\class\SC_Display.php(80): SC_View->getResponse
E:\ECCube\eccube-2.13.5\data\class\SC_View.php(105): Smarty->fetch
E:\ECCube\eccube-2.13.5\data\module\Smarty\libs\Smarty.class.php(1264): include
E:\ECCube\eccube-2.13.5\data\Smarty\templates_c\admin\%%B7^B7E^B7E43223%%main_frame.tpl.php(216): Smarty->_smarty_include
E:\ECCube\eccube-2.13.5\data\module\Smarty\libs\Smarty.class.php(1868): Smarty->_compile_resource
E:\ECCube\eccube-2.13.5\data\module\Smarty\libs\Smarty.class.php(1423): Smarty->_compile_source
E:\ECCube\eccube-2.13.5\data\module\Smarty\libs\Smarty.class.php(1490): Smarty_Compiler->_compile_file
E:\ECCube\eccube-2.13.5\data\module\Smarty\libs\Smarty_Compiler.class.php(312): Smarty_Compiler->_compile_tag
E:\ECCube\eccube-2.13.5\data\module\Smarty\libs\Smarty_Compiler.class.php(473): Smarty_Compiler->_compile_if_tag
E:\ECCube\eccube-2.13.5\data\module\Smarty\libs\Smarty_Compiler.class.php(1410): Smarty_Compiler->_syntax_error
E:\ECCube\eccube-2.13.5\data\module\Smarty\libs\Smarty_Compiler.class.php(2256): Smarty->_trigger_fatal_error
E:\ECCube\eccube-2.13.5\data\module\Smarty\libs\Smarty.class.php(1816): Smarty->trigger_error
E:\ECCube\eccube-2.13.5\data\module\Smarty\libs\Smarty.class.php(1094): trigger_error
2016/08/26 11:03:24 [/admin/contents/index.php] Fatal error(E_USER_ERROR): Smarty error: [in contents/index.tpl line 64]: syntax error: unidentified token '}' (Smarty_Compiler.class.php, line 1410) on [E:\ECCube\eccube-2.13.5\data\module\Smarty\libs\Smarty.class.php(1094)] from ::1
login_id = admin(0)[l3b0s0msquaeh88l2t09c0rgb0]
E:\ECCube\eccube-2.13.5\html\admin\contents\index.php(29): LC_Page_Admin_Contents_Ex->process
E:\ECCube\eccube-2.13.5\data\class_extends\page_extends\admin\contents\LC_Page_Admin_Contents_Ex.php(54): LC_Page_Admin_Contents->process
E:\ECCube\eccube-2.13.5\data\class\pages\admin\contents\LC_Page_Admin_Contents.php(77): LC_Page_Admin->sendResponse
E:\ECCube\eccube-2.13.5\data\class\pages\admin\LC_Page_Admin.php(116): SC_Display->prepare
E:\ECCube\eccube-2.13.5\data\class\SC_Display.php(80): SC_View->getResponse
E:\ECCube\eccube-2.13.5\data\class\SC_View.php(105): Smarty->fetch
E:\ECCube\eccube-2.13.5\data\module\Smarty\libs\Smarty.class.php(1264): include
E:\ECCube\eccube-2.13.5\data\Smarty\templates_c\admin\%%B7^B7E^B7E43223%%main_frame.tpl.php(216): Smarty->_smarty_include
E:\ECCube\eccube-2.13.5\data\module\Smarty\libs\Smarty.class.php(1868): Smarty->_compile_resource
E:\ECCube\eccube-2.13.5\data\module\Smarty\libs\Smarty.class.php(1423): Smarty->_compile_source
E:\ECCube\eccube-2.13.5\data\module\Smarty\libs\Smarty.class.php(1490): Smarty_Compiler->_compile_file
E:\ECCube\eccube-2.13.5\data\module\Smarty\libs\Smarty_Compiler.class.php(312): Smarty_Compiler->_compile_tag
E:\ECCube\eccube-2.13.5\data\module\Smarty\libs\Smarty_Compiler.class.php(473): Smarty_Compiler->_compile_if_tag
E:\ECCube\eccube-2.13.5\data\module\Smarty\libs\Smarty_Compiler.class.php(1410): Smarty_Compiler->_syntax_error
E:\ECCube\eccube-2.13.5\data\module\Smarty\libs\Smarty_Compiler.class.php(2256): Smarty->_trigger_fatal_error
E:\ECCube\eccube-2.13.5\data\module\Smarty\libs\Smarty.class.php(1816): Smarty->trigger_error
E:\ECCube\eccube-2.13.5\data\module\Smarty\libs\Smarty.class.php(1094): trigger_error
2016/08/26 14:53:38 [/admin/contents/index.php] Fatal error(E_ERROR): Call to undefined function getValue() on [E:\ECCube\eccube-2.13.5\data\class\SC_FormParam.php(411)] from ::1
login_id = admin(0)[l3b0s0msquaeh88l2t09c0rgb0]
2016/08/26 16:14:48 [/admin/contents/index.php] Fatal error(E_USER_ERROR): Smarty error: [in contents/index.tpl line 22]: syntax error: unrecognized tag: $smarty-&gt;assign(yesterday, strtotime('-1 day')) (Smarty_Compiler.class.php, line 446) on [E:\ECCube\eccube-2.13.5\data\module\Smarty\libs\Smarty.class.php(1094)] from ::1
login_id = admin(0)[l3b0s0msquaeh88l2t09c0rgb0]
E:\ECCube\eccube-2.13.5\html\admin\contents\index.php(29): LC_Page_Admin_Contents_Ex->process
E:\ECCube\eccube-2.13.5\data\class_extends\page_extends\admin\contents\LC_Page_Admin_Contents_Ex.php(54): LC_Page_Admin_Contents->process
E:\ECCube\eccube-2.13.5\data\class\pages\admin\contents\LC_Page_Admin_Contents.php(78): LC_Page_Admin->sendResponse
E:\ECCube\eccube-2.13.5\data\class\pages\admin\LC_Page_Admin.php(116): SC_Display->prepare
E:\ECCube\eccube-2.13.5\data\class\SC_Display.php(80): SC_View->getResponse
E:\ECCube\eccube-2.13.5\data\class\SC_View.php(105): Smarty->fetch
E:\ECCube\eccube-2.13.5\data\module\Smarty\libs\Smarty.class.php(1264): include
E:\ECCube\eccube-2.13.5\data\Smarty\templates_c\admin\%%B7^B7E^B7E43223%%main_frame.tpl.php(216): Smarty->_smarty_include
E:\ECCube\eccube-2.13.5\data\module\Smarty\libs\Smarty.class.php(1868): Smarty->_compile_resource
E:\ECCube\eccube-2.13.5\data\module\Smarty\libs\Smarty.class.php(1423): Smarty->_compile_source
E:\ECCube\eccube-2.13.5\data\module\Smarty\libs\Smarty.class.php(1490): Smarty_Compiler->_compile_file
E:\ECCube\eccube-2.13.5\data\module\Smarty\libs\Smarty_Compiler.class.php(312): Smarty_Compiler->_compile_tag
E:\ECCube\eccube-2.13.5\data\module\Smarty\libs\Smarty_Compiler.class.php(446): Smarty_Compiler->_syntax_error
E:\ECCube\eccube-2.13.5\data\module\Smarty\libs\Smarty_Compiler.class.php(2256): Smarty->_trigger_fatal_error
E:\ECCube\eccube-2.13.5\data\module\Smarty\libs\Smarty.class.php(1816): Smarty->trigger_error
E:\ECCube\eccube-2.13.5\data\module\Smarty\libs\Smarty.class.php(1094): trigger_error
