2016/08/15 13:52:39 [/admin/ownersstore/index.php] EbaySellingManager install: start from ::1
login_id = admin(0)[620001kr1rm2mtrusapliq5jf1]
E:\ECCube\eccube-2.13.5\html\admin\ownersstore\index.php(29): LC_Page_Admin_OwnersStore_Ex->process
E:\ECCube\eccube-2.13.5\data\class_extends\page_extends\admin\ownersstore\LC_Page_Admin_OwnersStore_Ex.php(54): LC_Page_Admin_OwnersStore->process
E:\ECCube\eccube-2.13.5\data\class\pages\admin\ownersstore\LC_Page_Admin_OwnersStore.php(57): LC_Page_Admin_OwnersStore->action
E:\ECCube\eccube-2.13.5\data\class\pages\admin\ownersstore\LC_Page_Admin_OwnersStore.php(83): LC_Page_Admin_OwnersStore->installPlugin
E:\ECCube\eccube-2.13.5\data\class\pages\admin\ownersstore\LC_Page_Admin_OwnersStore.php(420): LC_Page_Admin_OwnersStore->execPlugin
E:\ECCube\eccube-2.13.5\data\class\pages\admin\ownersstore\LC_Page_Admin_OwnersStore.php(910): SC_Plugin_Installer->execPlugin
E:\ECCube\eccube-2.13.5\data\class\plugin\SC_Plugin_Installer.php(54): SC_Plugin_Installer->log
E:\ECCube\eccube-2.13.5\data\class\plugin\SC_Plugin_Installer.php(184): GC_Utils::gfPrintLog
2016/08/15 13:52:39 [/admin/ownersstore/index.php] EbaySellingManager install: end from ::1
login_id = admin(0)[620001kr1rm2mtrusapliq5jf1]
E:\ECCube\eccube-2.13.5\html\admin\ownersstore\index.php(29): LC_Page_Admin_OwnersStore_Ex->process
E:\ECCube\eccube-2.13.5\data\class_extends\page_extends\admin\ownersstore\LC_Page_Admin_OwnersStore_Ex.php(54): LC_Page_Admin_OwnersStore->process
E:\ECCube\eccube-2.13.5\data\class\pages\admin\ownersstore\LC_Page_Admin_OwnersStore.php(57): LC_Page_Admin_OwnersStore->action
E:\ECCube\eccube-2.13.5\data\class\pages\admin\ownersstore\LC_Page_Admin_OwnersStore.php(83): LC_Page_Admin_OwnersStore->installPlugin
E:\ECCube\eccube-2.13.5\data\class\pages\admin\ownersstore\LC_Page_Admin_OwnersStore.php(420): LC_Page_Admin_OwnersStore->execPlugin
E:\ECCube\eccube-2.13.5\data\class\pages\admin\ownersstore\LC_Page_Admin_OwnersStore.php(910): SC_Plugin_Installer->execPlugin
E:\ECCube\eccube-2.13.5\data\class\plugin\SC_Plugin_Installer.php(140): SC_Plugin_Installer->log
E:\ECCube\eccube-2.13.5\data\class\plugin\SC_Plugin_Installer.php(184): GC_Utils::gfPrintLog
2016/08/15 13:52:47 [/admin/ownersstore/index.php] EbaySellingManager enable: start from ::1
login_id = admin(0)[620001kr1rm2mtrusapliq5jf1]
E:\ECCube\eccube-2.13.5\html\admin\ownersstore\index.php(29): LC_Page_Admin_OwnersStore_Ex->process
E:\ECCube\eccube-2.13.5\data\class_extends\page_extends\admin\ownersstore\LC_Page_Admin_OwnersStore_Ex.php(54): LC_Page_Admin_OwnersStore->process
E:\ECCube\eccube-2.13.5\data\class\pages\admin\ownersstore\LC_Page_Admin_OwnersStore.php(57): LC_Page_Admin_OwnersStore->action
E:\ECCube\eccube-2.13.5\data\class\pages\admin\ownersstore\LC_Page_Admin_OwnersStore.php(116): LC_Page_Admin_OwnersStore->enablePlugin
E:\ECCube\eccube-2.13.5\data\class\pages\admin\ownersstore\LC_Page_Admin_OwnersStore.php(723): LC_Page_Admin_OwnersStore->execPlugin
E:\ECCube\eccube-2.13.5\data\class\pages\admin\ownersstore\LC_Page_Admin_OwnersStore.php(910): SC_Plugin_Installer->execPlugin
E:\ECCube\eccube-2.13.5\data\class\plugin\SC_Plugin_Installer.php(54): SC_Plugin_Installer->log
E:\ECCube\eccube-2.13.5\data\class\plugin\SC_Plugin_Installer.php(184): GC_Utils::gfPrintLog
2016/08/15 13:52:47 [/admin/ownersstore/index.php] EbaySellingManager enable: end from ::1
login_id = admin(0)[620001kr1rm2mtrusapliq5jf1]
E:\ECCube\eccube-2.13.5\html\admin\ownersstore\index.php(29): LC_Page_Admin_OwnersStore_Ex->process
E:\ECCube\eccube-2.13.5\data\class_extends\page_extends\admin\ownersstore\LC_Page_Admin_OwnersStore_Ex.php(54): LC_Page_Admin_OwnersStore->process
E:\ECCube\eccube-2.13.5\data\class\pages\admin\ownersstore\LC_Page_Admin_OwnersStore.php(57): LC_Page_Admin_OwnersStore->action
E:\ECCube\eccube-2.13.5\data\class\pages\admin\ownersstore\LC_Page_Admin_OwnersStore.php(116): LC_Page_Admin_OwnersStore->enablePlugin
E:\ECCube\eccube-2.13.5\data\class\pages\admin\ownersstore\LC_Page_Admin_OwnersStore.php(723): LC_Page_Admin_OwnersStore->execPlugin
E:\ECCube\eccube-2.13.5\data\class\pages\admin\ownersstore\LC_Page_Admin_OwnersStore.php(910): SC_Plugin_Installer->execPlugin
E:\ECCube\eccube-2.13.5\data\class\plugin\SC_Plugin_Installer.php(140): SC_Plugin_Installer->log
E:\ECCube\eccube-2.13.5\data\class\plugin\SC_Plugin_Installer.php(184): GC_Utils::gfPrintLog
2016/08/15 13:53:03 [/admin/ownersstore/index.php] EbaySellingManager disable: start from ::1
login_id = admin(0)[620001kr1rm2mtrusapliq5jf1]
E:\ECCube\eccube-2.13.5\html\admin\ownersstore\index.php(29): LC_Page_Admin_OwnersStore_Ex->process
E:\ECCube\eccube-2.13.5\data\class_extends\page_extends\admin\ownersstore\LC_Page_Admin_OwnersStore_Ex.php(54): LC_Page_Admin_OwnersStore->process
E:\ECCube\eccube-2.13.5\data\class\pages\admin\ownersstore\LC_Page_Admin_OwnersStore.php(57): LC_Page_Admin_OwnersStore->action
E:\ECCube\eccube-2.13.5\data\class\pages\admin\ownersstore\LC_Page_Admin_OwnersStore.php(98): LC_Page_Admin_OwnersStore->uninstallPlugin
E:\ECCube\eccube-2.13.5\data\class\pages\admin\ownersstore\LC_Page_Admin_OwnersStore.php(691): LC_Page_Admin_OwnersStore->execPlugin
E:\ECCube\eccube-2.13.5\data\class\pages\admin\ownersstore\LC_Page_Admin_OwnersStore.php(910): SC_Plugin_Installer->execPlugin
E:\ECCube\eccube-2.13.5\data\class\plugin\SC_Plugin_Installer.php(54): SC_Plugin_Installer->log
E:\ECCube\eccube-2.13.5\data\class\plugin\SC_Plugin_Installer.php(184): GC_Utils::gfPrintLog
2016/08/15 13:53:03 [/admin/ownersstore/index.php] EbaySellingManager disable: end from ::1
login_id = admin(0)[620001kr1rm2mtrusapliq5jf1]
E:\ECCube\eccube-2.13.5\html\admin\ownersstore\index.php(29): LC_Page_Admin_OwnersStore_Ex->process
E:\ECCube\eccube-2.13.5\data\class_extends\page_extends\admin\ownersstore\LC_Page_Admin_OwnersStore_Ex.php(54): LC_Page_Admin_OwnersStore->process
E:\ECCube\eccube-2.13.5\data\class\pages\admin\ownersstore\LC_Page_Admin_OwnersStore.php(57): LC_Page_Admin_OwnersStore->action
E:\ECCube\eccube-2.13.5\data\class\pages\admin\ownersstore\LC_Page_Admin_OwnersStore.php(98): LC_Page_Admin_OwnersStore->uninstallPlugin
E:\ECCube\eccube-2.13.5\data\class\pages\admin\ownersstore\LC_Page_Admin_OwnersStore.php(691): LC_Page_Admin_OwnersStore->execPlugin
E:\ECCube\eccube-2.13.5\data\class\pages\admin\ownersstore\LC_Page_Admin_OwnersStore.php(910): SC_Plugin_Installer->execPlugin
E:\ECCube\eccube-2.13.5\data\class\plugin\SC_Plugin_Installer.php(140): SC_Plugin_Installer->log
E:\ECCube\eccube-2.13.5\data\class\plugin\SC_Plugin_Installer.php(184): GC_Utils::gfPrintLog
2016/08/15 13:53:03 [/admin/ownersstore/index.php] EbaySellingManager uninstall: start from ::1
login_id = admin(0)[620001kr1rm2mtrusapliq5jf1]
E:\ECCube\eccube-2.13.5\html\admin\ownersstore\index.php(29): LC_Page_Admin_OwnersStore_Ex->process
E:\ECCube\eccube-2.13.5\data\class_extends\page_extends\admin\ownersstore\LC_Page_Admin_OwnersStore_Ex.php(54): LC_Page_Admin_OwnersStore->process
E:\ECCube\eccube-2.13.5\data\class\pages\admin\ownersstore\LC_Page_Admin_OwnersStore.php(57): LC_Page_Admin_OwnersStore->action
E:\ECCube\eccube-2.13.5\data\class\pages\admin\ownersstore\LC_Page_Admin_OwnersStore.php(98): LC_Page_Admin_OwnersStore->uninstallPlugin
E:\ECCube\eccube-2.13.5\data\class\pages\admin\ownersstore\LC_Page_Admin_OwnersStore.php(700): LC_Page_Admin_OwnersStore->execPlugin
E:\ECCube\eccube-2.13.5\data\class\pages\admin\ownersstore\LC_Page_Admin_OwnersStore.php(910): SC_Plugin_Installer->execPlugin
E:\ECCube\eccube-2.13.5\data\class\plugin\SC_Plugin_Installer.php(54): SC_Plugin_Installer->log
E:\ECCube\eccube-2.13.5\data\class\plugin\SC_Plugin_Installer.php(184): GC_Utils::gfPrintLog
2016/08/15 13:53:03 [/admin/ownersstore/index.php] EbaySellingManager uninstall: end from ::1
login_id = admin(0)[620001kr1rm2mtrusapliq5jf1]
E:\ECCube\eccube-2.13.5\html\admin\ownersstore\index.php(29): LC_Page_Admin_OwnersStore_Ex->process
E:\ECCube\eccube-2.13.5\data\class_extends\page_extends\admin\ownersstore\LC_Page_Admin_OwnersStore_Ex.php(54): LC_Page_Admin_OwnersStore->process
E:\ECCube\eccube-2.13.5\data\class\pages\admin\ownersstore\LC_Page_Admin_OwnersStore.php(57): LC_Page_Admin_OwnersStore->action
E:\ECCube\eccube-2.13.5\data\class\pages\admin\ownersstore\LC_Page_Admin_OwnersStore.php(98): LC_Page_Admin_OwnersStore->uninstallPlugin
E:\ECCube\eccube-2.13.5\data\class\pages\admin\ownersstore\LC_Page_Admin_OwnersStore.php(700): LC_Page_Admin_OwnersStore->execPlugin
E:\ECCube\eccube-2.13.5\data\class\pages\admin\ownersstore\LC_Page_Admin_OwnersStore.php(910): SC_Plugin_Installer->execPlugin
E:\ECCube\eccube-2.13.5\data\class\plugin\SC_Plugin_Installer.php(140): SC_Plugin_Installer->log
E:\ECCube\eccube-2.13.5\data\class\plugin\SC_Plugin_Installer.php(184): GC_Utils::gfPrintLog
2016/08/15 13:53:20 [/admin/ownersstore/index.php] EbaySellingManager install: start from ::1
login_id = admin(0)[620001kr1rm2mtrusapliq5jf1]
E:\ECCube\eccube-2.13.5\html\admin\ownersstore\index.php(29): LC_Page_Admin_OwnersStore_Ex->process
E:\ECCube\eccube-2.13.5\data\class_extends\page_extends\admin\ownersstore\LC_Page_Admin_OwnersStore_Ex.php(54): LC_Page_Admin_OwnersStore->process
E:\ECCube\eccube-2.13.5\data\class\pages\admin\ownersstore\LC_Page_Admin_OwnersStore.php(57): LC_Page_Admin_OwnersStore->action
E:\ECCube\eccube-2.13.5\data\class\pages\admin\ownersstore\LC_Page_Admin_OwnersStore.php(83): LC_Page_Admin_OwnersStore->installPlugin
E:\ECCube\eccube-2.13.5\data\class\pages\admin\ownersstore\LC_Page_Admin_OwnersStore.php(420): LC_Page_Admin_OwnersStore->execPlugin
E:\ECCube\eccube-2.13.5\data\class\pages\admin\ownersstore\LC_Page_Admin_OwnersStore.php(910): SC_Plugin_Installer->execPlugin
E:\ECCube\eccube-2.13.5\data\class\plugin\SC_Plugin_Installer.php(54): SC_Plugin_Installer->log
E:\ECCube\eccube-2.13.5\data\class\plugin\SC_Plugin_Installer.php(184): GC_Utils::gfPrintLog
2016/08/15 13:53:20 [/admin/ownersstore/index.php] EbaySellingManager install: end from ::1
login_id = admin(0)[620001kr1rm2mtrusapliq5jf1]
E:\ECCube\eccube-2.13.5\html\admin\ownersstore\index.php(29): LC_Page_Admin_OwnersStore_Ex->process
E:\ECCube\eccube-2.13.5\data\class_extends\page_extends\admin\ownersstore\LC_Page_Admin_OwnersStore_Ex.php(54): LC_Page_Admin_OwnersStore->process
E:\ECCube\eccube-2.13.5\data\class\pages\admin\ownersstore\LC_Page_Admin_OwnersStore.php(57): LC_Page_Admin_OwnersStore->action
E:\ECCube\eccube-2.13.5\data\class\pages\admin\ownersstore\LC_Page_Admin_OwnersStore.php(83): LC_Page_Admin_OwnersStore->installPlugin
E:\ECCube\eccube-2.13.5\data\class\pages\admin\ownersstore\LC_Page_Admin_OwnersStore.php(420): LC_Page_Admin_OwnersStore->execPlugin
E:\ECCube\eccube-2.13.5\data\class\pages\admin\ownersstore\LC_Page_Admin_OwnersStore.php(910): SC_Plugin_Installer->execPlugin
E:\ECCube\eccube-2.13.5\data\class\plugin\SC_Plugin_Installer.php(140): SC_Plugin_Installer->log
E:\ECCube\eccube-2.13.5\data\class\plugin\SC_Plugin_Installer.php(184): GC_Utils::gfPrintLog
2016/08/15 13:53:26 [/admin/ownersstore/index.php] EbaySellingManager enable: start from ::1
login_id = admin(0)[620001kr1rm2mtrusapliq5jf1]
E:\ECCube\eccube-2.13.5\html\admin\ownersstore\index.php(29): LC_Page_Admin_OwnersStore_Ex->process
E:\ECCube\eccube-2.13.5\data\class_extends\page_extends\admin\ownersstore\LC_Page_Admin_OwnersStore_Ex.php(54): LC_Page_Admin_OwnersStore->process
E:\ECCube\eccube-2.13.5\data\class\pages\admin\ownersstore\LC_Page_Admin_OwnersStore.php(57): LC_Page_Admin_OwnersStore->action
E:\ECCube\eccube-2.13.5\data\class\pages\admin\ownersstore\LC_Page_Admin_OwnersStore.php(116): LC_Page_Admin_OwnersStore->enablePlugin
E:\ECCube\eccube-2.13.5\data\class\pages\admin\ownersstore\LC_Page_Admin_OwnersStore.php(723): LC_Page_Admin_OwnersStore->execPlugin
E:\ECCube\eccube-2.13.5\data\class\pages\admin\ownersstore\LC_Page_Admin_OwnersStore.php(910): SC_Plugin_Installer->execPlugin
E:\ECCube\eccube-2.13.5\data\class\plugin\SC_Plugin_Installer.php(54): SC_Plugin_Installer->log
E:\ECCube\eccube-2.13.5\data\class\plugin\SC_Plugin_Installer.php(184): GC_Utils::gfPrintLog
2016/08/15 13:53:26 [/admin/ownersstore/index.php] EbaySellingManager enable: end from ::1
login_id = admin(0)[620001kr1rm2mtrusapliq5jf1]
E:\ECCube\eccube-2.13.5\html\admin\ownersstore\index.php(29): LC_Page_Admin_OwnersStore_Ex->process
E:\ECCube\eccube-2.13.5\data\class_extends\page_extends\admin\ownersstore\LC_Page_Admin_OwnersStore_Ex.php(54): LC_Page_Admin_OwnersStore->process
E:\ECCube\eccube-2.13.5\data\class\pages\admin\ownersstore\LC_Page_Admin_OwnersStore.php(57): LC_Page_Admin_OwnersStore->action
E:\ECCube\eccube-2.13.5\data\class\pages\admin\ownersstore\LC_Page_Admin_OwnersStore.php(116): LC_Page_Admin_OwnersStore->enablePlugin
E:\ECCube\eccube-2.13.5\data\class\pages\admin\ownersstore\LC_Page_Admin_OwnersStore.php(723): LC_Page_Admin_OwnersStore->execPlugin
E:\ECCube\eccube-2.13.5\data\class\pages\admin\ownersstore\LC_Page_Admin_OwnersStore.php(910): SC_Plugin_Installer->execPlugin
E:\ECCube\eccube-2.13.5\data\class\plugin\SC_Plugin_Installer.php(140): SC_Plugin_Installer->log
E:\ECCube\eccube-2.13.5\data\class\plugin\SC_Plugin_Installer.php(184): GC_Utils::gfPrintLog
2016/08/15 13:53:35 [/admin/ownersstore/index.php] EbaySellingManager disable: start from ::1
login_id = admin(0)[620001kr1rm2mtrusapliq5jf1]
E:\ECCube\eccube-2.13.5\html\admin\ownersstore\index.php(29): LC_Page_Admin_OwnersStore_Ex->process
E:\ECCube\eccube-2.13.5\data\class_extends\page_extends\admin\ownersstore\LC_Page_Admin_OwnersStore_Ex.php(54): LC_Page_Admin_OwnersStore->process
E:\ECCube\eccube-2.13.5\data\class\pages\admin\ownersstore\LC_Page_Admin_OwnersStore.php(57): LC_Page_Admin_OwnersStore->action
E:\ECCube\eccube-2.13.5\data\class\pages\admin\ownersstore\LC_Page_Admin_OwnersStore.php(134): LC_Page_Admin_OwnersStore->disablePlugin
E:\ECCube\eccube-2.13.5\data\class\pages\admin\ownersstore\LC_Page_Admin_OwnersStore.php(750): LC_Page_Admin_OwnersStore->execPlugin
E:\ECCube\eccube-2.13.5\data\class\pages\admin\ownersstore\LC_Page_Admin_OwnersStore.php(910): SC_Plugin_Installer->execPlugin
E:\ECCube\eccube-2.13.5\data\class\plugin\SC_Plugin_Installer.php(54): SC_Plugin_Installer->log
E:\ECCube\eccube-2.13.5\data\class\plugin\SC_Plugin_Installer.php(184): GC_Utils::gfPrintLog
2016/08/15 13:53:35 [/admin/ownersstore/index.php] EbaySellingManager disable: end from ::1
login_id = admin(0)[620001kr1rm2mtrusapliq5jf1]
E:\ECCube\eccube-2.13.5\html\admin\ownersstore\index.php(29): LC_Page_Admin_OwnersStore_Ex->process
E:\ECCube\eccube-2.13.5\data\class_extends\page_extends\admin\ownersstore\LC_Page_Admin_OwnersStore_Ex.php(54): LC_Page_Admin_OwnersStore->process
E:\ECCube\eccube-2.13.5\data\class\pages\admin\ownersstore\LC_Page_Admin_OwnersStore.php(57): LC_Page_Admin_OwnersStore->action
E:\ECCube\eccube-2.13.5\data\class\pages\admin\ownersstore\LC_Page_Admin_OwnersStore.php(134): LC_Page_Admin_OwnersStore->disablePlugin
E:\ECCube\eccube-2.13.5\data\class\pages\admin\ownersstore\LC_Page_Admin_OwnersStore.php(750): LC_Page_Admin_OwnersStore->execPlugin
E:\ECCube\eccube-2.13.5\data\class\pages\admin\ownersstore\LC_Page_Admin_OwnersStore.php(910): SC_Plugin_Installer->execPlugin
E:\ECCube\eccube-2.13.5\data\class\plugin\SC_Plugin_Installer.php(140): SC_Plugin_Installer->log
E:\ECCube\eccube-2.13.5\data\class\plugin\SC_Plugin_Installer.php(184): GC_Utils::gfPrintLog
2016/08/15 13:53:45 [/admin/ownersstore/index.php] EbaySellingManager uninstall: start from ::1
login_id = admin(0)[620001kr1rm2mtrusapliq5jf1]
E:\ECCube\eccube-2.13.5\html\admin\ownersstore\index.php(29): LC_Page_Admin_OwnersStore_Ex->process
E:\ECCube\eccube-2.13.5\data\class_extends\page_extends\admin\ownersstore\LC_Page_Admin_OwnersStore_Ex.php(54): LC_Page_Admin_OwnersStore->process
E:\ECCube\eccube-2.13.5\data\class\pages\admin\ownersstore\LC_Page_Admin_OwnersStore.php(57): LC_Page_Admin_OwnersStore->action
E:\ECCube\eccube-2.13.5\data\class\pages\admin\ownersstore\LC_Page_Admin_OwnersStore.php(98): LC_Page_Admin_OwnersStore->uninstallPlugin
E:\ECCube\eccube-2.13.5\data\class\pages\admin\ownersstore\LC_Page_Admin_OwnersStore.php(700): LC_Page_Admin_OwnersStore->execPlugin
E:\ECCube\eccube-2.13.5\data\class\pages\admin\ownersstore\LC_Page_Admin_OwnersStore.php(910): SC_Plugin_Installer->execPlugin
E:\ECCube\eccube-2.13.5\data\class\plugin\SC_Plugin_Installer.php(54): SC_Plugin_Installer->log
E:\ECCube\eccube-2.13.5\data\class\plugin\SC_Plugin_Installer.php(184): GC_Utils::gfPrintLog
2016/08/15 13:53:45 [/admin/ownersstore/index.php] EbaySellingManager uninstall: end from ::1
login_id = admin(0)[620001kr1rm2mtrusapliq5jf1]
E:\ECCube\eccube-2.13.5\html\admin\ownersstore\index.php(29): LC_Page_Admin_OwnersStore_Ex->process
E:\ECCube\eccube-2.13.5\data\class_extends\page_extends\admin\ownersstore\LC_Page_Admin_OwnersStore_Ex.php(54): LC_Page_Admin_OwnersStore->process
E:\ECCube\eccube-2.13.5\data\class\pages\admin\ownersstore\LC_Page_Admin_OwnersStore.php(57): LC_Page_Admin_OwnersStore->action
E:\ECCube\eccube-2.13.5\data\class\pages\admin\ownersstore\LC_Page_Admin_OwnersStore.php(98): LC_Page_Admin_OwnersStore->uninstallPlugin
E:\ECCube\eccube-2.13.5\data\class\pages\admin\ownersstore\LC_Page_Admin_OwnersStore.php(700): LC_Page_Admin_OwnersStore->execPlugin
E:\ECCube\eccube-2.13.5\data\class\pages\admin\ownersstore\LC_Page_Admin_OwnersStore.php(910): SC_Plugin_Installer->execPlugin
E:\ECCube\eccube-2.13.5\data\class\plugin\SC_Plugin_Installer.php(140): SC_Plugin_Installer->log
E:\ECCube\eccube-2.13.5\data\class\plugin\SC_Plugin_Installer.php(184): GC_Utils::gfPrintLog
